21:56:42    DEBUG          engineer.engine.build     Starting build using configuration file C:\Users\Tyler\Code\engineer\engineer\sample_site\debug.yaml.
21:56:42    DEBUG          engineer.engine.build     Copying static files to output cache.
21:56:42    DEBUG    engineer.util.mirror_folder     Mirroring C:\Users\Tyler\Code\engineer\engineer\static\engineer ==> C:\Users\Tyler\Code\engineer\engineer\sample_site\_cache\debug.yaml\output_cache\static\engineer
21:56:42    DEBUG    engineer.util.mirror_folder     Copying new file C:\Users\Tyler\Code\engineer\engineer\static\engineer\tango.css ==> C:\Users\Tyler\Code\engineer\engineer\sample_site\_cache\debug.yaml\output_cache\static\engineer\tango.css
21:56:42    DEBUG    engineer.util.mirror_folder     Copying new file C:\Users\Tyler\Code\engineer\engineer\static\engineer\emacs.css ==> C:\Users\Tyler\Code\engineer\engineer\sample_site\_cache\debug.yaml\output_cache\static\engineer\emacs.css
21:56:42    DEBUG    engineer.util.mirror_folder     Copying new file C:\Users\Tyler\Code\engineer\engineer\static\engineer\monokai.css ==> C:\Users\Tyler\Code\engineer\engineer\sample_site\_cache\debug.yaml\output_cache\static\engineer\monokai.css
21:56:42    DEBUG    engineer.util.mirror_folder     Copying new file C:\Users\Tyler\Code\engineer\engineer\static\engineer\fruity.css ==> C:\Users\Tyler\Code\engineer\engineer\sample_site\_cache\debug.yaml\output_cache\static\engineer\fruity.css
21:56:42    DEBUG    engineer.util.mirror_folder     Copying new file C:\Users\Tyler\Code\engineer\engineer\static\engineer\murphy.css ==> C:\Users\Tyler\Code\engineer\engineer\sample_site\_cache\debug.yaml\output_cache\static\engineer\murphy.css
21:56:42    DEBUG    engineer.util.mirror_folder     Copying new file C:\Users\Tyler\Code\engineer\engineer\static\engineer\autumn.css ==> C:\Users\Tyler\Code\engineer\engineer\sample_site\_cache\debug.yaml\output_cache\static\engineer\autumn.css
21:56:42    DEBUG    engineer.util.mirror_folder     Copying new file C:\Users\Tyler\Code\engineer\engineer\static\engineer\solarizeddark.css ==> C:\Users\Tyler\Code\engineer\engineer\sample_site\_cache\debug.yaml\output_cache\static\engineer\solarizeddark.css
21:56:42    DEBUG    engineer.util.mirror_folder     Copying new file C:\Users\Tyler\Code\engineer\engineer\static\engineer\manni.css ==> C:\Users\Tyler\Code\engineer\engineer\sample_site\_cache\debug.yaml\output_cache\static\engineer\manni.css
21:56:42    DEBUG    engineer.util.mirror_folder     Copying new file C:\Users\Tyler\Code\engineer\engineer\static\engineer\bw.css ==> C:\Users\Tyler\Code\engineer\engineer\sample_site\_cache\debug.yaml\output_cache\static\engineer\bw.css
21:56:42    DEBUG    engineer.util.mirror_folder     Copying new file C:\Users\Tyler\Code\engineer\engineer\static\engineer\reset.css.less ==> C:\Users\Tyler\Code\engineer\engineer\sample_site\_cache\debug.yaml\output_cache\static\engineer\reset.css.less
21:56:42    DEBUG    engineer.util.mirror_folder     Copying new file C:\Users\Tyler\Code\engineer\engineer\static\engineer\default.css ==> C:\Users\Tyler\Code\engineer\engineer\sample_site\_cache\debug.yaml\output_cache\static\engineer\default.css
21:56:42    DEBUG    engineer.util.mirror_folder     Copying new file C:\Users\Tyler\Code\engineer\engineer\static\engineer\github.css ==> C:\Users\Tyler\Code\engineer\engineer\sample_site\_cache\debug.yaml\output_cache\static\engineer\github.css
21:56:42    DEBUG    engineer.util.mirror_folder     Copying new file C:\Users\Tyler\Code\engineer\engineer\static\engineer\_solarized.less ==> C:\Users\Tyler\Code\engineer\engineer\sample_site\_cache\debug.yaml\output_cache\static\engineer\_solarized.less
21:56:42    DEBUG    engineer.util.mirror_folder     Copying new file C:\Users\Tyler\Code\engineer\engineer\static\engineer\colorful.css ==> C:\Users\Tyler\Code\engineer\engineer\sample_site\_cache\debug.yaml\output_cache\static\engineer\colorful.css
21:56:42    DEBUG    engineer.util.mirror_folder     Copying new file C:\Users\Tyler\Code\engineer\engineer\static\engineer\baseline.less ==> C:\Users\Tyler\Code\engineer\engineer\sample_site\_cache\debug.yaml\output_cache\static\engineer\baseline.less
21:56:42    DEBUG    engineer.util.mirror_folder     Copying new file C:\Users\Tyler\Code\engineer\engineer\static\engineer\perldoc.css ==> C:\Users\Tyler\Code\engineer\engineer\sample_site\_cache\debug.yaml\output_cache\static\engineer\perldoc.css
21:56:42    DEBUG    engineer.util.mirror_folder     Copying new file C:\Users\Tyler\Code\engineer\engineer\static\engineer\friendly.css ==> C:\Users\Tyler\Code\engineer\engineer\sample_site\_cache\debug.yaml\output_cache\static\engineer\friendly.css
21:56:42    DEBUG    engineer.util.mirror_folder     Copying new file C:\Users\Tyler\Code\engineer\engineer\static\engineer\pastie.css ==> C:\Users\Tyler\Code\engineer\engineer\sample_site\_cache\debug.yaml\output_cache\static\engineer\pastie.css
21:56:42    DEBUG    engineer.util.mirror_folder     Copying new file C:\Users\Tyler\Code\engineer\engineer\static\engineer\_base_mixins.less ==> C:\Users\Tyler\Code\engineer\engineer\sample_site\_cache\debug.yaml\output_cache\static\engineer\_base_mixins.less
21:56:42    DEBUG    engineer.util.mirror_folder     Copying new file C:\Users\Tyler\Code\engineer\engineer\static\engineer\trac.css ==> C:\Users\Tyler\Code\engineer\engineer\sample_site\_cache\debug.yaml\output_cache\static\engineer\trac.css
21:56:42    DEBUG    engineer.util.mirror_folder     Copying new file C:\Users\Tyler\Code\engineer\engineer\static\engineer\solarized.css ==> C:\Users\Tyler\Code\engineer\engineer\sample_site\_cache\debug.yaml\output_cache\static\engineer\solarized.css
21:56:42    DEBUG    engineer.util.mirror_folder     Copying new file C:\Users\Tyler\Code\engineer\engineer\static\engineer\vs.css ==> C:\Users\Tyler\Code\engineer\engineer\sample_site\_cache\debug.yaml\output_cache\static\engineer\vs.css
21:56:42    DEBUG    engineer.util.mirror_folder     Copying new file C:\Users\Tyler\Code\engineer\engineer\static\engineer\native.css ==> C:\Users\Tyler\Code\engineer\engineer\sample_site\_cache\debug.yaml\output_cache\static\engineer\native.css
21:56:42    DEBUG    engineer.util.mirror_folder     Copying new file C:\Users\Tyler\Code\engineer\engineer\static\engineer\borland.css ==> C:\Users\Tyler\Code\engineer\engineer\sample_site\_cache\debug.yaml\output_cache\static\engineer\borland.css
21:56:42    DEBUG    engineer.util.mirror_folder     Mirroring C:\Users\Tyler\Code\engineer\engineer\static\engineer\lib\foundation ==> C:\Users\Tyler\Code\engineer\engineer\sample_site\_cache\debug.yaml\output_cache\static\engineer/lib/foundation
21:56:42    DEBUG    engineer.util.mirror_folder     Copying new file C:\Users\Tyler\Code\engineer\engineer\static\engineer\lib\foundation\humans.txt ==> C:\Users\Tyler\Code\engineer\engineer\sample_site\_cache\debug.yaml\output_cache\static\engineer/lib/foundation\humans.txt
21:56:42    DEBUG    engineer.util.mirror_folder     Copying new file C:\Users\Tyler\Code\engineer\engineer\static\engineer\lib\foundation\index.html ==> C:\Users\Tyler\Code\engineer\engineer\sample_site\_cache\debug.yaml\output_cache\static\engineer/lib/foundation\index.html
21:56:42    DEBUG    engineer.util.mirror_folder     Copying new file C:\Users\Tyler\Code\engineer\engineer\static\engineer\lib\foundation\robots.txt ==> C:\Users\Tyler\Code\engineer\engineer\sample_site\_cache\debug.yaml\output_cache\static\engineer/lib/foundation\robots.txt
21:56:42    DEBUG    engineer.util.mirror_folder     Copying new directory C:\Users\Tyler\Code\engineer\engineer\static\engineer\lib\foundation\stylesheets ==> C:\Users\Tyler\Code\engineer\engineer\sample_site\_cache\debug.yaml\output_cache\static\engineer/lib/foundation\stylesheets
21:56:43    DEBUG    engineer.util.mirror_folder     Copying new directory C:\Users\Tyler\Code\engineer\engineer\static\engineer\lib\foundation\images ==> C:\Users\Tyler\Code\engineer\engineer\sample_site\_cache\debug.yaml\output_cache\static\engineer/lib/foundation\images
21:56:43    DEBUG    engineer.util.mirror_folder     Copying new directory C:\Users\Tyler\Code\engineer\engineer\static\engineer\lib\foundation\javascripts ==> C:\Users\Tyler\Code\engineer\engineer\sample_site\_cache\debug.yaml\output_cache\static\engineer/lib/foundation\javascripts
21:56:43    DEBUG          engineer.engine.build     Copied Foundation library files.
21:56:43    DEBUG          engineer.engine.build     Copied LESS CSS files.
21:56:43    DEBUG          engineer.engine.build     Copied jQuery files.
21:56:43    DEBUG    engineer.util.mirror_folder     Mirroring C:\Users\Tyler\Code\engineer\engineer\static\engineer\lib\tweet ==> C:\Users\Tyler\Code\engineer\engineer\sample_site\_cache\debug.yaml\output_cache\static\engineer/lib/tweet
21:56:43    DEBUG    engineer.util.mirror_folder     Copying new file C:\Users\Tyler\Code\engineer\engineer\static\engineer\lib\tweet\README.markdown ==> C:\Users\Tyler\Code\engineer\engineer\sample_site\_cache\debug.yaml\output_cache\static\engineer/lib/tweet\README.markdown
21:56:43    DEBUG    engineer.util.mirror_folder     Copying new directory C:\Users\Tyler\Code\engineer\engineer\static\engineer\lib\tweet\tweet ==> C:\Users\Tyler\Code\engineer\engineer\sample_site\_cache\debug.yaml\output_cache\static\engineer/lib/tweet\tweet
21:56:43    DEBUG    engineer.util.mirror_folder     Copying new file C:\Users\Tyler\Code\engineer\engineer\static\engineer\lib\tweet\.gitignore ==> C:\Users\Tyler\Code\engineer\engineer\sample_site\_cache\debug.yaml\output_cache\static\engineer/lib/tweet\.gitignore
21:56:43    DEBUG    engineer.util.mirror_folder     Copying new file C:\Users\Tyler\Code\engineer\engineer\static\engineer\lib\tweet\.git ==> C:\Users\Tyler\Code\engineer\engineer\sample_site\_cache\debug.yaml\output_cache\static\engineer/lib/tweet\.git
21:56:43    DEBUG    engineer.util.mirror_folder     Copying new file C:\Users\Tyler\Code\engineer\engineer\static\engineer\lib\tweet\LICENSE.txt ==> C:\Users\Tyler\Code\engineer\engineer\sample_site\_cache\debug.yaml\output_cache\static\engineer/lib/tweet\LICENSE.txt
21:56:43    DEBUG    engineer.util.mirror_folder     Copying new file C:\Users\Tyler\Code\engineer\engineer\static\engineer\lib\tweet\config.ru ==> C:\Users\Tyler\Code\engineer\engineer\sample_site\_cache\debug.yaml\output_cache\static\engineer/lib/tweet\config.ru
21:56:43    DEBUG          engineer.engine.build     Copied Tweet files.
21:56:43    DEBUG          engineer.engine.build     Copied static files to /static\engineer\lib\tweet.
21:56:43    DEBUG          engineer.engine.build     Copying theme static files to output cache.
21:56:43    DEBUG    engineer.util.mirror_folder     Mirroring C:\Users\Tyler\Code\engineer\engineer\themes\oleb\static ==> C:\Users\Tyler\Code\engineer\engineer\sample_site\_cache\debug.yaml\output_cache\static\theme
21:56:43    DEBUG    engineer.util.mirror_folder     Copying new directory C:\Users\Tyler\Code\engineer\engineer\themes\oleb\static\stylesheets ==> C:\Users\Tyler\Code\engineer\engineer\sample_site\_cache\debug.yaml\output_cache\static\theme\stylesheets
21:56:43    DEBUG          engineer.engine.build     Copied static files for theme to /static\theme.
21:56:43    DEBUG          engineer.engine.build     Copying additional theme content to output cache.
21:56:43    DEBUG          engineer.engine.build     Copied additional files for theme to /static\theme\images\rss.png.
21:56:43     INFO          engineer.engine.build     Loading posts...
21:56:43    DEBUG                  engineer.conf     Configuring the Jinja environment.
21:56:43     INFO               engineer.loaders     Getting posts from C:\Users\Tyler\Code\engineer\engineer\sample_site\posts.
21:56:43     INFO               engineer.loaders     Getting posts from C:\Users\Tyler\Code\engineer\engineer\sample_site\archives.
21:56:43    DEBUG                  engineer.conf     Caches either don't exist or are old, so creating new ones...
21:56:43     INFO               engineer.loaders     '(d)2012-03-09-a-draft-post.md': FROM CACHE
21:56:43     INFO               engineer.loaders     '(d)2012-03-18-test-post.md': FROM CACHE
21:56:43     INFO               engineer.loaders     '(p)2012-03-07-markdown-tutorial.md': FROM CACHE
21:56:43     INFO               engineer.loaders     '(p)2012-03-08-theme-style-preview.md': FROM CACHE
21:56:43     INFO               engineer.loaders     '(p)2012-03-09-what-s-next.md': FROM CACHE
21:56:43     INFO               engineer.loaders     '(p)2012-03-10-welcome.md': FROM CACHE
21:56:43     INFO               engineer.loaders     '(p)2012-05-05-engineer-documentation.md': FROM CACHE
21:56:43     INFO               engineer.loaders     '(p)2011-11-03-post-from-2011.md': FROM CACHE
21:56:43  CONSOLE               engineer.loaders     Found 0 new posts and loaded 8 from the cache.
21:56:43     INFO          engineer.engine.build     Generating template pages from C:\Users\Tyler\Code\engineer\engineer\sample_site\templates\pages.
