09:46:12    DEBUG          engineer.engine.build     Starting build using configuration file C:\Users\Tyler\Code\engineer\engineer\sample_site\debug.yaml.
09:46:12    DEBUG          engineer.engine.build     Copying static files to output cache.
09:46:12    DEBUG    engineer.util.mirror_folder     Mirroring C:\Users\Tyler\Code\engineer\engineer\static\engineer ==> C:\Users\Tyler\Code\engineer\engineer\sample_site\_cache\debug.yaml\output_cache\static\engineer
09:46:12    DEBUG    engineer.util.mirror_folder     Copying new file C:\Users\Tyler\Code\engineer\engineer\static\engineer\github.css ==> C:\Users\Tyler\Code\engineer\engineer\sample_site\_cache\debug.yaml\output_cache\static\engineer\github.css
09:46:12    DEBUG    engineer.util.mirror_folder     Copying new file C:\Users\Tyler\Code\engineer\engineer\static\engineer\_solarized.less ==> C:\Users\Tyler\Code\engineer\engineer\sample_site\_cache\debug.yaml\output_cache\static\engineer\_solarized.less
09:46:12    DEBUG    engineer.util.mirror_folder     Copying new file C:\Users\Tyler\Code\engineer\engineer\static\engineer\baseline.less ==> C:\Users\Tyler\Code\engineer\engineer\sample_site\_cache\debug.yaml\output_cache\static\engineer\baseline.less
09:46:12    DEBUG    engineer.util.mirror_folder     Copying new file C:\Users\Tyler\Code\engineer\engineer\static\engineer\_base_mixins.less ==> C:\Users\Tyler\Code\engineer\engineer\sample_site\_cache\debug.yaml\output_cache\static\engineer\_base_mixins.less
09:46:12    DEBUG    engineer.util.mirror_folder     Copying new file C:\Users\Tyler\Code\engineer\engineer\static\engineer\solarizeddark.css ==> C:\Users\Tyler\Code\engineer\engineer\sample_site\_cache\debug.yaml\output_cache\static\engineer\solarizeddark.css
09:46:12    DEBUG    engineer.util.mirror_folder     Copying new file C:\Users\Tyler\Code\engineer\engineer\static\engineer\solarized.css ==> C:\Users\Tyler\Code\engineer\engineer\sample_site\_cache\debug.yaml\output_cache\static\engineer\solarized.css
09:46:12    DEBUG    engineer.util.mirror_folder     Copying new file C:\Users\Tyler\Code\engineer\engineer\static\engineer\reset.css.less ==> C:\Users\Tyler\Code\engineer\engineer\sample_site\_cache\debug.yaml\output_cache\static\engineer\reset.css.less
09:46:12    DEBUG    engineer.util.mirror_folder     Mirroring C:\Users\Tyler\Code\engineer\engineer\static\engineer\lib\foundation ==> C:\Users\Tyler\Code\engineer\engineer\sample_site\_cache\debug.yaml\output_cache\static\engineer/lib/foundation
09:46:12    DEBUG    engineer.util.mirror_folder     Copying new file C:\Users\Tyler\Code\engineer\engineer\static\engineer\lib\foundation\humans.txt ==> C:\Users\Tyler\Code\engineer\engineer\sample_site\_cache\debug.yaml\output_cache\static\engineer/lib/foundation\humans.txt
09:46:12    DEBUG    engineer.util.mirror_folder     Copying new file C:\Users\Tyler\Code\engineer\engineer\static\engineer\lib\foundation\index.html ==> C:\Users\Tyler\Code\engineer\engineer\sample_site\_cache\debug.yaml\output_cache\static\engineer/lib/foundation\index.html
09:46:12    DEBUG    engineer.util.mirror_folder     Copying new file C:\Users\Tyler\Code\engineer\engineer\static\engineer\lib\foundation\robots.txt ==> C:\Users\Tyler\Code\engineer\engineer\sample_site\_cache\debug.yaml\output_cache\static\engineer/lib/foundation\robots.txt
09:46:12    DEBUG    engineer.util.mirror_folder     Copying new directory C:\Users\Tyler\Code\engineer\engineer\static\engineer\lib\foundation\stylesheets ==> C:\Users\Tyler\Code\engineer\engineer\sample_site\_cache\debug.yaml\output_cache\static\engineer/lib/foundation\stylesheets
09:46:12    DEBUG    engineer.util.mirror_folder     Copying new directory C:\Users\Tyler\Code\engineer\engineer\static\engineer\lib\foundation\images ==> C:\Users\Tyler\Code\engineer\engineer\sample_site\_cache\debug.yaml\output_cache\static\engineer/lib/foundation\images
09:46:12    DEBUG    engineer.util.mirror_folder     Copying new directory C:\Users\Tyler\Code\engineer\engineer\static\engineer\lib\foundation\javascripts ==> C:\Users\Tyler\Code\engineer\engineer\sample_site\_cache\debug.yaml\output_cache\static\engineer/lib/foundation\javascripts
09:46:12    DEBUG          engineer.engine.build     Copied Foundation library files.
09:46:12    DEBUG          engineer.engine.build     Copied LESS CSS files.
09:46:12    DEBUG          engineer.engine.build     Copied jQuery files.
09:46:12    DEBUG    engineer.util.mirror_folder     Mirroring C:\Users\Tyler\Code\engineer\engineer\static\engineer\lib\tweet ==> C:\Users\Tyler\Code\engineer\engineer\sample_site\_cache\debug.yaml\output_cache\static\engineer/lib/tweet
09:46:12    DEBUG    engineer.util.mirror_folder     Copying new file C:\Users\Tyler\Code\engineer\engineer\static\engineer\lib\tweet\README.markdown ==> C:\Users\Tyler\Code\engineer\engineer\sample_site\_cache\debug.yaml\output_cache\static\engineer/lib/tweet\README.markdown
09:46:12    DEBUG    engineer.util.mirror_folder     Copying new directory C:\Users\Tyler\Code\engineer\engineer\static\engineer\lib\tweet\tweet ==> C:\Users\Tyler\Code\engineer\engineer\sample_site\_cache\debug.yaml\output_cache\static\engineer/lib/tweet\tweet
09:46:12    DEBUG    engineer.util.mirror_folder     Copying new file C:\Users\Tyler\Code\engineer\engineer\static\engineer\lib\tweet\.gitignore ==> C:\Users\Tyler\Code\engineer\engineer\sample_site\_cache\debug.yaml\output_cache\static\engineer/lib/tweet\.gitignore
09:46:12    DEBUG    engineer.util.mirror_folder     Copying new file C:\Users\Tyler\Code\engineer\engineer\static\engineer\lib\tweet\.git ==> C:\Users\Tyler\Code\engineer\engineer\sample_site\_cache\debug.yaml\output_cache\static\engineer/lib/tweet\.git
09:46:12    DEBUG    engineer.util.mirror_folder     Copying new file C:\Users\Tyler\Code\engineer\engineer\static\engineer\lib\tweet\LICENSE.txt ==> C:\Users\Tyler\Code\engineer\engineer\sample_site\_cache\debug.yaml\output_cache\static\engineer/lib/tweet\LICENSE.txt
09:46:12    DEBUG    engineer.util.mirror_folder     Copying new file C:\Users\Tyler\Code\engineer\engineer\static\engineer\lib\tweet\config.ru ==> C:\Users\Tyler\Code\engineer\engineer\sample_site\_cache\debug.yaml\output_cache\static\engineer/lib/tweet\config.ru
09:46:12    DEBUG          engineer.engine.build     Copied Tweet files.
09:46:12    DEBUG          engineer.engine.build     Copied static files to /static\engineer\lib\tweet.
09:46:12    DEBUG          engineer.engine.build     Copying theme static files to output cache.
09:46:12    DEBUG    engineer.util.mirror_folder     Mirroring C:\Users\Tyler\Code\engineer\engineer\themes\oleb\static ==> C:\Users\Tyler\Code\engineer\engineer\sample_site\_cache\debug.yaml\output_cache\static\theme
09:46:12    DEBUG    engineer.util.mirror_folder     Copying new directory C:\Users\Tyler\Code\engineer\engineer\themes\oleb\static\stylesheets ==> C:\Users\Tyler\Code\engineer\engineer\sample_site\_cache\debug.yaml\output_cache\static\theme\stylesheets
09:46:12    DEBUG          engineer.engine.build     Copied static files for theme to /static\theme.
09:46:12     INFO          engineer.engine.build     Loading posts...
09:46:12    DEBUG                  engineer.conf     Configuring the Jinja environment.
09:46:12     INFO               engineer.loaders     Getting posts from C:\Users\Tyler\Code\engineer\engineer\sample_site\posts.
09:46:12     INFO               engineer.loaders     Getting posts from C:\Users\Tyler\Code\engineer\engineer\sample_site\archives.
09:46:12    DEBUG                  engineer.conf     Caches either don't exist or are old, so creating new ones...
09:46:12    DEBUG               engineer.loaders     '(d)2012-03-09-a-draft-post.md': Beginning to parse.
09:46:13    DEBUG               engineer.loaders     '(d)2012-03-09-a-draft-post.md': Parsed successfully.
09:46:13     INFO               engineer.loaders     '(d)2012-03-09-a-draft-post.md': LOADED
09:46:13    DEBUG               engineer.loaders     '(d)2012-03-18-test-post.md': Beginning to parse.
09:46:13    DEBUG               engineer.loaders     '(d)2012-03-18-test-post.md': Parsed successfully.
09:46:13     INFO               engineer.loaders     '(d)2012-03-18-test-post.md': LOADED
09:46:13    DEBUG               engineer.loaders     '(p)2012-03-07-markdown-tutorial.md': Beginning to parse.
09:46:13    DEBUG               engineer.loaders     '(p)2012-03-07-markdown-tutorial.md': Parsed successfully.
09:46:13     INFO               engineer.loaders     '(p)2012-03-07-markdown-tutorial.md': LOADED
09:46:13    DEBUG               engineer.loaders     '(p)2012-03-08-theme-style-preview.md': Beginning to parse.
09:46:13    DEBUG               engineer.loaders     '(p)2012-03-08-theme-style-preview.md': Parsed successfully.
09:46:13     INFO               engineer.loaders     '(p)2012-03-08-theme-style-preview.md': LOADED
09:46:13    DEBUG               engineer.loaders     '(p)2012-03-09-what-s-next.md': Beginning to parse.
09:46:13    DEBUG               engineer.loaders     '(p)2012-03-09-what-s-next.md': Parsed successfully.
09:46:13     INFO               engineer.loaders     '(p)2012-03-09-what-s-next.md': LOADED
09:46:13    DEBUG               engineer.loaders     '(p)2012-03-10-welcome.md': Beginning to parse.
09:46:13    DEBUG               engineer.loaders     '(p)2012-03-10-welcome.md': Parsed successfully.
09:46:13     INFO               engineer.loaders     '(p)2012-03-10-welcome.md': LOADED
09:46:13    DEBUG               engineer.loaders     '(p)2012-05-05-engineer-documentation.md': Beginning to parse.
09:46:13    DEBUG               engineer.loaders     '(p)2012-05-05-engineer-documentation.md': Parsed successfully.
09:46:13     INFO               engineer.loaders     '(p)2012-05-05-engineer-documentation.md': LOADED
09:46:13    DEBUG               engineer.loaders     '(p)2011-11-03-post-from-2011.md': Beginning to parse.
09:46:13    DEBUG               engineer.loaders     '(p)2011-11-03-post-from-2011.md': Parsed successfully.
09:46:13     INFO               engineer.loaders     '(p)2011-11-03-post-from-2011.md': LOADED
09:46:13  CONSOLE               engineer.loaders     Found 8 new posts and loaded 0 from the cache.
09:46:13     INFO          engineer.engine.build     Generating template pages from C:\Users\Tyler\Code\engineer\engineer\sample_site\templates\pages.
09:46:13    DEBUG          engineer.engine.build     Output template page /about\index.html.
09:46:13    DEBUG          engineer.engine.build     Output template page /themes\index.html.
09:46:13     INFO          engineer.engine.build     Generated 2 template pages.
09:46:13  CONSOLE          engineer.engine.build     Output new or modified post 'Engineer Documentation'.
09:46:13  CONSOLE          engineer.engine.build     Output new or modified post 'Welcome'.
09:46:13  CONSOLE          engineer.engine.build     Output new or modified post 'What's Next?'.
09:46:13  CONSOLE          engineer.engine.build     Output new or modified post 'Theme Style Preview'.
09:46:13  CONSOLE          engineer.engine.build     Output new or modified post 'Markdown Tutorial'.
09:46:13  CONSOLE          engineer.engine.build     Output new or modified post 'Post from 2011'.
09:46:13    DEBUG          engineer.engine.build     Output rollup page /page\1\index.html.
09:46:13    DEBUG          engineer.engine.build     Output 'C:\Users\Tyler\Code\engineer\engineer\sample_site\_cache\debug.yaml\output_cache\index.html'.
09:46:13    DEBUG          engineer.engine.build     Output rollup page /page\2\index.html.
09:46:13    DEBUG          engineer.engine.build     Output /archives\index.html.
09:46:13    DEBUG          engineer.engine.build     Output /tag\themes\index.html.
09:46:13    DEBUG          engineer.engine.build     Output /tag\markdown\index.html.
09:46:13    DEBUG          engineer.engine.build     Output /tag\features\index.html.
09:46:13    DEBUG          engineer.engine.build     Output /tag\sample\index.html.
09:46:13    DEBUG          engineer.engine.build     Output /tag\primer\index.html.
09:46:13    DEBUG          engineer.engine.build     Output /tag\preview\index.html.
09:46:13    DEBUG          engineer.engine.build     Output /tag\example\index.html.
09:46:13    DEBUG          engineer.engine.build     Output /feeds\rss.xml.
09:46:13    DEBUG          engineer.engine.build     Output /sitemap.xml.gz.
09:46:13    DEBUG          engineer.engine.build     Found pre-compressed file in cache: /static\engineer\lib\foundation\javascripts\foundation.js.
09:46:13    DEBUG          engineer.engine.build     Found pre-compressed file in cache: /static\engineer\lib\foundation\stylesheets\mobile.css.
09:46:13    DEBUG          engineer.engine.build     Compressed /static\engineer\github.css.
09:46:13    DEBUG          engineer.engine.build     Found pre-compressed file in cache: /static\engineer\lib\tweet\tweet\jquery.tweet.js.
09:46:13    DEBUG          engineer.engine.build     Found pre-compressed file in cache: /static\engineer\lib\foundation\stylesheets\grid.css.
09:46:13    DEBUG          engineer.engine.build     Synchronizing output directory with output cache.
09:46:13    DEBUG    engineer.util.mirror_folder     Mirroring C:\Users\Tyler\Code\engineer\engineer\sample_site\_cache\debug.yaml\output_cache ==> C:\Users\Tyler\Code\engineer\engineer\sample_site\output
09:46:13    DEBUG    engineer.util.mirror_folder     Copying new file C:\Users\Tyler\Code\engineer\engineer\sample_site\_cache\debug.yaml\output_cache\sitemap.xml.gz ==> C:\Users\Tyler\Code\engineer\engineer\sample_site\output\sitemap.xml.gz
09:46:13    DEBUG    engineer.util.mirror_folder     Overwriting existing file C:\Users\Tyler\Code\engineer\engineer\sample_site\_cache\debug.yaml\output_cache\index.html ==> C:\Users\Tyler\Code\engineer\engineer\sample_site\output\index.html
09:46:13    DEBUG    engineer.util.mirror_folder     Mirroring C:\Users\Tyler\Code\engineer\engineer\sample_site\_cache\debug.yaml\output_cache\about ==> C:\Users\Tyler\Code\engineer\engineer\sample_site\output\about
09:46:13    DEBUG    engineer.util.mirror_folder     Overwriting existing file C:\Users\Tyler\Code\engineer\engineer\sample_site\_cache\debug.yaml\output_cache\about\index.html ==> C:\Users\Tyler\Code\engineer\engineer\sample_site\output\about\index.html
09:46:13    DEBUG    engineer.util.mirror_folder     Mirroring C:\Users\Tyler\Code\engineer\engineer\sample_site\_cache\debug.yaml\output_cache\themes ==> C:\Users\Tyler\Code\engineer\engineer\sample_site\output\themes
09:46:13    DEBUG    engineer.util.mirror_folder     Overwriting existing file C:\Users\Tyler\Code\engineer\engineer\sample_site\_cache\debug.yaml\output_cache\themes\index.html ==> C:\Users\Tyler\Code\engineer\engineer\sample_site\output\themes\index.html
09:46:13    DEBUG    engineer.util.mirror_folder     Mirroring C:\Users\Tyler\Code\engineer\engineer\sample_site\_cache\debug.yaml\output_cache\tag ==> C:\Users\Tyler\Code\engineer\engineer\sample_site\output\tag
09:46:13    DEBUG    engineer.util.mirror_folder     Mirroring C:\Users\Tyler\Code\engineer\engineer\sample_site\_cache\debug.yaml\output_cache\tag\themes ==> C:\Users\Tyler\Code\engineer\engineer\sample_site\output\tag\themes
09:46:13    DEBUG    engineer.util.mirror_folder     Overwriting existing file C:\Users\Tyler\Code\engineer\engineer\sample_site\_cache\debug.yaml\output_cache\tag\themes\index.html ==> C:\Users\Tyler\Code\engineer\engineer\sample_site\output\tag\themes\index.html
09:46:13    DEBUG    engineer.util.mirror_folder     Mirroring C:\Users\Tyler\Code\engineer\engineer\sample_site\_cache\debug.yaml\output_cache\tag\preview ==> C:\Users\Tyler\Code\engineer\engineer\sample_site\output\tag\preview
09:46:13    DEBUG    engineer.util.mirror_folder     Overwriting existing file C:\Users\Tyler\Code\engineer\engineer\sample_site\_cache\debug.yaml\output_cache\tag\preview\index.html ==> C:\Users\Tyler\Code\engineer\engineer\sample_site\output\tag\preview\index.html
09:46:13    DEBUG    engineer.util.mirror_folder     Mirroring C:\Users\Tyler\Code\engineer\engineer\sample_site\_cache\debug.yaml\output_cache\tag\features ==> C:\Users\Tyler\Code\engineer\engineer\sample_site\output\tag\features
09:46:13    DEBUG    engineer.util.mirror_folder     Overwriting existing file C:\Users\Tyler\Code\engineer\engineer\sample_site\_cache\debug.yaml\output_cache\tag\features\index.html ==> C:\Users\Tyler\Code\engineer\engineer\sample_site\output\tag\features\index.html
09:46:13    DEBUG    engineer.util.mirror_folder     Mirroring C:\Users\Tyler\Code\engineer\engineer\sample_site\_cache\debug.yaml\output_cache\tag\sample ==> C:\Users\Tyler\Code\engineer\engineer\sample_site\output\tag\sample
09:46:13    DEBUG    engineer.util.mirror_folder     Overwriting existing file C:\Users\Tyler\Code\engineer\engineer\sample_site\_cache\debug.yaml\output_cache\tag\sample\index.html ==> C:\Users\Tyler\Code\engineer\engineer\sample_site\output\tag\sample\index.html
09:46:13    DEBUG    engineer.util.mirror_folder     Mirroring C:\Users\Tyler\Code\engineer\engineer\sample_site\_cache\debug.yaml\output_cache\tag\markdown ==> C:\Users\Tyler\Code\engineer\engineer\sample_site\output\tag\markdown
09:46:13    DEBUG    engineer.util.mirror_folder     Overwriting existing file C:\Users\Tyler\Code\engineer\engineer\sample_site\_cache\debug.yaml\output_cache\tag\markdown\index.html ==> C:\Users\Tyler\Code\engineer\engineer\sample_site\output\tag\markdown\index.html
09:46:13    DEBUG    engineer.util.mirror_folder     Mirroring C:\Users\Tyler\Code\engineer\engineer\sample_site\_cache\debug.yaml\output_cache\tag\primer ==> C:\Users\Tyler\Code\engineer\engineer\sample_site\output\tag\primer
09:46:13    DEBUG    engineer.util.mirror_folder     Overwriting existing file C:\Users\Tyler\Code\engineer\engineer\sample_site\_cache\debug.yaml\output_cache\tag\primer\index.html ==> C:\Users\Tyler\Code\engineer\engineer\sample_site\output\tag\primer\index.html
09:46:13    DEBUG    engineer.util.mirror_folder     Mirroring C:\Users\Tyler\Code\engineer\engineer\sample_site\_cache\debug.yaml\output_cache\tag\example ==> C:\Users\Tyler\Code\engineer\engineer\sample_site\output\tag\example
09:46:13    DEBUG    engineer.util.mirror_folder     Overwriting existing file C:\Users\Tyler\Code\engineer\engineer\sample_site\_cache\debug.yaml\output_cache\tag\example\index.html ==> C:\Users\Tyler\Code\engineer\engineer\sample_site\output\tag\example\index.html
09:46:13    DEBUG    engineer.util.mirror_folder     Mirroring C:\Users\Tyler\Code\engineer\engineer\sample_site\_cache\debug.yaml\output_cache\static ==> C:\Users\Tyler\Code\engineer\engineer\sample_site\output\static
09:46:13    DEBUG    engineer.util.mirror_folder     Mirroring C:\Users\Tyler\Code\engineer\engineer\sample_site\_cache\debug.yaml\output_cache\static\theme ==> C:\Users\Tyler\Code\engineer\engineer\sample_site\output\static\theme
09:46:13    DEBUG    engineer.util.mirror_folder     Mirroring C:\Users\Tyler\Code\engineer\engineer\sample_site\_cache\debug.yaml\output_cache\static\theme\stylesheets ==> C:\Users\Tyler\Code\engineer\engineer\sample_site\output\static\theme\stylesheets
09:46:13    DEBUG    engineer.util.mirror_folder     C:\Users\Tyler\Code\engineer\engineer\sample_site\output\static\theme\stylesheets\oleb.css ==> Deleted - doesn't exist in source
09:46:13    DEBUG    engineer.util.mirror_folder     Copying new file C:\Users\Tyler\Code\engineer\engineer\sample_site\_cache\debug.yaml\output_cache\static\theme\stylesheets\oleb.less ==> C:\Users\Tyler\Code\engineer\engineer\sample_site\output\static\theme\stylesheets\oleb.less
09:46:13    DEBUG    engineer.util.mirror_folder     Copying new file C:\Users\Tyler\Code\engineer\engineer\sample_site\_cache\debug.yaml\output_cache\static\theme\stylesheets\_element_styles.less ==> C:\Users\Tyler\Code\engineer\engineer\sample_site\output\static\theme\stylesheets\_element_styles.less
09:46:13    DEBUG    engineer.util.mirror_folder     Copying new file C:\Users\Tyler\Code\engineer\engineer\sample_site\_cache\debug.yaml\output_cache\static\theme\stylesheets\_colors.less ==> C:\Users\Tyler\Code\engineer\engineer\sample_site\output\static\theme\stylesheets\_colors.less
09:46:13    DEBUG    engineer.util.mirror_folder     Copying new file C:\Users\Tyler\Code\engineer\engineer\sample_site\_cache\debug.yaml\output_cache\static\theme\stylesheets\_typography.less ==> C:\Users\Tyler\Code\engineer\engineer\sample_site\output\static\theme\stylesheets\_typography.less
09:46:13    DEBUG    engineer.util.mirror_folder     Mirroring C:\Users\Tyler\Code\engineer\engineer\sample_site\_cache\debug.yaml\output_cache\static\engineer ==> C:\Users\Tyler\Code\engineer\engineer\sample_site\output\static\engineer
09:46:13    DEBUG    engineer.util.mirror_folder     Copying new file C:\Users\Tyler\Code\engineer\engineer\sample_site\_cache\debug.yaml\output_cache\static\engineer\_solarized.less ==> C:\Users\Tyler\Code\engineer\engineer\sample_site\output\static\engineer\_solarized.less
09:46:13    DEBUG    engineer.util.mirror_folder     Copying new file C:\Users\Tyler\Code\engineer\engineer\sample_site\_cache\debug.yaml\output_cache\static\engineer\baseline.less ==> C:\Users\Tyler\Code\engineer\engineer\sample_site\output\static\engineer\baseline.less
09:46:13    DEBUG    engineer.util.mirror_folder     Copying new file C:\Users\Tyler\Code\engineer\engineer\sample_site\_cache\debug.yaml\output_cache\static\engineer\_base_mixins.less ==> C:\Users\Tyler\Code\engineer\engineer\sample_site\output\static\engineer\_base_mixins.less
09:46:13    DEBUG    engineer.util.mirror_folder     Copying new file C:\Users\Tyler\Code\engineer\engineer\sample_site\_cache\debug.yaml\output_cache\static\engineer\reset.css.less ==> C:\Users\Tyler\Code\engineer\engineer\sample_site\output\static\engineer\reset.css.less
09:46:13    DEBUG    engineer.util.mirror_folder     Overwriting existing file C:\Users\Tyler\Code\engineer\engineer\sample_site\_cache\debug.yaml\output_cache\static\engineer\github.css ==> C:\Users\Tyler\Code\engineer\engineer\sample_site\output\static\engineer\github.css
09:46:13    DEBUG    engineer.util.mirror_folder     Mirroring C:\Users\Tyler\Code\engineer\engineer\sample_site\_cache\debug.yaml\output_cache\static\engineer\lib ==> C:\Users\Tyler\Code\engineer\engineer\sample_site\output\static\engineer\lib
09:46:13    DEBUG    engineer.util.mirror_folder     C:\Users\Tyler\Code\engineer\engineer\sample_site\output\static\engineer\lib\less-1.1.5.min.js ==> Deleted - doesn't exist in source
09:46:13    DEBUG    engineer.util.mirror_folder     C:\Users\Tyler\Code\engineer\engineer\sample_site\output\static\engineer\lib\modernizr-2.0.6.min.js ==> Deleted - doesn't exist in source
09:46:13    DEBUG    engineer.util.mirror_folder     C:\Users\Tyler\Code\engineer\engineer\sample_site\output\static\engineer\lib\jquery-1.6.2.min.js ==> Deleted - doesn't exist in source
09:46:13    DEBUG    engineer.util.mirror_folder     Copying new file C:\Users\Tyler\Code\engineer\engineer\sample_site\_cache\debug.yaml\output_cache\static\engineer\lib\jquery-1.7.1.min.js ==> C:\Users\Tyler\Code\engineer\engineer\sample_site\output\static\engineer\lib\jquery-1.7.1.min.js
09:46:13    DEBUG    engineer.util.mirror_folder     Copying new file C:\Users\Tyler\Code\engineer\engineer\sample_site\_cache\debug.yaml\output_cache\static\engineer\lib\less-1.3.0.min.js ==> C:\Users\Tyler\Code\engineer\engineer\sample_site\output\static\engineer\lib\less-1.3.0.min.js
09:46:13    DEBUG    engineer.util.mirror_folder     Mirroring C:\Users\Tyler\Code\engineer\engineer\sample_site\_cache\debug.yaml\output_cache\static\engineer\lib\foundation ==> C:\Users\Tyler\Code\engineer\engineer\sample_site\output\static\engineer\lib\foundation
09:46:13    DEBUG    engineer.util.mirror_folder     Overwriting existing file C:\Users\Tyler\Code\engineer\engineer\sample_site\_cache\debug.yaml\output_cache\static\engineer\lib\foundation\humans.txt ==> C:\Users\Tyler\Code\engineer\engineer\sample_site\output\static\engineer\lib\foundation\humans.txt
09:46:13    DEBUG    engineer.util.mirror_folder     Overwriting existing file C:\Users\Tyler\Code\engineer\engineer\sample_site\_cache\debug.yaml\output_cache\static\engineer\lib\foundation\robots.txt ==> C:\Users\Tyler\Code\engineer\engineer\sample_site\output\static\engineer\lib\foundation\robots.txt
09:46:13    DEBUG    engineer.util.mirror_folder     Mirroring C:\Users\Tyler\Code\engineer\engineer\sample_site\_cache\debug.yaml\output_cache\static\engineer\lib\foundation\stylesheets ==> C:\Users\Tyler\Code\engineer\engineer\sample_site\output\static\engineer\lib\foundation\stylesheets
09:46:13    DEBUG    engineer.util.mirror_folder     Mirroring C:\Users\Tyler\Code\engineer\engineer\sample_site\_cache\debug.yaml\output_cache\static\engineer\lib\foundation\images ==> C:\Users\Tyler\Code\engineer\engineer\sample_site\output\static\engineer\lib\foundation\images
09:46:13    DEBUG    engineer.util.mirror_folder     Mirroring C:\Users\Tyler\Code\engineer\engineer\sample_site\_cache\debug.yaml\output_cache\static\engineer\lib\foundation\images\misc ==> C:\Users\Tyler\Code\engineer\engineer\sample_site\output\static\engineer\lib\foundation\images\misc
09:46:13    DEBUG    engineer.util.mirror_folder     Mirroring C:\Users\Tyler\Code\engineer\engineer\sample_site\_cache\debug.yaml\output_cache\static\engineer\lib\foundation\images\orbit ==> C:\Users\Tyler\Code\engineer\engineer\sample_site\output\static\engineer\lib\foundation\images\orbit
09:46:13    DEBUG    engineer.util.mirror_folder     Mirroring C:\Users\Tyler\Code\engineer\engineer\sample_site\_cache\debug.yaml\output_cache\static\engineer\lib\foundation\javascripts ==> C:\Users\Tyler\Code\engineer\engineer\sample_site\output\static\engineer\lib\foundation\javascripts
09:46:13    DEBUG    engineer.util.mirror_folder     Mirroring C:\Users\Tyler\Code\engineer\engineer\sample_site\_cache\debug.yaml\output_cache\static\engineer\lib\tweet ==> C:\Users\Tyler\Code\engineer\engineer\sample_site\output\static\engineer\lib\tweet
09:46:13    DEBUG    engineer.util.mirror_folder     Mirroring C:\Users\Tyler\Code\engineer\engineer\sample_site\_cache\debug.yaml\output_cache\static\engineer\lib\tweet\tweet ==> C:\Users\Tyler\Code\engineer\engineer\sample_site\output\static\engineer\lib\tweet\tweet
09:46:13    DEBUG    engineer.util.mirror_folder     Mirroring C:\Users\Tyler\Code\engineer\engineer\sample_site\_cache\debug.yaml\output_cache\archives ==> C:\Users\Tyler\Code\engineer\engineer\sample_site\output\archives
09:46:13    DEBUG    engineer.util.mirror_folder     Overwriting existing file C:\Users\Tyler\Code\engineer\engineer\sample_site\_cache\debug.yaml\output_cache\archives\index.html ==> C:\Users\Tyler\Code\engineer\engineer\sample_site\output\archives\index.html
09:46:13    DEBUG    engineer.util.mirror_folder     Mirroring C:\Users\Tyler\Code\engineer\engineer\sample_site\_cache\debug.yaml\output_cache\feeds ==> C:\Users\Tyler\Code\engineer\engineer\sample_site\output\feeds
09:46:13    DEBUG    engineer.util.mirror_folder     Overwriting existing file C:\Users\Tyler\Code\engineer\engineer\sample_site\_cache\debug.yaml\output_cache\feeds\rss.xml ==> C:\Users\Tyler\Code\engineer\engineer\sample_site\output\feeds\rss.xml
09:46:13    DEBUG    engineer.util.mirror_folder     Mirroring C:\Users\Tyler\Code\engineer\engineer\sample_site\_cache\debug.yaml\output_cache\2011 ==> C:\Users\Tyler\Code\engineer\engineer\sample_site\output\2011
09:46:13    DEBUG    engineer.util.mirror_folder     Mirroring C:\Users\Tyler\Code\engineer\engineer\sample_site\_cache\debug.yaml\output_cache\2011\11 ==> C:\Users\Tyler\Code\engineer\engineer\sample_site\output\2011\11
09:46:13    DEBUG    engineer.util.mirror_folder     Mirroring C:\Users\Tyler\Code\engineer\engineer\sample_site\_cache\debug.yaml\output_cache\2011\11\03 ==> C:\Users\Tyler\Code\engineer\engineer\sample_site\output\2011\11\03
09:46:13    DEBUG    engineer.util.mirror_folder     Mirroring C:\Users\Tyler\Code\engineer\engineer\sample_site\_cache\debug.yaml\output_cache\2011\11\03\post-from-2011 ==> C:\Users\Tyler\Code\engineer\engineer\sample_site\output\2011\11\03\post-from-2011
09:46:13    DEBUG    engineer.util.mirror_folder     Overwriting existing file C:\Users\Tyler\Code\engineer\engineer\sample_site\_cache\debug.yaml\output_cache\2011\11\03\post-from-2011\index.html ==> C:\Users\Tyler\Code\engineer\engineer\sample_site\output\2011\11\03\post-from-2011\index.html
09:46:13    DEBUG    engineer.util.mirror_folder     Mirroring C:\Users\Tyler\Code\engineer\engineer\sample_site\_cache\debug.yaml\output_cache\page ==> C:\Users\Tyler\Code\engineer\engineer\sample_site\output\page
09:46:13    DEBUG    engineer.util.mirror_folder     Mirroring C:\Users\Tyler\Code\engineer\engineer\sample_site\_cache\debug.yaml\output_cache\page\1 ==> C:\Users\Tyler\Code\engineer\engineer\sample_site\output\page\1
09:46:13    DEBUG    engineer.util.mirror_folder     Overwriting existing file C:\Users\Tyler\Code\engineer\engineer\sample_site\_cache\debug.yaml\output_cache\page\1\index.html ==> C:\Users\Tyler\Code\engineer\engineer\sample_site\output\page\1\index.html
09:46:13    DEBUG    engineer.util.mirror_folder     Mirroring C:\Users\Tyler\Code\engineer\engineer\sample_site\_cache\debug.yaml\output_cache\page\2 ==> C:\Users\Tyler\Code\engineer\engineer\sample_site\output\page\2
09:46:13    DEBUG    engineer.util.mirror_folder     Overwriting existing file C:\Users\Tyler\Code\engineer\engineer\sample_site\_cache\debug.yaml\output_cache\page\2\index.html ==> C:\Users\Tyler\Code\engineer\engineer\sample_site\output\page\2\index.html
09:46:13    DEBUG    engineer.util.mirror_folder     Mirroring C:\Users\Tyler\Code\engineer\engineer\sample_site\_cache\debug.yaml\output_cache\2012 ==> C:\Users\Tyler\Code\engineer\engineer\sample_site\output\2012
09:46:13    DEBUG    engineer.util.mirror_folder     Mirroring C:\Users\Tyler\Code\engineer\engineer\sample_site\_cache\debug.yaml\output_cache\2012\03 ==> C:\Users\Tyler\Code\engineer\engineer\sample_site\output\2012\03
09:46:13    DEBUG    engineer.util.mirror_folder     Mirroring C:\Users\Tyler\Code\engineer\engineer\sample_site\_cache\debug.yaml\output_cache\2012\03\10 ==> C:\Users\Tyler\Code\engineer\engineer\sample_site\output\2012\03\10
09:46:13    DEBUG    engineer.util.mirror_folder     Mirroring C:\Users\Tyler\Code\engineer\engineer\sample_site\_cache\debug.yaml\output_cache\2012\03\10\welcome ==> C:\Users\Tyler\Code\engineer\engineer\sample_site\output\2012\03\10\welcome
09:46:13    DEBUG    engineer.util.mirror_folder     Overwriting existing file C:\Users\Tyler\Code\engineer\engineer\sample_site\_cache\debug.yaml\output_cache\2012\03\10\welcome\index.html ==> C:\Users\Tyler\Code\engineer\engineer\sample_site\output\2012\03\10\welcome\index.html
09:46:13    DEBUG    engineer.util.mirror_folder     Mirroring C:\Users\Tyler\Code\engineer\engineer\sample_site\_cache\debug.yaml\output_cache\2012\03\08 ==> C:\Users\Tyler\Code\engineer\engineer\sample_site\output\2012\03\08
09:46:13    DEBUG    engineer.util.mirror_folder     Mirroring C:\Users\Tyler\Code\engineer\engineer\sample_site\_cache\debug.yaml\output_cache\2012\03\08\theme-style-preview ==> C:\Users\Tyler\Code\engineer\engineer\sample_site\output\2012\03\08\theme-style-preview
09:46:13    DEBUG    engineer.util.mirror_folder     Overwriting existing file C:\Users\Tyler\Code\engineer\engineer\sample_site\_cache\debug.yaml\output_cache\2012\03\08\theme-style-preview\index.html ==> C:\Users\Tyler\Code\engineer\engineer\sample_site\output\2012\03\08\theme-style-preview\index.html
09:46:13    DEBUG    engineer.util.mirror_folder     Mirroring C:\Users\Tyler\Code\engineer\engineer\sample_site\_cache\debug.yaml\output_cache\2012\03\09 ==> C:\Users\Tyler\Code\engineer\engineer\sample_site\output\2012\03\09
09:46:13    DEBUG    engineer.util.mirror_folder     Mirroring C:\Users\Tyler\Code\engineer\engineer\sample_site\_cache\debug.yaml\output_cache\2012\03\09\what-s-next ==> C:\Users\Tyler\Code\engineer\engineer\sample_site\output\2012\03\09\what-s-next
09:46:13    DEBUG    engineer.util.mirror_folder     Overwriting existing file C:\Users\Tyler\Code\engineer\engineer\sample_site\_cache\debug.yaml\output_cache\2012\03\09\what-s-next\index.html ==> C:\Users\Tyler\Code\engineer\engineer\sample_site\output\2012\03\09\what-s-next\index.html
09:46:13    DEBUG    engineer.util.mirror_folder     Mirroring C:\Users\Tyler\Code\engineer\engineer\sample_site\_cache\debug.yaml\output_cache\2012\03\07 ==> C:\Users\Tyler\Code\engineer\engineer\sample_site\output\2012\03\07
09:46:13    DEBUG    engineer.util.mirror_folder     Mirroring C:\Users\Tyler\Code\engineer\engineer\sample_site\_cache\debug.yaml\output_cache\2012\03\07\markdown-tutorial ==> C:\Users\Tyler\Code\engineer\engineer\sample_site\output\2012\03\07\markdown-tutorial
09:46:13    DEBUG    engineer.util.mirror_folder     Overwriting existing file C:\Users\Tyler\Code\engineer\engineer\sample_site\_cache\debug.yaml\output_cache\2012\03\07\markdown-tutorial\index.html ==> C:\Users\Tyler\Code\engineer\engineer\sample_site\output\2012\03\07\markdown-tutorial\index.html
09:46:13    DEBUG    engineer.util.mirror_folder     Mirroring C:\Users\Tyler\Code\engineer\engineer\sample_site\_cache\debug.yaml\output_cache\2012\05 ==> C:\Users\Tyler\Code\engineer\engineer\sample_site\output\2012\05
09:46:13    DEBUG    engineer.util.mirror_folder     Mirroring C:\Users\Tyler\Code\engineer\engineer\sample_site\_cache\debug.yaml\output_cache\2012\05\05 ==> C:\Users\Tyler\Code\engineer\engineer\sample_site\output\2012\05\05
09:46:13    DEBUG    engineer.util.mirror_folder     Mirroring C:\Users\Tyler\Code\engineer\engineer\sample_site\_cache\debug.yaml\output_cache\2012\05\05\engineer-documentation ==> C:\Users\Tyler\Code\engineer\engineer\sample_site\output\2012\05\05\engineer-documentation
09:46:13    DEBUG    engineer.util.mirror_folder     Overwriting existing file C:\Users\Tyler\Code\engineer\engineer\sample_site\_cache\debug.yaml\output_cache\2012\05\05\engineer-documentation\index.html ==> C:\Users\Tyler\Code\engineer\engineer\sample_site\output\2012\05\05\engineer-documentation\index.html
09:46:13    DEBUG          engineer.engine.build     Folder mirroring report: {'deleted': set([path(u'C:\\Users\\Tyler\\Code\\engineer\\engineer\\sample_site\\output\\static\\engineer\\lib\\jquery-1.6.2.min.js'),
                 path(u'C:\\Users\\Tyler\\Code\\engineer\\engineer\\sample_site\\output\\static\\engineer\\lib\\less-1.1.5.min.js'),
                 path(u'C:\\Users\\Tyler\\Code\\engineer\\engineer\\sample_site\\output\\static\\engineer\\lib\\modernizr-2.0.6.min.js'),
                 path(u'C:\\Users\\Tyler\\Code\\engineer\\engineer\\sample_site\\output\\static\\theme\\stylesheets\\oleb.css')]),
 'new': set([path(u'C:\\Users\\Tyler\\Code\\engineer\\engineer\\sample_site\\output\\sitemap.xml.gz'),
             path(u'C:\\Users\\Tyler\\Code\\engineer\\engineer\\sample_site\\output\\static\\engineer\\_base_mixins.less'),
             path(u'C:\\Users\\Tyler\\Code\\engineer\\engineer\\sample_site\\output\\static\\engineer\\_solarized.less'),
             path(u'C:\\Users\\Tyler\\Code\\engineer\\engineer\\sample_site\\output\\static\\engineer\\baseline.less'),
             path(u'C:\\Users\\Tyler\\Code\\engineer\\engineer\\sample_site\\output\\static\\engineer\\lib\\jquery-1.7.1.min.js'),
             path(u'C:\\Users\\Tyler\\Code\\engineer\\engineer\\sample_site\\output\\static\\engineer\\lib\\less-1.3.0.min.js'),
             path(u'C:\\Users\\Tyler\\Code\\engineer\\engineer\\sample_site\\output\\static\\engineer\\reset.css.less'),
             path(u'C:\\Users\\Tyler\\Code\\engineer\\engineer\\sample_site\\output\\static\\theme\\stylesheets\\_colors.less'),
             path(u'C:\\Users\\Tyler\\Code\\engineer\\engineer\\sample_site\\output\\static\\theme\\stylesheets\\_element_styles.less'),
             path(u'C:\\Users\\Tyler\\Code\\engineer\\engineer\\sample_site\\output\\static\\theme\\stylesheets\\_typography.less'),
             path(u'C:\\Users\\Tyler\\Code\\engineer\\engineer\\sample_site\\output\\static\\theme\\stylesheets\\oleb.less')]),
 'overwritten': set([path(u'C:\\Users\\Tyler\\Code\\engineer\\engineer\\sample_site\\output\\2011\\11\\03\\post-from-2011\\index.html'),
                     path(u'C:\\Users\\Tyler\\Code\\engineer\\engineer\\sample_site\\output\\2012\\03\\07\\markdown-tutorial\\index.html'),
                     path(u'C:\\Users\\Tyler\\Code\\engineer\\engineer\\sample_site\\output\\2012\\03\\08\\theme-style-preview\\index.html'),
                     path(u'C:\\Users\\Tyler\\Code\\engineer\\engineer\\sample_site\\output\\2012\\03\\09\\what-s-next\\index.html'),
                     path(u'C:\\Users\\Tyler\\Code\\engineer\\engineer\\sample_site\\output\\2012\\03\\10\\welcome\\index.html'),
                     path(u'C:\\Users\\Tyler\\Code\\engineer\\engineer\\sample_site\\output\\2012\\05\\05\\engineer-documentation\\index.html'),
                     path(u'C:\\Users\\Tyler\\Code\\engineer\\engineer\\sample_site\\output\\about\\index.html'),
                     path(u'C:\\Users\\Tyler\\Code\\engineer\\engineer\\sample_site\\output\\archives\\index.html'),
                     path(u'C:\\Users\\Tyler\\Code\\engineer\\engineer\\sample_site\\output\\feeds\\rss.xml'),
                     path(u'C:\\Users\\Tyler\\Code\\engineer\\engineer\\sample_site\\output\\index.html'),
                     path(u'C:\\Users\\Tyler\\Code\\engineer\\engineer\\sample_site\\output\\page\\1\\index.html'),
                     path(u'C:\\Users\\Tyler\\Code\\engineer\\engineer\\sample_site\\output\\page\\2\\index.html'),
                     path(u'C:\\Users\\Tyler\\Code\\engineer\\engineer\\sample_site\\output\\static\\engineer\\github.css'),
                     path(u'C:\\Users\\Tyler\\Code\\engineer\\engineer\\sample_site\\output\\static\\engineer\\lib\\foundation\\humans.txt'),
                     path(u'C:\\Users\\Tyler\\Code\\engineer\\engineer\\sample_site\\output\\static\\engineer\\lib\\foundation\\robots.txt'),
                     path(u'C:\\Users\\Tyler\\Code\\engineer\\engineer\\sample_site\\output\\tag\\example\\index.html'),
                     path(u'C:\\Users\\Tyler\\Code\\engineer\\engineer\\sample_site\\output\\tag\\features\\index.html'),
                     path(u'C:\\Users\\Tyler\\Code\\engineer\\engineer\\sample_site\\output\\tag\\markdown\\index.html'),
                     path(u'C:\\Users\\Tyler\\Code\\engineer\\engineer\\sample_site\\output\\tag\\preview\\index.html'),
                     path(u'C:\\Users\\Tyler\\Code\\engineer\\engineer\\sample_site\\output\\tag\\primer\\index.html'),
                     path(u'C:\\Users\\Tyler\\Code\\engineer\\engineer\\sample_site\\output\\tag\\sample\\index.html'),
                     path(u'C:\\Users\\Tyler\\Code\\engineer\\engineer\\sample_site\\output\\tag\\themes\\index.html'),
                     path(u'C:\\Users\\Tyler\\Code\\engineer\\engineer\\sample_site\\output\\themes\\index.html')])}
09:46:13  CONSOLE          engineer.engine.build     
09:46:13  CONSOLE          engineer.engine.build     Site: 'Engineer Site' output to C:\Users\Tyler\Code\engineer\engineer\sample_site\output.
09:46:13  CONSOLE          engineer.engine.build     Posts: 6 (6 new or updated)
09:46:13  CONSOLE          engineer.engine.build     Post rollup pages: 2 (5 posts per page)
09:46:13  CONSOLE          engineer.engine.build     Template pages: 2
09:46:13  CONSOLE          engineer.engine.build     Tag pages: 7
09:46:13  CONSOLE          engineer.engine.build     11 new items, 23 modified items, and 4 deleted items.
09:46:13  CONSOLE          engineer.engine.build     
09:46:13  CONSOLE          engineer.engine.build     Full build log at C:\Users\Tyler\Code\engineer\engineer\sample_site\logs\10.16_09.46.12-debug.yaml.log.
