09:47:24    DEBUG          engineer.engine.build     Starting build using configuration file C:\Users\Tyler\Code\engineer\engineer\sample_site\debug.yaml.
09:47:25    DEBUG          engineer.engine.build     Copying static files to output cache.
09:47:25    DEBUG    engineer.util.mirror_folder     Mirroring C:\Users\Tyler\Code\engineer\engineer\static\engineer ==> C:\Users\Tyler\Code\engineer\engineer\sample_site\_cache\debug.yaml\output_cache\static\engineer
09:47:25    DEBUG    engineer.util.mirror_folder     Copying new file C:\Users\Tyler\Code\engineer\engineer\static\engineer\github.css ==> C:\Users\Tyler\Code\engineer\engineer\sample_site\_cache\debug.yaml\output_cache\static\engineer\github.css
09:47:25    DEBUG    engineer.util.mirror_folder     Copying new file C:\Users\Tyler\Code\engineer\engineer\static\engineer\_solarized.less ==> C:\Users\Tyler\Code\engineer\engineer\sample_site\_cache\debug.yaml\output_cache\static\engineer\_solarized.less
09:47:25    DEBUG    engineer.util.mirror_folder     Copying new file C:\Users\Tyler\Code\engineer\engineer\static\engineer\baseline.less ==> C:\Users\Tyler\Code\engineer\engineer\sample_site\_cache\debug.yaml\output_cache\static\engineer\baseline.less
09:47:25    DEBUG    engineer.util.mirror_folder     Copying new file C:\Users\Tyler\Code\engineer\engineer\static\engineer\_base_mixins.less ==> C:\Users\Tyler\Code\engineer\engineer\sample_site\_cache\debug.yaml\output_cache\static\engineer\_base_mixins.less
09:47:25    DEBUG    engineer.util.mirror_folder     Copying new file C:\Users\Tyler\Code\engineer\engineer\static\engineer\solarizeddark.css ==> C:\Users\Tyler\Code\engineer\engineer\sample_site\_cache\debug.yaml\output_cache\static\engineer\solarizeddark.css
09:47:25    DEBUG    engineer.util.mirror_folder     Copying new file C:\Users\Tyler\Code\engineer\engineer\static\engineer\solarized.css ==> C:\Users\Tyler\Code\engineer\engineer\sample_site\_cache\debug.yaml\output_cache\static\engineer\solarized.css
09:47:25    DEBUG    engineer.util.mirror_folder     Copying new file C:\Users\Tyler\Code\engineer\engineer\static\engineer\reset.css.less ==> C:\Users\Tyler\Code\engineer\engineer\sample_site\_cache\debug.yaml\output_cache\static\engineer\reset.css.less
09:47:25    DEBUG    engineer.util.mirror_folder     Mirroring C:\Users\Tyler\Code\engineer\engineer\static\engineer\lib\foundation ==> C:\Users\Tyler\Code\engineer\engineer\sample_site\_cache\debug.yaml\output_cache\static\engineer/lib/foundation
09:47:25    DEBUG    engineer.util.mirror_folder     Copying new file C:\Users\Tyler\Code\engineer\engineer\static\engineer\lib\foundation\humans.txt ==> C:\Users\Tyler\Code\engineer\engineer\sample_site\_cache\debug.yaml\output_cache\static\engineer/lib/foundation\humans.txt
09:47:25    DEBUG    engineer.util.mirror_folder     Copying new file C:\Users\Tyler\Code\engineer\engineer\static\engineer\lib\foundation\index.html ==> C:\Users\Tyler\Code\engineer\engineer\sample_site\_cache\debug.yaml\output_cache\static\engineer/lib/foundation\index.html
09:47:25    DEBUG    engineer.util.mirror_folder     Copying new file C:\Users\Tyler\Code\engineer\engineer\static\engineer\lib\foundation\robots.txt ==> C:\Users\Tyler\Code\engineer\engineer\sample_site\_cache\debug.yaml\output_cache\static\engineer/lib/foundation\robots.txt
09:47:25    DEBUG    engineer.util.mirror_folder     Copying new directory C:\Users\Tyler\Code\engineer\engineer\static\engineer\lib\foundation\stylesheets ==> C:\Users\Tyler\Code\engineer\engineer\sample_site\_cache\debug.yaml\output_cache\static\engineer/lib/foundation\stylesheets
09:47:25    DEBUG    engineer.util.mirror_folder     Copying new directory C:\Users\Tyler\Code\engineer\engineer\static\engineer\lib\foundation\images ==> C:\Users\Tyler\Code\engineer\engineer\sample_site\_cache\debug.yaml\output_cache\static\engineer/lib/foundation\images
09:47:25    DEBUG    engineer.util.mirror_folder     Copying new directory C:\Users\Tyler\Code\engineer\engineer\static\engineer\lib\foundation\javascripts ==> C:\Users\Tyler\Code\engineer\engineer\sample_site\_cache\debug.yaml\output_cache\static\engineer/lib/foundation\javascripts
09:47:25    DEBUG          engineer.engine.build     Copied Foundation library files.
09:47:25    DEBUG          engineer.engine.build     Copied LESS CSS files.
09:47:25    DEBUG          engineer.engine.build     Copied jQuery files.
09:47:25    DEBUG    engineer.util.mirror_folder     Mirroring C:\Users\Tyler\Code\engineer\engineer\static\engineer\lib\tweet ==> C:\Users\Tyler\Code\engineer\engineer\sample_site\_cache\debug.yaml\output_cache\static\engineer/lib/tweet
09:47:25    DEBUG    engineer.util.mirror_folder     Copying new file C:\Users\Tyler\Code\engineer\engineer\static\engineer\lib\tweet\README.markdown ==> C:\Users\Tyler\Code\engineer\engineer\sample_site\_cache\debug.yaml\output_cache\static\engineer/lib/tweet\README.markdown
09:47:25    DEBUG    engineer.util.mirror_folder     Copying new directory C:\Users\Tyler\Code\engineer\engineer\static\engineer\lib\tweet\tweet ==> C:\Users\Tyler\Code\engineer\engineer\sample_site\_cache\debug.yaml\output_cache\static\engineer/lib/tweet\tweet
09:47:25    DEBUG    engineer.util.mirror_folder     Copying new file C:\Users\Tyler\Code\engineer\engineer\static\engineer\lib\tweet\.gitignore ==> C:\Users\Tyler\Code\engineer\engineer\sample_site\_cache\debug.yaml\output_cache\static\engineer/lib/tweet\.gitignore
09:47:25    DEBUG    engineer.util.mirror_folder     Copying new file C:\Users\Tyler\Code\engineer\engineer\static\engineer\lib\tweet\.git ==> C:\Users\Tyler\Code\engineer\engineer\sample_site\_cache\debug.yaml\output_cache\static\engineer/lib/tweet\.git
09:47:25    DEBUG    engineer.util.mirror_folder     Copying new file C:\Users\Tyler\Code\engineer\engineer\static\engineer\lib\tweet\LICENSE.txt ==> C:\Users\Tyler\Code\engineer\engineer\sample_site\_cache\debug.yaml\output_cache\static\engineer/lib/tweet\LICENSE.txt
09:47:25    DEBUG    engineer.util.mirror_folder     Copying new file C:\Users\Tyler\Code\engineer\engineer\static\engineer\lib\tweet\config.ru ==> C:\Users\Tyler\Code\engineer\engineer\sample_site\_cache\debug.yaml\output_cache\static\engineer/lib/tweet\config.ru
09:47:25    DEBUG          engineer.engine.build     Copied Tweet files.
09:47:25    DEBUG          engineer.engine.build     Copied static files to /static\engineer\lib\tweet.
09:47:25    DEBUG          engineer.engine.build     Copying theme static files to output cache.
09:47:25    DEBUG    engineer.util.mirror_folder     Mirroring C:\Users\Tyler\Code\engineer\engineer\themes\oleb\static ==> C:\Users\Tyler\Code\engineer\engineer\sample_site\_cache\debug.yaml\output_cache\static\theme
09:47:25    DEBUG    engineer.util.mirror_folder     Copying new directory C:\Users\Tyler\Code\engineer\engineer\themes\oleb\static\stylesheets ==> C:\Users\Tyler\Code\engineer\engineer\sample_site\_cache\debug.yaml\output_cache\static\theme\stylesheets
09:47:25    DEBUG          engineer.engine.build     Copied static files for theme to /static\theme.
09:47:25     INFO          engineer.engine.build     Loading posts...
09:47:25    DEBUG                  engineer.conf     Configuring the Jinja environment.
09:47:25     INFO               engineer.loaders     Getting posts from C:\Users\Tyler\Code\engineer\engineer\sample_site\posts.
09:47:25     INFO               engineer.loaders     Getting posts from C:\Users\Tyler\Code\engineer\engineer\sample_site\archives.
09:47:25     INFO               engineer.loaders     '(d)2012-03-09-a-draft-post.md': FROM CACHE
09:47:25     INFO               engineer.loaders     '(d)2012-03-18-test-post.md': FROM CACHE
09:47:25     INFO               engineer.loaders     '(p)2012-03-07-markdown-tutorial.md': FROM CACHE
09:47:25     INFO               engineer.loaders     '(p)2012-03-08-theme-style-preview.md': FROM CACHE
09:47:25     INFO               engineer.loaders     '(p)2012-03-09-what-s-next.md': FROM CACHE
09:47:25     INFO               engineer.loaders     '(p)2012-03-10-welcome.md': FROM CACHE
09:47:25     INFO               engineer.loaders     '(p)2012-05-05-engineer-documentation.md': FROM CACHE
09:47:25     INFO               engineer.loaders     '(p)2011-11-03-post-from-2011.md': FROM CACHE
09:47:25  CONSOLE               engineer.loaders     Found 0 new posts and loaded 8 from the cache.
09:47:25     INFO          engineer.engine.build     Generating template pages from C:\Users\Tyler\Code\engineer\engineer\sample_site\templates\pages.
09:47:25    DEBUG          engineer.engine.build     Output template page /about\index.html.
09:47:25    DEBUG          engineer.engine.build     Output template page /themes\index.html.
09:47:25     INFO          engineer.engine.build     Generated 2 template pages.
09:47:25    DEBUG          engineer.engine.build     Output rollup page /page\1\index.html.
09:47:25    DEBUG          engineer.engine.build     Output 'C:\Users\Tyler\Code\engineer\engineer\sample_site\_cache\debug.yaml\output_cache\index.html'.
09:47:25    DEBUG          engineer.engine.build     Output rollup page /page\2\index.html.
09:47:25    DEBUG          engineer.engine.build     Output /archives\index.html.
09:47:25    DEBUG          engineer.engine.build     Output /tag\themes\index.html.
09:47:25    DEBUG          engineer.engine.build     Output /tag\markdown\index.html.
09:47:25    DEBUG          engineer.engine.build     Output /tag\features\index.html.
09:47:25    DEBUG          engineer.engine.build     Output /tag\sample\index.html.
09:47:25    DEBUG          engineer.engine.build     Output /tag\primer\index.html.
09:47:25    DEBUG          engineer.engine.build     Output /tag\preview\index.html.
09:47:25    DEBUG          engineer.engine.build     Output /tag\example\index.html.
09:47:25    DEBUG          engineer.engine.build     Output /feeds\rss.xml.
09:47:25    DEBUG          engineer.engine.build     Output /sitemap.xml.gz.
09:47:25    DEBUG          engineer.engine.build     Found pre-compressed file in cache: /static\engineer\lib\foundation\javascripts\foundation.js.
09:47:25    DEBUG          engineer.engine.build     Found pre-compressed file in cache: /static\engineer\lib\foundation\stylesheets\mobile.css.
09:47:25    DEBUG          engineer.engine.build     Found pre-compressed file in cache: /static\engineer\github.css.
09:47:25    DEBUG          engineer.engine.build     Found pre-compressed file in cache: /static\engineer\lib\tweet\tweet\jquery.tweet.js.
09:47:25    DEBUG          engineer.engine.build     Found pre-compressed file in cache: /static\engineer\lib\foundation\stylesheets\grid.css.
09:47:25    DEBUG          engineer.engine.build     Synchronizing output directory with output cache.
09:47:25    DEBUG    engineer.util.mirror_folder     Mirroring C:\Users\Tyler\Code\engineer\engineer\sample_site\_cache\debug.yaml\output_cache ==> C:\Users\Tyler\Code\engineer\engineer\sample_site\output
09:47:25    DEBUG    engineer.util.mirror_folder     Overwriting existing file C:\Users\Tyler\Code\engineer\engineer\sample_site\_cache\debug.yaml\output_cache\sitemap.xml.gz ==> C:\Users\Tyler\Code\engineer\engineer\sample_site\output\sitemap.xml.gz
09:47:25    DEBUG    engineer.util.mirror_folder     Mirroring C:\Users\Tyler\Code\engineer\engineer\sample_site\_cache\debug.yaml\output_cache\about ==> C:\Users\Tyler\Code\engineer\engineer\sample_site\output\about
09:47:25    DEBUG    engineer.util.mirror_folder     Mirroring C:\Users\Tyler\Code\engineer\engineer\sample_site\_cache\debug.yaml\output_cache\themes ==> C:\Users\Tyler\Code\engineer\engineer\sample_site\output\themes
09:47:25    DEBUG    engineer.util.mirror_folder     Mirroring C:\Users\Tyler\Code\engineer\engineer\sample_site\_cache\debug.yaml\output_cache\tag ==> C:\Users\Tyler\Code\engineer\engineer\sample_site\output\tag
09:47:25    DEBUG    engineer.util.mirror_folder     Mirroring C:\Users\Tyler\Code\engineer\engineer\sample_site\_cache\debug.yaml\output_cache\tag\themes ==> C:\Users\Tyler\Code\engineer\engineer\sample_site\output\tag\themes
09:47:25    DEBUG    engineer.util.mirror_folder     Mirroring C:\Users\Tyler\Code\engineer\engineer\sample_site\_cache\debug.yaml\output_cache\tag\preview ==> C:\Users\Tyler\Code\engineer\engineer\sample_site\output\tag\preview
09:47:25    DEBUG    engineer.util.mirror_folder     Mirroring C:\Users\Tyler\Code\engineer\engineer\sample_site\_cache\debug.yaml\output_cache\tag\features ==> C:\Users\Tyler\Code\engineer\engineer\sample_site\output\tag\features
09:47:25    DEBUG    engineer.util.mirror_folder     Mirroring C:\Users\Tyler\Code\engineer\engineer\sample_site\_cache\debug.yaml\output_cache\tag\sample ==> C:\Users\Tyler\Code\engineer\engineer\sample_site\output\tag\sample
09:47:25    DEBUG    engineer.util.mirror_folder     Mirroring C:\Users\Tyler\Code\engineer\engineer\sample_site\_cache\debug.yaml\output_cache\tag\markdown ==> C:\Users\Tyler\Code\engineer\engineer\sample_site\output\tag\markdown
09:47:25    DEBUG    engineer.util.mirror_folder     Mirroring C:\Users\Tyler\Code\engineer\engineer\sample_site\_cache\debug.yaml\output_cache\tag\primer ==> C:\Users\Tyler\Code\engineer\engineer\sample_site\output\tag\primer
09:47:25    DEBUG    engineer.util.mirror_folder     Mirroring C:\Users\Tyler\Code\engineer\engineer\sample_site\_cache\debug.yaml\output_cache\tag\example ==> C:\Users\Tyler\Code\engineer\engineer\sample_site\output\tag\example
09:47:25    DEBUG    engineer.util.mirror_folder     Mirroring C:\Users\Tyler\Code\engineer\engineer\sample_site\_cache\debug.yaml\output_cache\static ==> C:\Users\Tyler\Code\engineer\engineer\sample_site\output\static
09:47:25    DEBUG    engineer.util.mirror_folder     Mirroring C:\Users\Tyler\Code\engineer\engineer\sample_site\_cache\debug.yaml\output_cache\static\theme ==> C:\Users\Tyler\Code\engineer\engineer\sample_site\output\static\theme
09:47:25    DEBUG    engineer.util.mirror_folder     Mirroring C:\Users\Tyler\Code\engineer\engineer\sample_site\_cache\debug.yaml\output_cache\static\theme\stylesheets ==> C:\Users\Tyler\Code\engineer\engineer\sample_site\output\static\theme\stylesheets
09:47:25    DEBUG    engineer.util.mirror_folder     Mirroring C:\Users\Tyler\Code\engineer\engineer\sample_site\_cache\debug.yaml\output_cache\static\engineer ==> C:\Users\Tyler\Code\engineer\engineer\sample_site\output\static\engineer
09:47:25    DEBUG    engineer.util.mirror_folder     Mirroring C:\Users\Tyler\Code\engineer\engineer\sample_site\_cache\debug.yaml\output_cache\static\engineer\lib ==> C:\Users\Tyler\Code\engineer\engineer\sample_site\output\static\engineer\lib
09:47:25    DEBUG    engineer.util.mirror_folder     Mirroring C:\Users\Tyler\Code\engineer\engineer\sample_site\_cache\debug.yaml\output_cache\static\engineer\lib\foundation ==> C:\Users\Tyler\Code\engineer\engineer\sample_site\output\static\engineer\lib\foundation
09:47:25    DEBUG    engineer.util.mirror_folder     Mirroring C:\Users\Tyler\Code\engineer\engineer\sample_site\_cache\debug.yaml\output_cache\static\engineer\lib\foundation\stylesheets ==> C:\Users\Tyler\Code\engineer\engineer\sample_site\output\static\engineer\lib\foundation\stylesheets
09:47:25    DEBUG    engineer.util.mirror_folder     Mirroring C:\Users\Tyler\Code\engineer\engineer\sample_site\_cache\debug.yaml\output_cache\static\engineer\lib\foundation\images ==> C:\Users\Tyler\Code\engineer\engineer\sample_site\output\static\engineer\lib\foundation\images
09:47:25    DEBUG    engineer.util.mirror_folder     Mirroring C:\Users\Tyler\Code\engineer\engineer\sample_site\_cache\debug.yaml\output_cache\static\engineer\lib\foundation\images\misc ==> C:\Users\Tyler\Code\engineer\engineer\sample_site\output\static\engineer\lib\foundation\images\misc
09:47:25    DEBUG    engineer.util.mirror_folder     Mirroring C:\Users\Tyler\Code\engineer\engineer\sample_site\_cache\debug.yaml\output_cache\static\engineer\lib\foundation\images\orbit ==> C:\Users\Tyler\Code\engineer\engineer\sample_site\output\static\engineer\lib\foundation\images\orbit
09:47:25    DEBUG    engineer.util.mirror_folder     Mirroring C:\Users\Tyler\Code\engineer\engineer\sample_site\_cache\debug.yaml\output_cache\static\engineer\lib\foundation\javascripts ==> C:\Users\Tyler\Code\engineer\engineer\sample_site\output\static\engineer\lib\foundation\javascripts
09:47:25    DEBUG    engineer.util.mirror_folder     Mirroring C:\Users\Tyler\Code\engineer\engineer\sample_site\_cache\debug.yaml\output_cache\static\engineer\lib\tweet ==> C:\Users\Tyler\Code\engineer\engineer\sample_site\output\static\engineer\lib\tweet
09:47:25    DEBUG    engineer.util.mirror_folder     Mirroring C:\Users\Tyler\Code\engineer\engineer\sample_site\_cache\debug.yaml\output_cache\static\engineer\lib\tweet\tweet ==> C:\Users\Tyler\Code\engineer\engineer\sample_site\output\static\engineer\lib\tweet\tweet
09:47:25    DEBUG    engineer.util.mirror_folder     Mirroring C:\Users\Tyler\Code\engineer\engineer\sample_site\_cache\debug.yaml\output_cache\archives ==> C:\Users\Tyler\Code\engineer\engineer\sample_site\output\archives
09:47:25    DEBUG    engineer.util.mirror_folder     Mirroring C:\Users\Tyler\Code\engineer\engineer\sample_site\_cache\debug.yaml\output_cache\feeds ==> C:\Users\Tyler\Code\engineer\engineer\sample_site\output\feeds
09:47:25    DEBUG    engineer.util.mirror_folder     Mirroring C:\Users\Tyler\Code\engineer\engineer\sample_site\_cache\debug.yaml\output_cache\2011 ==> C:\Users\Tyler\Code\engineer\engineer\sample_site\output\2011
09:47:25    DEBUG    engineer.util.mirror_folder     Mirroring C:\Users\Tyler\Code\engineer\engineer\sample_site\_cache\debug.yaml\output_cache\2011\11 ==> C:\Users\Tyler\Code\engineer\engineer\sample_site\output\2011\11
09:47:25    DEBUG    engineer.util.mirror_folder     Mirroring C:\Users\Tyler\Code\engineer\engineer\sample_site\_cache\debug.yaml\output_cache\2011\11\03 ==> C:\Users\Tyler\Code\engineer\engineer\sample_site\output\2011\11\03
09:47:25    DEBUG    engineer.util.mirror_folder     Mirroring C:\Users\Tyler\Code\engineer\engineer\sample_site\_cache\debug.yaml\output_cache\2011\11\03\post-from-2011 ==> C:\Users\Tyler\Code\engineer\engineer\sample_site\output\2011\11\03\post-from-2011
09:47:25    DEBUG    engineer.util.mirror_folder     Mirroring C:\Users\Tyler\Code\engineer\engineer\sample_site\_cache\debug.yaml\output_cache\page ==> C:\Users\Tyler\Code\engineer\engineer\sample_site\output\page
09:47:25    DEBUG    engineer.util.mirror_folder     Mirroring C:\Users\Tyler\Code\engineer\engineer\sample_site\_cache\debug.yaml\output_cache\page\1 ==> C:\Users\Tyler\Code\engineer\engineer\sample_site\output\page\1
09:47:25    DEBUG    engineer.util.mirror_folder     Mirroring C:\Users\Tyler\Code\engineer\engineer\sample_site\_cache\debug.yaml\output_cache\page\2 ==> C:\Users\Tyler\Code\engineer\engineer\sample_site\output\page\2
09:47:25    DEBUG    engineer.util.mirror_folder     Mirroring C:\Users\Tyler\Code\engineer\engineer\sample_site\_cache\debug.yaml\output_cache\2012 ==> C:\Users\Tyler\Code\engineer\engineer\sample_site\output\2012
09:47:25    DEBUG    engineer.util.mirror_folder     Mirroring C:\Users\Tyler\Code\engineer\engineer\sample_site\_cache\debug.yaml\output_cache\2012\03 ==> C:\Users\Tyler\Code\engineer\engineer\sample_site\output\2012\03
09:47:25    DEBUG    engineer.util.mirror_folder     Mirroring C:\Users\Tyler\Code\engineer\engineer\sample_site\_cache\debug.yaml\output_cache\2012\03\10 ==> C:\Users\Tyler\Code\engineer\engineer\sample_site\output\2012\03\10
09:47:25    DEBUG    engineer.util.mirror_folder     Mirroring C:\Users\Tyler\Code\engineer\engineer\sample_site\_cache\debug.yaml\output_cache\2012\03\10\welcome ==> C:\Users\Tyler\Code\engineer\engineer\sample_site\output\2012\03\10\welcome
09:47:25    DEBUG    engineer.util.mirror_folder     Mirroring C:\Users\Tyler\Code\engineer\engineer\sample_site\_cache\debug.yaml\output_cache\2012\03\08 ==> C:\Users\Tyler\Code\engineer\engineer\sample_site\output\2012\03\08
09:47:25    DEBUG    engineer.util.mirror_folder     Mirroring C:\Users\Tyler\Code\engineer\engineer\sample_site\_cache\debug.yaml\output_cache\2012\03\08\theme-style-preview ==> C:\Users\Tyler\Code\engineer\engineer\sample_site\output\2012\03\08\theme-style-preview
09:47:25    DEBUG    engineer.util.mirror_folder     Mirroring C:\Users\Tyler\Code\engineer\engineer\sample_site\_cache\debug.yaml\output_cache\2012\03\09 ==> C:\Users\Tyler\Code\engineer\engineer\sample_site\output\2012\03\09
09:47:25    DEBUG    engineer.util.mirror_folder     Mirroring C:\Users\Tyler\Code\engineer\engineer\sample_site\_cache\debug.yaml\output_cache\2012\03\09\what-s-next ==> C:\Users\Tyler\Code\engineer\engineer\sample_site\output\2012\03\09\what-s-next
09:47:25    DEBUG    engineer.util.mirror_folder     Mirroring C:\Users\Tyler\Code\engineer\engineer\sample_site\_cache\debug.yaml\output_cache\2012\03\07 ==> C:\Users\Tyler\Code\engineer\engineer\sample_site\output\2012\03\07
09:47:25    DEBUG    engineer.util.mirror_folder     Mirroring C:\Users\Tyler\Code\engineer\engineer\sample_site\_cache\debug.yaml\output_cache\2012\03\07\markdown-tutorial ==> C:\Users\Tyler\Code\engineer\engineer\sample_site\output\2012\03\07\markdown-tutorial
09:47:25    DEBUG    engineer.util.mirror_folder     Mirroring C:\Users\Tyler\Code\engineer\engineer\sample_site\_cache\debug.yaml\output_cache\2012\05 ==> C:\Users\Tyler\Code\engineer\engineer\sample_site\output\2012\05
09:47:25    DEBUG    engineer.util.mirror_folder     Mirroring C:\Users\Tyler\Code\engineer\engineer\sample_site\_cache\debug.yaml\output_cache\2012\05\05 ==> C:\Users\Tyler\Code\engineer\engineer\sample_site\output\2012\05\05
09:47:25    DEBUG    engineer.util.mirror_folder     Mirroring C:\Users\Tyler\Code\engineer\engineer\sample_site\_cache\debug.yaml\output_cache\2012\05\05\engineer-documentation ==> C:\Users\Tyler\Code\engineer\engineer\sample_site\output\2012\05\05\engineer-documentation
09:47:25    DEBUG          engineer.engine.build     Folder mirroring report: {'deleted': set(),
 'new': set(),
 'overwritten': set([path(u'C:\\Users\\Tyler\\Code\\engineer\\engineer\\sample_site\\output\\sitemap.xml.gz')])}
09:47:25  CONSOLE          engineer.engine.build     
09:47:25  CONSOLE          engineer.engine.build     Site: 'Engineer Site' output to C:\Users\Tyler\Code\engineer\engineer\sample_site\output.
09:47:25  CONSOLE          engineer.engine.build     Posts: 6 (0 new or updated)
09:47:25  CONSOLE          engineer.engine.build     Post rollup pages: 2 (5 posts per page)
09:47:25  CONSOLE          engineer.engine.build     Template pages: 2
09:47:25  CONSOLE          engineer.engine.build     Tag pages: 7
09:47:25  CONSOLE          engineer.engine.build     0 new items, 1 modified items, and 0 deleted items.
09:47:25  CONSOLE          engineer.engine.build     
09:47:25  CONSOLE          engineer.engine.build     Full build log at C:\Users\Tyler\Code\engineer\engineer\sample_site\logs\10.16_09.47.24-debug.yaml.log.
