12:46:29    DEBUG engineer.commands.bundled.BuildCommand     Starting build using configuration file C:\Users\Tyler\Code\engineer\engineer\sample_site\config.yaml.
12:46:29    DEBUG engineer.commands.bundled.BuildCommand     Copying static files to output cache.
12:46:29    DEBUG    engineer.util.mirror_folder     Mirroring C:\Users\Tyler\Code\engineer\engineer\static\engineer ==> C:\Users\Tyler\Code\engineer\engineer\sample_site\_cache\config.yaml\output_cache\static\engineer
12:46:29    DEBUG    engineer.util.mirror_folder     Copying new file C:\Users\Tyler\Code\engineer\engineer\static\engineer\tango.css ==> C:\Users\Tyler\Code\engineer\engineer\sample_site\_cache\config.yaml\output_cache\static\engineer\tango.css
12:46:29    DEBUG    engineer.util.mirror_folder     Copying new file C:\Users\Tyler\Code\engineer\engineer\static\engineer\emacs.css ==> C:\Users\Tyler\Code\engineer\engineer\sample_site\_cache\config.yaml\output_cache\static\engineer\emacs.css
12:46:29    DEBUG    engineer.util.mirror_folder     Copying new file C:\Users\Tyler\Code\engineer\engineer\static\engineer\monokai.css ==> C:\Users\Tyler\Code\engineer\engineer\sample_site\_cache\config.yaml\output_cache\static\engineer\monokai.css
12:46:29    DEBUG    engineer.util.mirror_folder     Copying new file C:\Users\Tyler\Code\engineer\engineer\static\engineer\fruity.css ==> C:\Users\Tyler\Code\engineer\engineer\sample_site\_cache\config.yaml\output_cache\static\engineer\fruity.css
12:46:29    DEBUG    engineer.util.mirror_folder     Copying new file C:\Users\Tyler\Code\engineer\engineer\static\engineer\murphy.css ==> C:\Users\Tyler\Code\engineer\engineer\sample_site\_cache\config.yaml\output_cache\static\engineer\murphy.css
12:46:29    DEBUG    engineer.util.mirror_folder     Copying new file C:\Users\Tyler\Code\engineer\engineer\static\engineer\autumn.css ==> C:\Users\Tyler\Code\engineer\engineer\sample_site\_cache\config.yaml\output_cache\static\engineer\autumn.css
12:46:29    DEBUG    engineer.util.mirror_folder     Copying new file C:\Users\Tyler\Code\engineer\engineer\static\engineer\solarizeddark.css ==> C:\Users\Tyler\Code\engineer\engineer\sample_site\_cache\config.yaml\output_cache\static\engineer\solarizeddark.css
12:46:30    DEBUG    engineer.util.mirror_folder     Copying new file C:\Users\Tyler\Code\engineer\engineer\static\engineer\manni.css ==> C:\Users\Tyler\Code\engineer\engineer\sample_site\_cache\config.yaml\output_cache\static\engineer\manni.css
12:46:30    DEBUG    engineer.util.mirror_folder     Copying new file C:\Users\Tyler\Code\engineer\engineer\static\engineer\bw.css ==> C:\Users\Tyler\Code\engineer\engineer\sample_site\_cache\config.yaml\output_cache\static\engineer\bw.css
12:46:30    DEBUG    engineer.util.mirror_folder     Copying new file C:\Users\Tyler\Code\engineer\engineer\static\engineer\reset.css.less ==> C:\Users\Tyler\Code\engineer\engineer\sample_site\_cache\config.yaml\output_cache\static\engineer\reset.css.less
12:46:30    DEBUG    engineer.util.mirror_folder     Copying new file C:\Users\Tyler\Code\engineer\engineer\static\engineer\default.css ==> C:\Users\Tyler\Code\engineer\engineer\sample_site\_cache\config.yaml\output_cache\static\engineer\default.css
12:46:30    DEBUG    engineer.util.mirror_folder     Copying new file C:\Users\Tyler\Code\engineer\engineer\static\engineer\github.css ==> C:\Users\Tyler\Code\engineer\engineer\sample_site\_cache\config.yaml\output_cache\static\engineer\github.css
12:46:30    DEBUG    engineer.util.mirror_folder     Copying new file C:\Users\Tyler\Code\engineer\engineer\static\engineer\_solarized.less ==> C:\Users\Tyler\Code\engineer\engineer\sample_site\_cache\config.yaml\output_cache\static\engineer\_solarized.less
12:46:30    DEBUG    engineer.util.mirror_folder     Copying new file C:\Users\Tyler\Code\engineer\engineer\static\engineer\colorful.css ==> C:\Users\Tyler\Code\engineer\engineer\sample_site\_cache\config.yaml\output_cache\static\engineer\colorful.css
12:46:30    DEBUG    engineer.util.mirror_folder     Copying new file C:\Users\Tyler\Code\engineer\engineer\static\engineer\baseline.less ==> C:\Users\Tyler\Code\engineer\engineer\sample_site\_cache\config.yaml\output_cache\static\engineer\baseline.less
12:46:30    DEBUG    engineer.util.mirror_folder     Copying new file C:\Users\Tyler\Code\engineer\engineer\static\engineer\perldoc.css ==> C:\Users\Tyler\Code\engineer\engineer\sample_site\_cache\config.yaml\output_cache\static\engineer\perldoc.css
12:46:30    DEBUG    engineer.util.mirror_folder     Copying new file C:\Users\Tyler\Code\engineer\engineer\static\engineer\friendly.css ==> C:\Users\Tyler\Code\engineer\engineer\sample_site\_cache\config.yaml\output_cache\static\engineer\friendly.css
12:46:30    DEBUG    engineer.util.mirror_folder     Copying new file C:\Users\Tyler\Code\engineer\engineer\static\engineer\pastie.css ==> C:\Users\Tyler\Code\engineer\engineer\sample_site\_cache\config.yaml\output_cache\static\engineer\pastie.css
12:46:30    DEBUG    engineer.util.mirror_folder     Copying new file C:\Users\Tyler\Code\engineer\engineer\static\engineer\_base_mixins.less ==> C:\Users\Tyler\Code\engineer\engineer\sample_site\_cache\config.yaml\output_cache\static\engineer\_base_mixins.less
12:46:30    DEBUG    engineer.util.mirror_folder     Copying new file C:\Users\Tyler\Code\engineer\engineer\static\engineer\trac.css ==> C:\Users\Tyler\Code\engineer\engineer\sample_site\_cache\config.yaml\output_cache\static\engineer\trac.css
12:46:30    DEBUG    engineer.util.mirror_folder     Copying new file C:\Users\Tyler\Code\engineer\engineer\static\engineer\solarized.css ==> C:\Users\Tyler\Code\engineer\engineer\sample_site\_cache\config.yaml\output_cache\static\engineer\solarized.css
12:46:30    DEBUG    engineer.util.mirror_folder     Copying new file C:\Users\Tyler\Code\engineer\engineer\static\engineer\vs.css ==> C:\Users\Tyler\Code\engineer\engineer\sample_site\_cache\config.yaml\output_cache\static\engineer\vs.css
12:46:30    DEBUG    engineer.util.mirror_folder     Copying new file C:\Users\Tyler\Code\engineer\engineer\static\engineer\native.css ==> C:\Users\Tyler\Code\engineer\engineer\sample_site\_cache\config.yaml\output_cache\static\engineer\native.css
12:46:30    DEBUG    engineer.util.mirror_folder     Copying new file C:\Users\Tyler\Code\engineer\engineer\static\engineer\borland.css ==> C:\Users\Tyler\Code\engineer\engineer\sample_site\_cache\config.yaml\output_cache\static\engineer\borland.css
12:46:30    DEBUG    engineer.util.mirror_folder     Mirroring C:\Users\Tyler\Code\engineer\engineer\static\engineer\lib\foundation ==> C:\Users\Tyler\Code\engineer\engineer\sample_site\_cache\config.yaml\output_cache\static\engineer/lib/foundation
12:46:30    DEBUG    engineer.util.mirror_folder     Copying new file C:\Users\Tyler\Code\engineer\engineer\static\engineer\lib\foundation\humans.txt ==> C:\Users\Tyler\Code\engineer\engineer\sample_site\_cache\config.yaml\output_cache\static\engineer/lib/foundation\humans.txt
12:46:30    DEBUG    engineer.util.mirror_folder     Copying new file C:\Users\Tyler\Code\engineer\engineer\static\engineer\lib\foundation\index.html ==> C:\Users\Tyler\Code\engineer\engineer\sample_site\_cache\config.yaml\output_cache\static\engineer/lib/foundation\index.html
12:46:30    DEBUG    engineer.util.mirror_folder     Copying new file C:\Users\Tyler\Code\engineer\engineer\static\engineer\lib\foundation\robots.txt ==> C:\Users\Tyler\Code\engineer\engineer\sample_site\_cache\config.yaml\output_cache\static\engineer/lib/foundation\robots.txt
12:46:30    DEBUG    engineer.util.mirror_folder     Copying new directory C:\Users\Tyler\Code\engineer\engineer\static\engineer\lib\foundation\stylesheets ==> C:\Users\Tyler\Code\engineer\engineer\sample_site\_cache\config.yaml\output_cache\static\engineer/lib/foundation\stylesheets
12:46:30    DEBUG    engineer.util.mirror_folder     Copying new directory C:\Users\Tyler\Code\engineer\engineer\static\engineer\lib\foundation\images ==> C:\Users\Tyler\Code\engineer\engineer\sample_site\_cache\config.yaml\output_cache\static\engineer/lib/foundation\images
12:46:30    DEBUG    engineer.util.mirror_folder     Copying new directory C:\Users\Tyler\Code\engineer\engineer\static\engineer\lib\foundation\javascripts ==> C:\Users\Tyler\Code\engineer\engineer\sample_site\_cache\config.yaml\output_cache\static\engineer/lib/foundation\javascripts
12:46:30    DEBUG engineer.commands.bundled.BuildCommand     Copied Foundation library files.
12:46:30    DEBUG engineer.commands.bundled.BuildCommand     Copied LESS CSS files.
12:46:30    DEBUG engineer.commands.bundled.BuildCommand     Copied jQuery files.
12:46:30    DEBUG    engineer.util.mirror_folder     Mirroring C:\Users\Tyler\Code\engineer\engineer\static\engineer\lib\tweet/tweet ==> C:\Users\Tyler\Code\engineer\engineer\sample_site\_cache\config.yaml\output_cache\static\engineer/lib/tweet/tweet
12:46:30    DEBUG    engineer.util.mirror_folder     Copying new file C:\Users\Tyler\Code\engineer\engineer\static\engineer\lib\tweet/tweet\jquery.tweet.css ==> C:\Users\Tyler\Code\engineer\engineer\sample_site\_cache\config.yaml\output_cache\static\engineer/lib/tweet/tweet\jquery.tweet.css
12:46:30    DEBUG    engineer.util.mirror_folder     Copying new file C:\Users\Tyler\Code\engineer\engineer\static\engineer\lib\tweet/tweet\jquery.tweet.js ==> C:\Users\Tyler\Code\engineer\engineer\sample_site\_cache\config.yaml\output_cache\static\engineer/lib/tweet/tweet\jquery.tweet.js
12:46:30    DEBUG    engineer.util.mirror_folder     Copying new file C:\Users\Tyler\Code\engineer\engineer\static\engineer\lib\tweet/tweet\index.html ==> C:\Users\Tyler\Code\engineer\engineer\sample_site\_cache\config.yaml\output_cache\static\engineer/lib/tweet/tweet\index.html
12:46:30    DEBUG    engineer.util.mirror_folder     Copying new file C:\Users\Tyler\Code\engineer\engineer\static\engineer\lib\tweet/tweet\index.css ==> C:\Users\Tyler\Code\engineer\engineer\sample_site\_cache\config.yaml\output_cache\static\engineer/lib/tweet/tweet\index.css
12:46:30    DEBUG engineer.commands.bundled.BuildCommand     Copied Tweet files.
12:46:30    DEBUG engineer.commands.bundled.BuildCommand     Copied static files to /static\engineer\lib\tweet\tweet.
12:46:30    DEBUG engineer.commands.bundled.BuildCommand     Copying theme static files to output cache.
12:46:30    DEBUG    engineer.util.mirror_folder     Mirroring C:\Users\Tyler\Code\engineer\engineer\themes\oleb\static ==> C:\Users\Tyler\Code\engineer\engineer\sample_site\_cache\config.yaml\output_cache\static\theme
12:46:30    DEBUG    engineer.util.mirror_folder     Copying new directory C:\Users\Tyler\Code\engineer\engineer\themes\oleb\static\stylesheets ==> C:\Users\Tyler\Code\engineer\engineer\sample_site\_cache\config.yaml\output_cache\static\theme\stylesheets
12:46:30    DEBUG engineer.commands.bundled.BuildCommand     Copied static files for theme to /static\theme.
12:46:30    DEBUG engineer.commands.bundled.BuildCommand     Copying additional theme content to output cache.
12:46:30    DEBUG engineer.commands.bundled.BuildCommand     Copied additional files for theme to /static\theme\images\rss.png.
12:46:30     INFO engineer.commands.bundled.BuildCommand     Loading posts...
12:46:30    DEBUG                  engineer.conf     Configuring the Jinja environment.
12:46:31     INFO               engineer.loaders     Getting posts from C:\Users\Tyler\Code\engineer\engineer\sample_site\posts.
12:46:31     INFO               engineer.loaders     Getting posts from C:\Users\Tyler\Code\engineer\engineer\sample_site\archives.
12:46:31    DEBUG                  engineer.conf     Caches either don't exist or are old, so creating new ones...
12:46:31    DEBUG               engineer.loaders     '(d)2012-03-09-a-draft-post.md': Beginning to parse.
12:46:31    DEBUG engineer.plugins.bundled.FinalizationPlugin     No metadata finalization needed for post 'a-draft-post'
12:46:31    DEBUG engineer.plugins.bundled.PostRenamerPlugin     Post Renamer plugin disabled.
12:46:31    DEBUG               engineer.loaders     '(d)2012-03-09-a-draft-post.md': Parsed successfully.
12:46:31     INFO               engineer.loaders     '(d)2012-03-09-a-draft-post.md': LOADED
12:46:31    DEBUG               engineer.loaders     '(d)2012-03-18-test-post.md': Beginning to parse.
12:46:31    DEBUG engineer.plugins.bundled.FinalizationPlugin     No metadata finalization needed for post 'test-post'
12:46:31    DEBUG engineer.plugins.bundled.PostRenamerPlugin     Post Renamer plugin disabled.
12:46:31    DEBUG               engineer.loaders     '(d)2012-03-18-test-post.md': Parsed successfully.
12:46:31     INFO               engineer.loaders     '(d)2012-03-18-test-post.md': LOADED
12:46:31    DEBUG               engineer.loaders     '(p)2012-03-07-markdown-tutorial.md': Beginning to parse.
