22:07:43    DEBUG          engineer.engine.build     Starting build using configuration file C:\Users\Tyler\Code\engineer\engineer\sample_site\debug.yaml.
22:07:43    DEBUG          engineer.engine.build     Copying static files to output cache.
22:07:43    DEBUG    engineer.util.mirror_folder     Mirroring C:\Users\Tyler\Code\engineer\engineer\static ==> C:\Users\Tyler\Code\engineer\engineer\sample_site\_cache\debug.yaml\output_cache\static
22:07:43    DEBUG    engineer.util.mirror_folder     Copying new directory C:\Users\Tyler\Code\engineer\engineer\static\engineer ==> C:\Users\Tyler\Code\engineer\engineer\sample_site\_cache\debug.yaml\output_cache\static\engineer
22:07:43    DEBUG          engineer.engine.build     Copied static files to /static.
22:07:43    DEBUG          engineer.engine.build     Copying theme static files to output cache.
22:07:43    DEBUG    engineer.util.mirror_folder     Mirroring C:\Users\Tyler\Code\engineer\engineer\themes\oleb\static ==> C:\Users\Tyler\Code\engineer\engineer\sample_site\_cache\debug.yaml\output_cache\static\theme
22:07:43    DEBUG    engineer.util.mirror_folder     Copying new directory C:\Users\Tyler\Code\engineer\engineer\themes\oleb\static\stylesheets ==> C:\Users\Tyler\Code\engineer\engineer\sample_site\_cache\debug.yaml\output_cache\static\theme\stylesheets
22:07:43    DEBUG          engineer.engine.build     Copied static files for theme to /static\theme.
22:07:43     INFO          engineer.engine.build     Generating template pages from C:\Users\Tyler\Code\engineer\engineer\sample_site\templates\pages.
22:07:43    DEBUG                  engineer.conf     Configuring the Jinja environment.
22:07:44     INFO            engineer.processors     Preprocessed LESS file theme/stylesheets/oleb.less.
22:07:44    DEBUG          engineer.engine.build     Output template page /about\index.html.
22:07:44    DEBUG          engineer.engine.build     Output template page /themes\index.html.
22:07:44     INFO          engineer.engine.build     Generated 2 template pages.
22:07:44     INFO          engineer.engine.build     Loading posts...
22:07:45     INFO               engineer.loaders     Getting posts from C:\Users\Tyler\Code\engineer\engineer\sample_site\posts.
22:07:45     INFO               engineer.loaders     Getting posts from C:\Users\Tyler\Code\engineer\engineer\sample_site\archives.
22:07:45    DEBUG                  engineer.conf     Caches either don't exist or are old, so creating new ones...
22:07:45    DEBUG               engineer.loaders     '(d)2012-03-09-a-draft-post.md': Beginning to parse.
22:08:26    DEBUG               engineer.loaders     '(d)2012-03-09-a-draft-post.md': Parsed successfully.
22:08:26     INFO               engineer.loaders     '(d)2012-03-09-a-draft-post.md': LOADED
22:08:26    DEBUG               engineer.loaders     '(d)2012-03-18-test-post.md': Beginning to parse.
22:08:27    DEBUG               engineer.loaders     '(d)2012-03-18-test-post.md': Parsed successfully.
22:08:27     INFO               engineer.loaders     '(d)2012-03-18-test-post.md': LOADED
22:08:27    DEBUG               engineer.loaders     '(p)2012-03-07-markdown-tutorial.md': Beginning to parse.
22:08:29    DEBUG               engineer.loaders     '(p)2012-03-07-markdown-tutorial.md': Parsed successfully.
22:08:29     INFO               engineer.loaders     '(p)2012-03-07-markdown-tutorial.md': LOADED
22:08:29    DEBUG               engineer.loaders     '(p)2012-03-08-theme-style-preview.md': Beginning to parse.
22:08:30    DEBUG               engineer.loaders     '(p)2012-03-08-theme-style-preview.md': Parsed successfully.
22:08:30     INFO               engineer.loaders     '(p)2012-03-08-theme-style-preview.md': LOADED
22:08:30    DEBUG               engineer.loaders     '(p)2012-03-09-what-s-next.md': Beginning to parse.
22:08:31    DEBUG               engineer.loaders     '(p)2012-03-09-what-s-next.md': Parsed successfully.
22:08:31     INFO               engineer.loaders     '(p)2012-03-09-what-s-next.md': LOADED
22:08:31    DEBUG               engineer.loaders     '(p)2012-03-10-welcome.md': Beginning to parse.
22:08:41    DEBUG               engineer.loaders     '(p)2012-03-10-welcome.md': Parsed successfully.
22:08:41     INFO               engineer.loaders     '(p)2012-03-10-welcome.md': LOADED
22:08:41    DEBUG               engineer.loaders     '(p)2012-05-05-engineer-documentation.md': Beginning to parse.
22:08:42    DEBUG               engineer.loaders     '(p)2012-05-05-engineer-documentation.md': Parsed successfully.
22:08:42     INFO               engineer.loaders     '(p)2012-05-05-engineer-documentation.md': LOADED
22:08:42    DEBUG               engineer.loaders     '(p)2011-11-03-post-from-2011.md': Beginning to parse.
22:08:43    DEBUG               engineer.loaders     '(p)2011-11-03-post-from-2011.md': Parsed successfully.
22:08:43     INFO               engineer.loaders     '(p)2011-11-03-post-from-2011.md': LOADED
22:08:43  CONSOLE               engineer.loaders     Found 8 new posts and loaded 0 from the cache.
22:08:43  CONSOLE          engineer.engine.build     Output new or modified post 'Engineer Documentation'.
22:08:43  CONSOLE          engineer.engine.build     Output new or modified post 'Welcome'.
22:08:43  CONSOLE          engineer.engine.build     Output new or modified post 'What's Next?'.
22:08:43  CONSOLE          engineer.engine.build     Output new or modified post 'Theme Style Preview'.
22:08:43  CONSOLE          engineer.engine.build     Output new or modified post 'Markdown Tutorial'.
22:08:43  CONSOLE          engineer.engine.build     Output new or modified post 'Post from 2011'.
22:08:43    DEBUG          engineer.engine.build     Output rollup page /page\1\index.html.
22:08:43    DEBUG          engineer.engine.build     Output 'C:\Users\Tyler\Code\engineer\engineer\sample_site\_cache\debug.yaml\output_cache\index.html'.
22:08:43    DEBUG          engineer.engine.build     Output rollup page /page\2\index.html.
22:08:43    DEBUG          engineer.engine.build     Output /archives\index.html.
22:08:43    DEBUG          engineer.engine.build     Output /tag\themes\index.html.
22:08:43    DEBUG          engineer.engine.build     Output /tag\markdown\index.html.
22:08:43    DEBUG          engineer.engine.build     Output /tag\features\index.html.
22:08:43    DEBUG          engineer.engine.build     Output /tag\sample\index.html.
22:08:43    DEBUG          engineer.engine.build     Output /tag\primer\index.html.
22:08:43    DEBUG          engineer.engine.build     Output /tag\preview\index.html.
22:08:43    DEBUG          engineer.engine.build     Output /tag\example\index.html.
22:08:43    DEBUG          engineer.engine.build     Output /feeds\rss.xml.
22:08:43    DEBUG          engineer.engine.build     Compressed /static\engineer\lib\foundation\stylesheets\mobile.css.
22:08:44    DEBUG          engineer.engine.build     Compressed /static\engineer\lib\foundation\javascripts\foundation.js.
22:08:45    DEBUG          engineer.engine.build     Compressed /static\engineer\lib\tweet\tweet\jquery.tweet.js.
22:08:45    DEBUG          engineer.engine.build     Compressed /static\engineer\lib\foundation\stylesheets\grid.css.
22:08:50    DEBUG          engineer.engine.build     Deleting LESS files since PREPROCESS_LESS is True.
22:08:50    DEBUG          engineer.engine.build     Deleting file: /static\engineer\baseline.less.
22:08:50    DEBUG          engineer.engine.build     Deleting file: /static\engineer\reset.css.less.
22:08:50    DEBUG          engineer.engine.build     Deleting file: /static\engineer\_base_mixins.less.
22:08:50    DEBUG          engineer.engine.build     Deleting file: /static\engineer\_solarized.less.
22:08:50    DEBUG          engineer.engine.build     Deleting file: /static\theme\stylesheets\oleb.less.
22:08:50    DEBUG          engineer.engine.build     Deleting file: /static\theme\stylesheets\_colors.less.
22:08:50    DEBUG          engineer.engine.build     Deleting file: /static\theme\stylesheets\_element_styles.less.
22:08:50    DEBUG          engineer.engine.build     Deleting file: /static\theme\stylesheets\_typography.less.
22:08:50    DEBUG          engineer.engine.build     Synchronizing output directory with output cache.
22:08:50    DEBUG    engineer.util.mirror_folder     Mirroring C:\Users\Tyler\Code\engineer\engineer\sample_site\_cache\debug.yaml\output_cache ==> C:\Users\Tyler\Code\engineer\engineer\sample_site\output
22:08:50    DEBUG    engineer.util.mirror_folder     Copying new directory C:\Users\Tyler\Code\engineer\engineer\sample_site\_cache\debug.yaml\output_cache\about ==> C:\Users\Tyler\Code\engineer\engineer\sample_site\output\about
22:08:50    DEBUG    engineer.util.mirror_folder     Copying new file C:\Users\Tyler\Code\engineer\engineer\sample_site\_cache\debug.yaml\output_cache\index.html ==> C:\Users\Tyler\Code\engineer\engineer\sample_site\output\index.html
22:08:50    DEBUG    engineer.util.mirror_folder     Copying new directory C:\Users\Tyler\Code\engineer\engineer\sample_site\_cache\debug.yaml\output_cache\themes ==> C:\Users\Tyler\Code\engineer\engineer\sample_site\output\themes
22:08:50    DEBUG    engineer.util.mirror_folder     Copying new directory C:\Users\Tyler\Code\engineer\engineer\sample_site\_cache\debug.yaml\output_cache\tag ==> C:\Users\Tyler\Code\engineer\engineer\sample_site\output\tag
22:08:50    DEBUG    engineer.util.mirror_folder     Copying new directory C:\Users\Tyler\Code\engineer\engineer\sample_site\_cache\debug.yaml\output_cache\static ==> C:\Users\Tyler\Code\engineer\engineer\sample_site\output\static
22:08:50    DEBUG    engineer.util.mirror_folder     Copying new directory C:\Users\Tyler\Code\engineer\engineer\sample_site\_cache\debug.yaml\output_cache\archives ==> C:\Users\Tyler\Code\engineer\engineer\sample_site\output\archives
22:08:50    DEBUG    engineer.util.mirror_folder     Copying new directory C:\Users\Tyler\Code\engineer\engineer\sample_site\_cache\debug.yaml\output_cache\feeds ==> C:\Users\Tyler\Code\engineer\engineer\sample_site\output\feeds
22:08:50    DEBUG    engineer.util.mirror_folder     Copying new directory C:\Users\Tyler\Code\engineer\engineer\sample_site\_cache\debug.yaml\output_cache\2011 ==> C:\Users\Tyler\Code\engineer\engineer\sample_site\output\2011
22:08:50    DEBUG    engineer.util.mirror_folder     Copying new directory C:\Users\Tyler\Code\engineer\engineer\sample_site\_cache\debug.yaml\output_cache\page ==> C:\Users\Tyler\Code\engineer\engineer\sample_site\output\page
22:08:50    DEBUG    engineer.util.mirror_folder     Copying new directory C:\Users\Tyler\Code\engineer\engineer\sample_site\_cache\debug.yaml\output_cache\2012 ==> C:\Users\Tyler\Code\engineer\engineer\sample_site\output\2012
22:08:50    DEBUG          engineer.engine.build     Folder mirroring report: {'deleted': set(),
 'new': set([path(u'C:\\Users\\Tyler\\Code\\engineer\\engineer\\sample_site\\output\\2011'),
             path(u'C:\\Users\\Tyler\\Code\\engineer\\engineer\\sample_site\\output\\2011\\11'),
             path(u'C:\\Users\\Tyler\\Code\\engineer\\engineer\\sample_site\\output\\2011\\11\\03'),
             path(u'C:\\Users\\Tyler\\Code\\engineer\\engineer\\sample_site\\output\\2011\\11\\03\\post-from-2011'),
             path(u'C:\\Users\\Tyler\\Code\\engineer\\engineer\\sample_site\\output\\2011\\11\\03\\post-from-2011\\index.html'),
             path(u'C:\\Users\\Tyler\\Code\\engineer\\engineer\\sample_site\\output\\2012'),
             path(u'C:\\Users\\Tyler\\Code\\engineer\\engineer\\sample_site\\output\\2012\\03'),
             path(u'C:\\Users\\Tyler\\Code\\engineer\\engineer\\sample_site\\output\\2012\\03\\07'),
             path(u'C:\\Users\\Tyler\\Code\\engineer\\engineer\\sample_site\\output\\2012\\03\\07\\markdown-tutorial'),
             path(u'C:\\Users\\Tyler\\Code\\engineer\\engineer\\sample_site\\output\\2012\\03\\07\\markdown-tutorial\\index.html'),
             path(u'C:\\Users\\Tyler\\Code\\engineer\\engineer\\sample_site\\output\\2012\\03\\08'),
             path(u'C:\\Users\\Tyler\\Code\\engineer\\engineer\\sample_site\\output\\2012\\03\\08\\theme-style-preview'),
             path(u'C:\\Users\\Tyler\\Code\\engineer\\engineer\\sample_site\\output\\2012\\03\\08\\theme-style-preview\\index.html'),
             path(u'C:\\Users\\Tyler\\Code\\engineer\\engineer\\sample_site\\output\\2012\\03\\09'),
             path(u'C:\\Users\\Tyler\\Code\\engineer\\engineer\\sample_site\\output\\2012\\03\\09\\what-s-next'),
             path(u'C:\\Users\\Tyler\\Code\\engineer\\engineer\\sample_site\\output\\2012\\03\\09\\what-s-next\\index.html'),
             path(u'C:\\Users\\Tyler\\Code\\engineer\\engineer\\sample_site\\output\\2012\\03\\10'),
             path(u'C:\\Users\\Tyler\\Code\\engineer\\engineer\\sample_site\\output\\2012\\03\\10\\welcome'),
             path(u'C:\\Users\\Tyler\\Code\\engineer\\engineer\\sample_site\\output\\2012\\03\\10\\welcome\\index.html'),
             path(u'C:\\Users\\Tyler\\Code\\engineer\\engineer\\sample_site\\output\\2012\\05'),
             path(u'C:\\Users\\Tyler\\Code\\engineer\\engineer\\sample_site\\output\\2012\\05\\05'),
             path(u'C:\\Users\\Tyler\\Code\\engineer\\engineer\\sample_site\\output\\2012\\05\\05\\engineer-documentation'),
             path(u'C:\\Users\\Tyler\\Code\\engineer\\engineer\\sample_site\\output\\2012\\05\\05\\engineer-documentation\\index.html'),
             path(u'C:\\Users\\Tyler\\Code\\engineer\\engineer\\sample_site\\output\\about'),
             path(u'C:\\Users\\Tyler\\Code\\engineer\\engineer\\sample_site\\output\\about\\index.html'),
             path(u'C:\\Users\\Tyler\\Code\\engineer\\engineer\\sample_site\\output\\archives'),
             path(u'C:\\Users\\Tyler\\Code\\engineer\\engineer\\sample_site\\output\\archives\\index.html'),
             path(u'C:\\Users\\Tyler\\Code\\engineer\\engineer\\sample_site\\output\\feeds'),
             path(u'C:\\Users\\Tyler\\Code\\engineer\\engineer\\sample_site\\output\\feeds\\rss.xml'),
             path(u'C:\\Users\\Tyler\\Code\\engineer\\engineer\\sample_site\\output\\index.html'),
             path(u'C:\\Users\\Tyler\\Code\\engineer\\engineer\\sample_site\\output\\page'),
             path(u'C:\\Users\\Tyler\\Code\\engineer\\engineer\\sample_site\\output\\page\\1'),
             path(u'C:\\Users\\Tyler\\Code\\engineer\\engineer\\sample_site\\output\\page\\1\\index.html'),
             path(u'C:\\Users\\Tyler\\Code\\engineer\\engineer\\sample_site\\output\\page\\2'),
             path(u'C:\\Users\\Tyler\\Code\\engineer\\engineer\\sample_site\\output\\page\\2\\index.html'),
             path(u'C:\\Users\\Tyler\\Code\\engineer\\engineer\\sample_site\\output\\static'),
             path(u'C:\\Users\\Tyler\\Code\\engineer\\engineer\\sample_site\\output\\static\\engineer'),
             path(u'C:\\Users\\Tyler\\Code\\engineer\\engineer\\sample_site\\output\\static\\engineer\\github.css'),
             path(u'C:\\Users\\Tyler\\Code\\engineer\\engineer\\sample_site\\output\\static\\engineer\\lib'),
             path(u'C:\\Users\\Tyler\\Code\\engineer\\engineer\\sample_site\\output\\static\\engineer\\lib\\foundation'),
             path(u'C:\\Users\\Tyler\\Code\\engineer\\engineer\\sample_site\\output\\static\\engineer\\lib\\foundation\\humans.txt'),
             path(u'C:\\Users\\Tyler\\Code\\engineer\\engineer\\sample_site\\output\\static\\engineer\\lib\\foundation\\images'),
             path(u'C:\\Users\\Tyler\\Code\\engineer\\engineer\\sample_site\\output\\static\\engineer\\lib\\foundation\\images\\misc'),
             path(u'C:\\Users\\Tyler\\Code\\engineer\\engineer\\sample_site\\output\\static\\engineer\\lib\\foundation\\images\\misc\\button-gloss.png'),
             path(u'C:\\Users\\Tyler\\Code\\engineer\\engineer\\sample_site\\output\\static\\engineer\\lib\\foundation\\images\\misc\\button-overlay.png'),
             path(u'C:\\Users\\Tyler\\Code\\engineer\\engineer\\sample_site\\output\\static\\engineer\\lib\\foundation\\images\\misc\\custom-form-sprites.png'),
             path(u'C:\\Users\\Tyler\\Code\\engineer\\engineer\\sample_site\\output\\static\\engineer\\lib\\foundation\\images\\misc\\input-bg-outset.png'),
             path(u'C:\\Users\\Tyler\\Code\\engineer\\engineer\\sample_site\\output\\static\\engineer\\lib\\foundation\\images\\misc\\input-bg.png'),
             path(u'C:\\Users\\Tyler\\Code\\engineer\\engineer\\sample_site\\output\\static\\engineer\\lib\\foundation\\images\\misc\\modal-gloss.png'),
             path(u'C:\\Users\\Tyler\\Code\\engineer\\engineer\\sample_site\\output\\static\\engineer\\lib\\foundation\\images\\misc\\table-sorter.png'),
             path(u'C:\\Users\\Tyler\\Code\\engineer\\engineer\\sample_site\\output\\static\\engineer\\lib\\foundation\\images\\orbit'),
             path(u'C:\\Users\\Tyler\\Code\\engineer\\engineer\\sample_site\\output\\static\\engineer\\lib\\foundation\\images\\orbit\\bullets.jpg'),
             path(u'C:\\Users\\Tyler\\Code\\engineer\\engineer\\sample_site\\output\\static\\engineer\\lib\\foundation\\images\\orbit\\left-arrow.png'),
             path(u'C:\\Users\\Tyler\\Code\\engineer\\engineer\\sample_site\\output\\static\\engineer\\lib\\foundation\\images\\orbit\\loading.gif'),
             path(u'C:\\Users\\Tyler\\Code\\engineer\\engineer\\sample_site\\output\\static\\engineer\\lib\\foundation\\images\\orbit\\mask-black.png'),
             path(u'C:\\Users\\Tyler\\Code\\engineer\\engineer\\sample_site\\output\\static\\engineer\\lib\\foundation\\images\\orbit\\pause-black.png'),
             path(u'C:\\Users\\Tyler\\Code\\engineer\\engineer\\sample_site\\output\\static\\engineer\\lib\\foundation\\images\\orbit\\right-arrow.png'),
             path(u'C:\\Users\\Tyler\\Code\\engineer\\engineer\\sample_site\\output\\static\\engineer\\lib\\foundation\\images\\orbit\\rotator-black.png'),
             path(u'C:\\Users\\Tyler\\Code\\engineer\\engineer\\sample_site\\output\\static\\engineer\\lib\\foundation\\images\\orbit\\timer-black.png'),
             path(u'C:\\Users\\Tyler\\Code\\engineer\\engineer\\sample_site\\output\\static\\engineer\\lib\\foundation\\index.html'),
             path(u'C:\\Users\\Tyler\\Code\\engineer\\engineer\\sample_site\\output\\static\\engineer\\lib\\foundation\\javascripts'),
             path(u'C:\\Users\\Tyler\\Code\\engineer\\engineer\\sample_site\\output\\static\\engineer\\lib\\foundation\\javascripts\\app.js'),
             path(u'C:\\Users\\Tyler\\Code\\engineer\\engineer\\sample_site\\output\\static\\engineer\\lib\\foundation\\javascripts\\foundation.js'),
             path(u'C:\\Users\\Tyler\\Code\\engineer\\engineer\\sample_site\\output\\static\\engineer\\lib\\foundation\\javascripts\\jquery.customforms.js'),
             path(u'C:\\Users\\Tyler\\Code\\engineer\\engineer\\sample_site\\output\\static\\engineer\\lib\\foundation\\javascripts\\jquery.min.js'),
             path(u'C:\\Users\\Tyler\\Code\\engineer\\engineer\\sample_site\\output\\static\\engineer\\lib\\foundation\\javascripts\\jquery.orbit-1.4.0.js'),
             path(u'C:\\Users\\Tyler\\Code\\engineer\\engineer\\sample_site\\output\\static\\engineer\\lib\\foundation\\javascripts\\jquery.placeholder.min.js'),
             path(u'C:\\Users\\Tyler\\Code\\engineer\\engineer\\sample_site\\output\\static\\engineer\\lib\\foundation\\javascripts\\jquery.reveal.js'),
             path(u'C:\\Users\\Tyler\\Code\\engineer\\engineer\\sample_site\\output\\static\\engineer\\lib\\foundation\\javascripts\\jquery.tooltips.js'),
             path(u'C:\\Users\\Tyler\\Code\\engineer\\engineer\\sample_site\\output\\static\\engineer\\lib\\foundation\\javascripts\\modernizr.foundation.js'),
             path(u'C:\\Users\\Tyler\\Code\\engineer\\engineer\\sample_site\\output\\static\\engineer\\lib\\foundation\\robots.txt'),
             path(u'C:\\Users\\Tyler\\Code\\engineer\\engineer\\sample_site\\output\\static\\engineer\\lib\\foundation\\stylesheets'),
             path(u'C:\\Users\\Tyler\\Code\\engineer\\engineer\\sample_site\\output\\static\\engineer\\lib\\foundation\\stylesheets\\app.css'),
             path(u'C:\\Users\\Tyler\\Code\\engineer\\engineer\\sample_site\\output\\static\\engineer\\lib\\foundation\\stylesheets\\forms.css'),
             path(u'C:\\Users\\Tyler\\Code\\engineer\\engineer\\sample_site\\output\\static\\engineer\\lib\\foundation\\stylesheets\\globals.css'),
             path(u'C:\\Users\\Tyler\\Code\\engineer\\engineer\\sample_site\\output\\static\\engineer\\lib\\foundation\\stylesheets\\grid.css'),
             path(u'C:\\Users\\Tyler\\Code\\engineer\\engineer\\sample_site\\output\\static\\engineer\\lib\\foundation\\stylesheets\\ie.css'),
             path(u'C:\\Users\\Tyler\\Code\\engineer\\engineer\\sample_site\\output\\static\\engineer\\lib\\foundation\\stylesheets\\mobile.css'),
             path(u'C:\\Users\\Tyler\\Code\\engineer\\engineer\\sample_site\\output\\static\\engineer\\lib\\foundation\\stylesheets\\orbit.css'),
             path(u'C:\\Users\\Tyler\\Code\\engineer\\engineer\\sample_site\\output\\static\\engineer\\lib\\foundation\\stylesheets\\reveal.css'),
             path(u'C:\\Users\\Tyler\\Code\\engineer\\engineer\\sample_site\\output\\static\\engineer\\lib\\foundation\\stylesheets\\typography.css'),
             path(u'C:\\Users\\Tyler\\Code\\engineer\\engineer\\sample_site\\output\\static\\engineer\\lib\\foundation\\stylesheets\\ui.css'),
             path(u'C:\\Users\\Tyler\\Code\\engineer\\engineer\\sample_site\\output\\static\\engineer\\lib\\jquery-1.6.2.min.js'),
             path(u'C:\\Users\\Tyler\\Code\\engineer\\engineer\\sample_site\\output\\static\\engineer\\lib\\less-1.1.5.min.js'),
             path(u'C:\\Users\\Tyler\\Code\\engineer\\engineer\\sample_site\\output\\static\\engineer\\lib\\modernizr-2.0.6.min.js'),
             path(u'C:\\Users\\Tyler\\Code\\engineer\\engineer\\sample_site\\output\\static\\engineer\\lib\\tweet'),
             path(u'C:\\Users\\Tyler\\Code\\engineer\\engineer\\sample_site\\output\\static\\engineer\\lib\\tweet\\.git'),
             path(u'C:\\Users\\Tyler\\Code\\engineer\\engineer\\sample_site\\output\\static\\engineer\\lib\\tweet\\.gitignore'),
             path(u'C:\\Users\\Tyler\\Code\\engineer\\engineer\\sample_site\\output\\static\\engineer\\lib\\tweet\\LICENSE.txt'),
             path(u'C:\\Users\\Tyler\\Code\\engineer\\engineer\\sample_site\\output\\static\\engineer\\lib\\tweet\\README.markdown'),
             path(u'C:\\Users\\Tyler\\Code\\engineer\\engineer\\sample_site\\output\\static\\engineer\\lib\\tweet\\config.ru'),
             path(u'C:\\Users\\Tyler\\Code\\engineer\\engineer\\sample_site\\output\\static\\engineer\\lib\\tweet\\tweet'),
             path(u'C:\\Users\\Tyler\\Code\\engineer\\engineer\\sample_site\\output\\static\\engineer\\lib\\tweet\\tweet\\index.css'),
             path(u'C:\\Users\\Tyler\\Code\\engineer\\engineer\\sample_site\\output\\static\\engineer\\lib\\tweet\\tweet\\index.html'),
             path(u'C:\\Users\\Tyler\\Code\\engineer\\engineer\\sample_site\\output\\static\\engineer\\lib\\tweet\\tweet\\jquery.tweet.css'),
             path(u'C:\\Users\\Tyler\\Code\\engineer\\engineer\\sample_site\\output\\static\\engineer\\lib\\tweet\\tweet\\jquery.tweet.js'),
             path(u'C:\\Users\\Tyler\\Code\\engineer\\engineer\\sample_site\\output\\static\\engineer\\solarized.css'),
             path(u'C:\\Users\\Tyler\\Code\\engineer\\engineer\\sample_site\\output\\static\\engineer\\solarizeddark.css'),
             path(u'C:\\Users\\Tyler\\Code\\engineer\\engineer\\sample_site\\output\\static\\theme'),
             path(u'C:\\Users\\Tyler\\Code\\engineer\\engineer\\sample_site\\output\\static\\theme\\stylesheets'),
             path(u'C:\\Users\\Tyler\\Code\\engineer\\engineer\\sample_site\\output\\static\\theme\\stylesheets\\oleb.css'),
             path(u'C:\\Users\\Tyler\\Code\\engineer\\engineer\\sample_site\\output\\tag'),
             path(u'C:\\Users\\Tyler\\Code\\engineer\\engineer\\sample_site\\output\\tag\\example'),
             path(u'C:\\Users\\Tyler\\Code\\engineer\\engineer\\sample_site\\output\\tag\\example\\index.html'),
             path(u'C:\\Users\\Tyler\\Code\\engineer\\engineer\\sample_site\\output\\tag\\features'),
             path(u'C:\\Users\\Tyler\\Code\\engineer\\engineer\\sample_site\\output\\tag\\features\\index.html'),
             path(u'C:\\Users\\Tyler\\Code\\engineer\\engineer\\sample_site\\output\\tag\\markdown'),
             path(u'C:\\Users\\Tyler\\Code\\engineer\\engineer\\sample_site\\output\\tag\\markdown\\index.html'),
             path(u'C:\\Users\\Tyler\\Code\\engineer\\engineer\\sample_site\\output\\tag\\preview'),
             path(u'C:\\Users\\Tyler\\Code\\engineer\\engineer\\sample_site\\output\\tag\\preview\\index.html'),
             path(u'C:\\Users\\Tyler\\Code\\engineer\\engineer\\sample_site\\output\\tag\\primer'),
             path(u'C:\\Users\\Tyler\\Code\\engineer\\engineer\\sample_site\\output\\tag\\primer\\index.html'),
             path(u'C:\\Users\\Tyler\\Code\\engineer\\engineer\\sample_site\\output\\tag\\sample'),
             path(u'C:\\Users\\Tyler\\Code\\engineer\\engineer\\sample_site\\output\\tag\\sample\\index.html'),
             path(u'C:\\Users\\Tyler\\Code\\engineer\\engineer\\sample_site\\output\\tag\\themes'),
             path(u'C:\\Users\\Tyler\\Code\\engineer\\engineer\\sample_site\\output\\tag\\themes\\index.html'),
             path(u'C:\\Users\\Tyler\\Code\\engineer\\engineer\\sample_site\\output\\themes'),
             path(u'C:\\Users\\Tyler\\Code\\engineer\\engineer\\sample_site\\output\\themes\\index.html')]),
 'overwritten': set()}
22:08:50  CONSOLE          engineer.engine.build     
22:08:50  CONSOLE          engineer.engine.build     Site: 'Engineer Site' output to C:\Users\Tyler\Code\engineer\engineer\sample_site\output.
22:08:50  CONSOLE          engineer.engine.build     Posts: 6 (6 new or updated)
22:08:50  CONSOLE          engineer.engine.build     Post rollup pages: 2 (5 posts per page)
22:08:50  CONSOLE          engineer.engine.build     Template pages: 2
22:08:50  CONSOLE          engineer.engine.build     Tag pages: 7
22:08:50  CONSOLE          engineer.engine.build     118 new items, 0 modified items, and 0 deleted items.
22:08:50  CONSOLE          engineer.engine.build     
22:08:50  CONSOLE          engineer.engine.build     Full build log at C:\Users\Tyler\Code\engineer\engineer\sample_site\logs\build.log.
