\BOOKMARK [0][-]{chapter.1}{Downloading and Installation}{}
\BOOKMARK [1][-]{section.1.1}{Prerequisites}{chapter.1}
\BOOKMARK [1][-]{section.1.2}{Downloads}{chapter.1}
\BOOKMARK [1][-]{section.1.3}{Development Version}{chapter.1}
\BOOKMARK [1][-]{section.1.4}{Installation}{chapter.1}
\BOOKMARK [1][-]{section.1.5}{Acknowledgements}{chapter.1}
\BOOKMARK [1][-]{section.1.6}{License}{chapter.1}
\BOOKMARK [0][-]{chapter.2}{Getting started with Non-Linear Least-Squares Fitting}{}
\BOOKMARK [1][-]{section.2.1}{Using Parameters instead of Variables}{chapter.2}
\BOOKMARK [1][-]{section.2.2}{The Parameter class}{chapter.2}
\BOOKMARK [1][-]{section.2.3}{The Parameters class}{chapter.2}
\BOOKMARK [1][-]{section.2.4}{Simple Example}{chapter.2}
\BOOKMARK [0][-]{chapter.3}{Performing Fits, Analyzing Outputs}{}
\BOOKMARK [1][-]{section.3.1}{The minimize\(\) function}{chapter.3}
\BOOKMARK [1][-]{section.3.2}{Writing a Fitting Function}{chapter.3}
\BOOKMARK [1][-]{section.3.3}{Choosing Different Fitting Methods}{chapter.3}
\BOOKMARK [1][-]{section.3.4}{Goodness-of-Fit and estimated uncertainty and correlations}{chapter.3}
\BOOKMARK [1][-]{section.3.5}{Using the Minimizer class}{chapter.3}
\BOOKMARK [0][-]{chapter.4}{Calculation of confidence intervals}{}
\BOOKMARK [1][-]{section.4.1}{Method used for calculating confidence intervals}{chapter.4}
\BOOKMARK [1][-]{section.4.2}{A basic example}{chapter.4}
\BOOKMARK [1][-]{section.4.3}{An advanced example}{chapter.4}
\BOOKMARK [1][-]{section.4.4}{Documentation of methods}{chapter.4}
\BOOKMARK [0][-]{chapter.5}{Bounds Implementation}{}
\BOOKMARK [0][-]{chapter.6}{Using Mathematical Constraints}{}
\BOOKMARK [1][-]{section.6.1}{Overview}{chapter.6}
\BOOKMARK [1][-]{section.6.2}{Supported Operators, Functions, and Constants}{chapter.6}
\BOOKMARK [1][-]{section.6.3}{Using Inequality Constraints}{chapter.6}
\BOOKMARK [1][-]{section.6.4}{Advanced usage of Expressions in lmfit}{chapter.6}
\BOOKMARK [0][-]{section*.23}{Python Module Index}{}
\BOOKMARK [0][-]{section*.24}{Python Module Index}{}
\BOOKMARK [0][-]{section*.25}{Index}{}
