2013-05-24 11:33:26,852 -- repoze.who request started (/) --
2013-05-24 11:33:26,852 request classification: browser
2013-05-24 11:33:26,852 identifier plugins registered [<SAML2Plugin 4324531216>, <AuthTktCookiePlugin 4315334672>]
2013-05-24 11:33:26,852 identifier plugins matched for classification "browser": [<SAML2Plugin 4324531216>, <AuthTktCookiePlugin 4315334672>]
2013-05-24 11:33:26,852 authenticator plugins registered [<SAML2Plugin 4324531216>]
2013-05-24 11:33:26,852 authenticator plugins matched for classification "browser": [<SAML2Plugin 4324531216>]
2013-05-24 11:33:26,853 challenge required
2013-05-24 11:33:26,853 challengers registered: [<SAML2Plugin 4324531216>]
2013-05-24 11:33:26,853 challengers matched for classification "browser": [<SAML2Plugin 4324531216>]
2013-05-24 11:33:26,855 challenger plugin <SAML2Plugin 4324531216> "challenge" returned an app
2013-05-24 11:33:26,855 executing challenge app
2013-05-24 11:33:26,855 -- repoze.who request ended (/) --
2013-05-24 11:35:35,413 -- repoze.who request started (/) --
2013-05-24 11:35:35,414 request classification: browser
2013-05-24 11:35:35,414 identifier plugins registered [<SAML2Plugin 4324531216>, <AuthTktCookiePlugin 4315334672>]
2013-05-24 11:35:35,414 identifier plugins matched for classification "browser": [<SAML2Plugin 4324531216>, <AuthTktCookiePlugin 4315334672>]
2013-05-24 11:35:35,414 authenticator plugins registered [<SAML2Plugin 4324531216>]
2013-05-24 11:35:35,414 authenticator plugins matched for classification "browser": [<SAML2Plugin 4324531216>]
2013-05-24 11:35:35,414 challenge required
2013-05-24 11:35:35,414 challengers registered: [<SAML2Plugin 4324531216>]
2013-05-24 11:35:35,414 challengers matched for classification "browser": [<SAML2Plugin 4324531216>]
2013-05-24 11:35:35,416 challenger plugin <SAML2Plugin 4324531216> "challenge" returned an app
2013-05-24 11:35:35,416 executing challenge app
2013-05-24 11:35:35,417 -- repoze.who request ended (/) --
2013-05-24 11:40:02,259 -- repoze.who request started (/) --
2013-05-24 11:40:02,259 request classification: browser
2013-05-24 11:40:02,260 identifier plugins registered [<SAML2Plugin 4324531216>, <AuthTktCookiePlugin 4315334672>]
2013-05-24 11:40:02,260 identifier plugins matched for classification "browser": [<SAML2Plugin 4324531216>, <AuthTktCookiePlugin 4315334672>]
2013-05-24 11:40:02,260 authenticator plugins registered [<SAML2Plugin 4324531216>]
2013-05-24 11:40:02,260 authenticator plugins matched for classification "browser": [<SAML2Plugin 4324531216>]
2013-05-24 11:40:02,260 challenge required
2013-05-24 11:40:02,260 challengers registered: [<SAML2Plugin 4324531216>]
2013-05-24 11:40:02,260 challengers matched for classification "browser": [<SAML2Plugin 4324531216>]
2013-05-24 11:40:02,261 challenger plugin <SAML2Plugin 4324531216> "challenge" returned an app
2013-05-24 11:40:02,261 executing challenge app
2013-05-24 11:40:02,262 -- repoze.who request ended (/) --
2013-05-24 11:40:08,207 -- repoze.who request started (/) --
2013-05-24 11:40:08,207 request classification: browser
2013-05-24 11:40:08,208 identifier plugins registered [<SAML2Plugin 4324531216>, <AuthTktCookiePlugin 4315334672>]
2013-05-24 11:40:08,208 identifier plugins matched for classification "browser": [<SAML2Plugin 4324531216>, <AuthTktCookiePlugin 4315334672>]
2013-05-24 11:40:08,216 authenticator plugins registered [<SAML2Plugin 4324531216>]
2013-05-24 11:40:08,216 authenticator plugins matched for classification "browser": [<SAML2Plugin 4324531216>]
2013-05-24 11:40:08,216 userid preauthenticated by <SAML2Plugin 4324531216>: "1=http%3A//localhost%3A8087/sp.xml,2=urn%3Aoasis%3Anames%3Atc%3ASAML%3A2.0%3Anameid-format%3Atransient,4=9eb466a7622818b02bc796156bbbf5b0a8dcdadb74402097c4fa49d26ed55b9e" (repoze.who.userid set)
2013-05-24 11:40:08,216 no challenge required
2013-05-24 11:40:08,217 remembering via headers from <SAML2Plugin 4324531216>: [('Set-Cookie', 'pysaml2="b28f4c332edc958966c55f7f9801cdcf519f35781%3Dhttp%253A//localhost%253A8087/sp.xml%2C2%3Durn%253Aoasis%253Anames%253Atc%253ASAML%253A2.0%253Anameid-format%253Atransient%2C4%3D9eb466a7622818b02bc796156bbbf5b0a8dcdadb74402097c4fa49d26ed55b9e!"; Path=/'), ('Set-Cookie', 'pysaml2="b28f4c332edc958966c55f7f9801cdcf519f35781%3Dhttp%253A//localhost%253A8087/sp.xml%2C2%3Durn%253Aoasis%253Anames%253Atc%253ASAML%253A2.0%253Anameid-format%253Atransient%2C4%3D9eb466a7622818b02bc796156bbbf5b0a8dcdadb74402097c4fa49d26ed55b9e!"; Path=/; Domain=localhost:8087'), ('Set-Cookie', 'pysaml2="b28f4c332edc958966c55f7f9801cdcf519f35781%3Dhttp%253A//localhost%253A8087/sp.xml%2C2%3Durn%253Aoasis%253Anames%253Atc%253ASAML%253A2.0%253Anameid-format%253Atransient%2C4%3D9eb466a7622818b02bc796156bbbf5b0a8dcdadb74402097c4fa49d26ed55b9e!"; Path=/; Domain=.localhost:8087')]
2013-05-24 11:40:08,217 -- repoze.who request ended (/) --
