\BOOKMARK [0][-]{chapter.1}{About pyModis}{}% 1
\BOOKMARK [1][-]{section.1.1}{Requirements}{chapter.1}% 2
\BOOKMARK [1][-]{section.1.2}{How to install pyModis}{chapter.1}% 3
\BOOKMARK [1][-]{section.1.3}{How to report a bug}{chapter.1}% 4
\BOOKMARK [1][-]{section.1.4}{How to compile documentation}{chapter.1}% 5
\BOOKMARK [1][-]{section.1.5}{Ohloh statistics}{chapter.1}% 6
\BOOKMARK [0][-]{chapter.2}{pyModis Scripts}{}% 7
\BOOKMARK [1][-]{section.2.1}{modis\137download.py}{chapter.2}% 8
\BOOKMARK [1][-]{section.2.2}{modis\137parse.py}{chapter.2}% 9
\BOOKMARK [1][-]{section.2.3}{modis\137multiparse.py}{chapter.2}% 10
\BOOKMARK [1][-]{section.2.4}{modis\137mosaic.py}{chapter.2}% 11
\BOOKMARK [1][-]{section.2.5}{modis\137convert.py}{chapter.2}% 12
\BOOKMARK [0][-]{chapter.3}{Example of a full process}{}% 13
\BOOKMARK [1][-]{section.3.1}{Downloading data}{chapter.3}% 14
\BOOKMARK [1][-]{section.3.2}{Mosaic data}{chapter.3}% 15
\BOOKMARK [1][-]{section.3.3}{Convert data}{chapter.3}% 16
\BOOKMARK [0][-]{chapter.4}{pyModis Library}{}% 17
\BOOKMARK [1][-]{section.4.1}{pyModis Package}{chapter.4}% 18
\BOOKMARK [0][-]{section*.75}{Python Module Index}{}% 19
\BOOKMARK [0][-]{section*.76}{Index}{}% 20
