22:06:17    DEBUG          engineer.engine.build     Starting build using configuration file C:\Users\Tyler\Code\engineer\engineer\sample_site\debug.yaml.
22:06:17    DEBUG          engineer.engine.build     Copying static files to output cache.
22:06:17    DEBUG    engineer.util.mirror_folder     Mirroring C:\Users\Tyler\Code\engineer\engineer\static\engineer ==> C:\Users\Tyler\Code\engineer\engineer\sample_site\_cache\debug.yaml\output_cache\static\engineer
22:06:17    DEBUG    engineer.util.mirror_folder     Copying new file C:\Users\Tyler\Code\engineer\engineer\static\engineer\tango.css ==> C:\Users\Tyler\Code\engineer\engineer\sample_site\_cache\debug.yaml\output_cache\static\engineer\tango.css
22:06:17    DEBUG    engineer.util.mirror_folder     Copying new file C:\Users\Tyler\Code\engineer\engineer\static\engineer\emacs.css ==> C:\Users\Tyler\Code\engineer\engineer\sample_site\_cache\debug.yaml\output_cache\static\engineer\emacs.css
22:06:17    DEBUG    engineer.util.mirror_folder     Copying new file C:\Users\Tyler\Code\engineer\engineer\static\engineer\monokai.css ==> C:\Users\Tyler\Code\engineer\engineer\sample_site\_cache\debug.yaml\output_cache\static\engineer\monokai.css
22:06:17    DEBUG    engineer.util.mirror_folder     Copying new file C:\Users\Tyler\Code\engineer\engineer\static\engineer\fruity.css ==> C:\Users\Tyler\Code\engineer\engineer\sample_site\_cache\debug.yaml\output_cache\static\engineer\fruity.css
22:06:17    DEBUG    engineer.util.mirror_folder     Copying new file C:\Users\Tyler\Code\engineer\engineer\static\engineer\murphy.css ==> C:\Users\Tyler\Code\engineer\engineer\sample_site\_cache\debug.yaml\output_cache\static\engineer\murphy.css
22:06:17    DEBUG    engineer.util.mirror_folder     Copying new file C:\Users\Tyler\Code\engineer\engineer\static\engineer\autumn.css ==> C:\Users\Tyler\Code\engineer\engineer\sample_site\_cache\debug.yaml\output_cache\static\engineer\autumn.css
22:06:17    DEBUG    engineer.util.mirror_folder     Copying new file C:\Users\Tyler\Code\engineer\engineer\static\engineer\solarizeddark.css ==> C:\Users\Tyler\Code\engineer\engineer\sample_site\_cache\debug.yaml\output_cache\static\engineer\solarizeddark.css
22:06:17    DEBUG    engineer.util.mirror_folder     Copying new file C:\Users\Tyler\Code\engineer\engineer\static\engineer\manni.css ==> C:\Users\Tyler\Code\engineer\engineer\sample_site\_cache\debug.yaml\output_cache\static\engineer\manni.css
22:06:17    DEBUG    engineer.util.mirror_folder     Copying new file C:\Users\Tyler\Code\engineer\engineer\static\engineer\bw.css ==> C:\Users\Tyler\Code\engineer\engineer\sample_site\_cache\debug.yaml\output_cache\static\engineer\bw.css
22:06:17    DEBUG    engineer.util.mirror_folder     Copying new file C:\Users\Tyler\Code\engineer\engineer\static\engineer\reset.css.less ==> C:\Users\Tyler\Code\engineer\engineer\sample_site\_cache\debug.yaml\output_cache\static\engineer\reset.css.less
22:06:17    DEBUG    engineer.util.mirror_folder     Copying new file C:\Users\Tyler\Code\engineer\engineer\static\engineer\default.css ==> C:\Users\Tyler\Code\engineer\engineer\sample_site\_cache\debug.yaml\output_cache\static\engineer\default.css
22:06:17    DEBUG    engineer.util.mirror_folder     Copying new file C:\Users\Tyler\Code\engineer\engineer\static\engineer\github.css ==> C:\Users\Tyler\Code\engineer\engineer\sample_site\_cache\debug.yaml\output_cache\static\engineer\github.css
22:06:17    DEBUG    engineer.util.mirror_folder     Copying new file C:\Users\Tyler\Code\engineer\engineer\static\engineer\_solarized.less ==> C:\Users\Tyler\Code\engineer\engineer\sample_site\_cache\debug.yaml\output_cache\static\engineer\_solarized.less
22:06:17    DEBUG    engineer.util.mirror_folder     Copying new file C:\Users\Tyler\Code\engineer\engineer\static\engineer\colorful.css ==> C:\Users\Tyler\Code\engineer\engineer\sample_site\_cache\debug.yaml\output_cache\static\engineer\colorful.css
22:06:17    DEBUG    engineer.util.mirror_folder     Copying new file C:\Users\Tyler\Code\engineer\engineer\static\engineer\baseline.less ==> C:\Users\Tyler\Code\engineer\engineer\sample_site\_cache\debug.yaml\output_cache\static\engineer\baseline.less
22:06:17    DEBUG    engineer.util.mirror_folder     Copying new file C:\Users\Tyler\Code\engineer\engineer\static\engineer\perldoc.css ==> C:\Users\Tyler\Code\engineer\engineer\sample_site\_cache\debug.yaml\output_cache\static\engineer\perldoc.css
22:06:17    DEBUG    engineer.util.mirror_folder     Copying new file C:\Users\Tyler\Code\engineer\engineer\static\engineer\friendly.css ==> C:\Users\Tyler\Code\engineer\engineer\sample_site\_cache\debug.yaml\output_cache\static\engineer\friendly.css
22:06:17    DEBUG    engineer.util.mirror_folder     Copying new file C:\Users\Tyler\Code\engineer\engineer\static\engineer\pastie.css ==> C:\Users\Tyler\Code\engineer\engineer\sample_site\_cache\debug.yaml\output_cache\static\engineer\pastie.css
22:06:17    DEBUG    engineer.util.mirror_folder     Copying new file C:\Users\Tyler\Code\engineer\engineer\static\engineer\_base_mixins.less ==> C:\Users\Tyler\Code\engineer\engineer\sample_site\_cache\debug.yaml\output_cache\static\engineer\_base_mixins.less
22:06:17    DEBUG    engineer.util.mirror_folder     Copying new file C:\Users\Tyler\Code\engineer\engineer\static\engineer\trac.css ==> C:\Users\Tyler\Code\engineer\engineer\sample_site\_cache\debug.yaml\output_cache\static\engineer\trac.css
22:06:17    DEBUG    engineer.util.mirror_folder     Copying new file C:\Users\Tyler\Code\engineer\engineer\static\engineer\solarized.css ==> C:\Users\Tyler\Code\engineer\engineer\sample_site\_cache\debug.yaml\output_cache\static\engineer\solarized.css
22:06:17    DEBUG    engineer.util.mirror_folder     Copying new file C:\Users\Tyler\Code\engineer\engineer\static\engineer\vs.css ==> C:\Users\Tyler\Code\engineer\engineer\sample_site\_cache\debug.yaml\output_cache\static\engineer\vs.css
22:06:17    DEBUG    engineer.util.mirror_folder     Copying new file C:\Users\Tyler\Code\engineer\engineer\static\engineer\native.css ==> C:\Users\Tyler\Code\engineer\engineer\sample_site\_cache\debug.yaml\output_cache\static\engineer\native.css
22:06:17    DEBUG    engineer.util.mirror_folder     Copying new file C:\Users\Tyler\Code\engineer\engineer\static\engineer\borland.css ==> C:\Users\Tyler\Code\engineer\engineer\sample_site\_cache\debug.yaml\output_cache\static\engineer\borland.css
22:06:17    DEBUG    engineer.util.mirror_folder     Mirroring C:\Users\Tyler\Code\engineer\engineer\static\engineer\lib\foundation ==> C:\Users\Tyler\Code\engineer\engineer\sample_site\_cache\debug.yaml\output_cache\static\engineer/lib/foundation
22:06:17    DEBUG    engineer.util.mirror_folder     Copying new file C:\Users\Tyler\Code\engineer\engineer\static\engineer\lib\foundation\humans.txt ==> C:\Users\Tyler\Code\engineer\engineer\sample_site\_cache\debug.yaml\output_cache\static\engineer/lib/foundation\humans.txt
22:06:17    DEBUG    engineer.util.mirror_folder     Copying new file C:\Users\Tyler\Code\engineer\engineer\static\engineer\lib\foundation\index.html ==> C:\Users\Tyler\Code\engineer\engineer\sample_site\_cache\debug.yaml\output_cache\static\engineer/lib/foundation\index.html
22:06:17    DEBUG    engineer.util.mirror_folder     Copying new file C:\Users\Tyler\Code\engineer\engineer\static\engineer\lib\foundation\robots.txt ==> C:\Users\Tyler\Code\engineer\engineer\sample_site\_cache\debug.yaml\output_cache\static\engineer/lib/foundation\robots.txt
22:06:17    DEBUG    engineer.util.mirror_folder     Copying new directory C:\Users\Tyler\Code\engineer\engineer\static\engineer\lib\foundation\stylesheets ==> C:\Users\Tyler\Code\engineer\engineer\sample_site\_cache\debug.yaml\output_cache\static\engineer/lib/foundation\stylesheets
22:06:17    DEBUG    engineer.util.mirror_folder     Copying new directory C:\Users\Tyler\Code\engineer\engineer\static\engineer\lib\foundation\images ==> C:\Users\Tyler\Code\engineer\engineer\sample_site\_cache\debug.yaml\output_cache\static\engineer/lib/foundation\images
22:06:17    DEBUG    engineer.util.mirror_folder     Copying new directory C:\Users\Tyler\Code\engineer\engineer\static\engineer\lib\foundation\javascripts ==> C:\Users\Tyler\Code\engineer\engineer\sample_site\_cache\debug.yaml\output_cache\static\engineer/lib/foundation\javascripts
22:06:17    DEBUG          engineer.engine.build     Copied Foundation library files.
22:06:17    DEBUG          engineer.engine.build     Copied LESS CSS files.
22:06:17    DEBUG          engineer.engine.build     Copied jQuery files.
22:06:17    DEBUG    engineer.util.mirror_folder     Mirroring C:\Users\Tyler\Code\engineer\engineer\static\engineer\lib\tweet ==> C:\Users\Tyler\Code\engineer\engineer\sample_site\_cache\debug.yaml\output_cache\static\engineer/lib/tweet
22:06:17    DEBUG    engineer.util.mirror_folder     Copying new file C:\Users\Tyler\Code\engineer\engineer\static\engineer\lib\tweet\README.markdown ==> C:\Users\Tyler\Code\engineer\engineer\sample_site\_cache\debug.yaml\output_cache\static\engineer/lib/tweet\README.markdown
22:06:17    DEBUG    engineer.util.mirror_folder     Copying new directory C:\Users\Tyler\Code\engineer\engineer\static\engineer\lib\tweet\tweet ==> C:\Users\Tyler\Code\engineer\engineer\sample_site\_cache\debug.yaml\output_cache\static\engineer/lib/tweet\tweet
22:06:17    DEBUG    engineer.util.mirror_folder     Copying new file C:\Users\Tyler\Code\engineer\engineer\static\engineer\lib\tweet\.gitignore ==> C:\Users\Tyler\Code\engineer\engineer\sample_site\_cache\debug.yaml\output_cache\static\engineer/lib/tweet\.gitignore
22:06:17    DEBUG    engineer.util.mirror_folder     Copying new file C:\Users\Tyler\Code\engineer\engineer\static\engineer\lib\tweet\.git ==> C:\Users\Tyler\Code\engineer\engineer\sample_site\_cache\debug.yaml\output_cache\static\engineer/lib/tweet\.git
22:06:17    DEBUG    engineer.util.mirror_folder     Copying new file C:\Users\Tyler\Code\engineer\engineer\static\engineer\lib\tweet\LICENSE.txt ==> C:\Users\Tyler\Code\engineer\engineer\sample_site\_cache\debug.yaml\output_cache\static\engineer/lib/tweet\LICENSE.txt
22:06:17    DEBUG    engineer.util.mirror_folder     Copying new file C:\Users\Tyler\Code\engineer\engineer\static\engineer\lib\tweet\config.ru ==> C:\Users\Tyler\Code\engineer\engineer\sample_site\_cache\debug.yaml\output_cache\static\engineer/lib/tweet\config.ru
22:06:17    DEBUG          engineer.engine.build     Copied Tweet files.
22:06:17    DEBUG          engineer.engine.build     Copied static files to /static\engineer\lib\tweet.
22:06:17    DEBUG          engineer.engine.build     Copying theme static files to output cache.
22:06:17    DEBUG    engineer.util.mirror_folder     Mirroring C:\Users\Tyler\Code\engineer\engineer\themes\oleb\static ==> C:\Users\Tyler\Code\engineer\engineer\sample_site\_cache\debug.yaml\output_cache\static\theme
22:06:17    DEBUG    engineer.util.mirror_folder     Copying new directory C:\Users\Tyler\Code\engineer\engineer\themes\oleb\static\stylesheets ==> C:\Users\Tyler\Code\engineer\engineer\sample_site\_cache\debug.yaml\output_cache\static\theme\stylesheets
22:06:17    DEBUG          engineer.engine.build     Copied static files for theme to /static\theme.
22:06:17    DEBUG          engineer.engine.build     Copying additional theme content to output cache.
22:06:17    DEBUG          engineer.engine.build     Copied additional files for theme to /static\theme\images\rss.png.
22:06:17     INFO          engineer.engine.build     Loading posts...
22:06:17    DEBUG                  engineer.conf     Configuring the Jinja environment.
22:06:17     INFO               engineer.loaders     Getting posts from C:\Users\Tyler\Code\engineer\engineer\sample_site\posts.
22:06:17     INFO               engineer.loaders     Getting posts from C:\Users\Tyler\Code\engineer\engineer\sample_site\archives.
22:06:17    DEBUG                  engineer.conf     Caches either don't exist or are old, so creating new ones...
22:06:17    DEBUG               engineer.loaders     '(d)2012-03-09-a-draft-post.md': Beginning to parse.
22:06:17    DEBUG engineer.plugins.bundled.FinalizationPlugin     No metadata finalization needed for post 'a-draft-post'
22:06:17    DEBUG engineer.plugins.bundled.PostRenamerPlugin     Post Renamer plugin disabled.
22:06:17    DEBUG               engineer.loaders     '(d)2012-03-09-a-draft-post.md': Parsed successfully.
22:06:17     INFO               engineer.loaders     '(d)2012-03-09-a-draft-post.md': LOADED
22:06:17    DEBUG               engineer.loaders     '(d)2012-03-18-test-post.md': Beginning to parse.
22:06:17    DEBUG engineer.plugins.bundled.FinalizationPlugin     No metadata finalization needed for post 'test-post'
22:06:17    DEBUG engineer.plugins.bundled.PostRenamerPlugin     Post Renamer plugin disabled.
22:06:17    DEBUG               engineer.loaders     '(d)2012-03-18-test-post.md': Parsed successfully.
22:06:17     INFO               engineer.loaders     '(d)2012-03-18-test-post.md': LOADED
22:06:17    DEBUG               engineer.loaders     '(p)2012-03-07-markdown-tutorial.md': Beginning to parse.
22:06:17    DEBUG engineer.plugins.bundled.FinalizationPlugin     No metadata finalization needed for post 'markdown-tutorial'
22:06:17    DEBUG engineer.plugins.bundled.PostRenamerPlugin     Post Renamer plugin disabled.
22:06:17    DEBUG               engineer.loaders     '(p)2012-03-07-markdown-tutorial.md': Parsed successfully.
22:06:17     INFO               engineer.loaders     '(p)2012-03-07-markdown-tutorial.md': LOADED
22:06:17    DEBUG               engineer.loaders     '(p)2012-03-08-theme-style-preview.md': Beginning to parse.
22:06:17    DEBUG engineer.plugins.bundled.FinalizationPlugin     No metadata finalization needed for post 'theme-style-preview'
22:06:17    DEBUG engineer.plugins.bundled.PostRenamerPlugin     Post Renamer plugin disabled.
22:06:17    DEBUG               engineer.loaders     '(p)2012-03-08-theme-style-preview.md': Parsed successfully.
22:06:17     INFO               engineer.loaders     '(p)2012-03-08-theme-style-preview.md': LOADED
22:06:17    DEBUG               engineer.loaders     '(p)2012-03-09-what-s-next.md': Beginning to parse.
22:06:17    DEBUG engineer.plugins.bundled.FinalizationPlugin     No metadata finalization needed for post 'what-s-next'
22:06:17    DEBUG engineer.plugins.bundled.PostRenamerPlugin     Post Renamer plugin disabled.
22:06:17    DEBUG               engineer.loaders     '(p)2012-03-09-what-s-next.md': Parsed successfully.
22:06:17     INFO               engineer.loaders     '(p)2012-03-09-what-s-next.md': LOADED
22:06:17    DEBUG               engineer.loaders     '(p)2012-03-10-welcome.md': Beginning to parse.
22:06:17    DEBUG engineer.plugins.bundled.FinalizationPlugin     No metadata finalization needed for post 'welcome'
22:06:17    DEBUG engineer.plugins.bundled.PostRenamerPlugin     Post Renamer plugin disabled.
22:06:17    DEBUG               engineer.loaders     '(p)2012-03-10-welcome.md': Parsed successfully.
22:06:17     INFO               engineer.loaders     '(p)2012-03-10-welcome.md': LOADED
22:06:17    DEBUG               engineer.loaders     '(p)2012-05-05-engineer-documentation.md': Beginning to parse.
22:06:17    DEBUG engineer.plugins.bundled.FinalizationPlugin     No metadata finalization needed for post 'engineer-documentation'
22:06:17    DEBUG engineer.plugins.bundled.PostRenamerPlugin     Post Renamer plugin disabled.
22:06:17    DEBUG               engineer.loaders     '(p)2012-05-05-engineer-documentation.md': Parsed successfully.
22:06:17     INFO               engineer.loaders     '(p)2012-05-05-engineer-documentation.md': LOADED
22:06:17    DEBUG               engineer.loaders     '(p)2011-11-03-post-from-2011.md': Beginning to parse.
22:06:17    DEBUG engineer.plugins.bundled.FinalizationPlugin     No metadata finalization needed for post 'post-from-2011'
22:06:17    DEBUG engineer.plugins.bundled.PostRenamerPlugin     Post Renamer plugin disabled.
22:06:17    DEBUG               engineer.loaders     '(p)2011-11-03-post-from-2011.md': Parsed successfully.
22:06:17     INFO               engineer.loaders     '(p)2011-11-03-post-from-2011.md': LOADED
22:06:17  CONSOLE               engineer.loaders     Found 8 new posts and loaded 0 from the cache.
22:06:17     INFO          engineer.engine.build     Generating template pages from C:\Users\Tyler\Code\engineer\engineer\sample_site\templates\pages.
