21:45:18    DEBUG          engineer.engine.build     Starting build using configuration file C:\Users\Tyler\Code\engineer\engineer\sample_site\debug.yaml.
21:45:18    DEBUG          engineer.engine.build     Copying static files to output cache.
21:45:18    DEBUG    engineer.util.mirror_folder     Mirroring C:\Users\Tyler\Code\engineer\engineer\static\engineer ==> C:\Users\Tyler\Code\engineer\engineer\sample_site\_cache\debug.yaml\output_cache\static\engineer
21:45:18    DEBUG    engineer.util.mirror_folder     Copying new file C:\Users\Tyler\Code\engineer\engineer\static\engineer\tango.css ==> C:\Users\Tyler\Code\engineer\engineer\sample_site\_cache\debug.yaml\output_cache\static\engineer\tango.css
21:45:18    DEBUG    engineer.util.mirror_folder     Copying new file C:\Users\Tyler\Code\engineer\engineer\static\engineer\emacs.css ==> C:\Users\Tyler\Code\engineer\engineer\sample_site\_cache\debug.yaml\output_cache\static\engineer\emacs.css
21:45:18    DEBUG    engineer.util.mirror_folder     Copying new file C:\Users\Tyler\Code\engineer\engineer\static\engineer\monokai.css ==> C:\Users\Tyler\Code\engineer\engineer\sample_site\_cache\debug.yaml\output_cache\static\engineer\monokai.css
21:45:18    DEBUG    engineer.util.mirror_folder     Copying new file C:\Users\Tyler\Code\engineer\engineer\static\engineer\fruity.css ==> C:\Users\Tyler\Code\engineer\engineer\sample_site\_cache\debug.yaml\output_cache\static\engineer\fruity.css
21:45:18    DEBUG    engineer.util.mirror_folder     Copying new file C:\Users\Tyler\Code\engineer\engineer\static\engineer\murphy.css ==> C:\Users\Tyler\Code\engineer\engineer\sample_site\_cache\debug.yaml\output_cache\static\engineer\murphy.css
21:45:18    DEBUG    engineer.util.mirror_folder     Copying new file C:\Users\Tyler\Code\engineer\engineer\static\engineer\autumn.css ==> C:\Users\Tyler\Code\engineer\engineer\sample_site\_cache\debug.yaml\output_cache\static\engineer\autumn.css
21:45:18    DEBUG    engineer.util.mirror_folder     Copying new file C:\Users\Tyler\Code\engineer\engineer\static\engineer\solarizeddark.css ==> C:\Users\Tyler\Code\engineer\engineer\sample_site\_cache\debug.yaml\output_cache\static\engineer\solarizeddark.css
21:45:18    DEBUG    engineer.util.mirror_folder     Copying new file C:\Users\Tyler\Code\engineer\engineer\static\engineer\manni.css ==> C:\Users\Tyler\Code\engineer\engineer\sample_site\_cache\debug.yaml\output_cache\static\engineer\manni.css
21:45:18    DEBUG    engineer.util.mirror_folder     Copying new file C:\Users\Tyler\Code\engineer\engineer\static\engineer\bw.css ==> C:\Users\Tyler\Code\engineer\engineer\sample_site\_cache\debug.yaml\output_cache\static\engineer\bw.css
21:45:18    DEBUG    engineer.util.mirror_folder     Copying new file C:\Users\Tyler\Code\engineer\engineer\static\engineer\reset.css.less ==> C:\Users\Tyler\Code\engineer\engineer\sample_site\_cache\debug.yaml\output_cache\static\engineer\reset.css.less
21:45:18    DEBUG    engineer.util.mirror_folder     Copying new file C:\Users\Tyler\Code\engineer\engineer\static\engineer\default.css ==> C:\Users\Tyler\Code\engineer\engineer\sample_site\_cache\debug.yaml\output_cache\static\engineer\default.css
21:45:18    DEBUG    engineer.util.mirror_folder     Copying new file C:\Users\Tyler\Code\engineer\engineer\static\engineer\github.css ==> C:\Users\Tyler\Code\engineer\engineer\sample_site\_cache\debug.yaml\output_cache\static\engineer\github.css
21:45:18    DEBUG    engineer.util.mirror_folder     Copying new file C:\Users\Tyler\Code\engineer\engineer\static\engineer\_solarized.less ==> C:\Users\Tyler\Code\engineer\engineer\sample_site\_cache\debug.yaml\output_cache\static\engineer\_solarized.less
21:45:18    DEBUG    engineer.util.mirror_folder     Copying new file C:\Users\Tyler\Code\engineer\engineer\static\engineer\colorful.css ==> C:\Users\Tyler\Code\engineer\engineer\sample_site\_cache\debug.yaml\output_cache\static\engineer\colorful.css
21:45:18    DEBUG    engineer.util.mirror_folder     Copying new file C:\Users\Tyler\Code\engineer\engineer\static\engineer\baseline.less ==> C:\Users\Tyler\Code\engineer\engineer\sample_site\_cache\debug.yaml\output_cache\static\engineer\baseline.less
21:45:18    DEBUG    engineer.util.mirror_folder     Copying new file C:\Users\Tyler\Code\engineer\engineer\static\engineer\perldoc.css ==> C:\Users\Tyler\Code\engineer\engineer\sample_site\_cache\debug.yaml\output_cache\static\engineer\perldoc.css
21:45:18    DEBUG    engineer.util.mirror_folder     Copying new file C:\Users\Tyler\Code\engineer\engineer\static\engineer\friendly.css ==> C:\Users\Tyler\Code\engineer\engineer\sample_site\_cache\debug.yaml\output_cache\static\engineer\friendly.css
21:45:18    DEBUG    engineer.util.mirror_folder     Copying new file C:\Users\Tyler\Code\engineer\engineer\static\engineer\pastie.css ==> C:\Users\Tyler\Code\engineer\engineer\sample_site\_cache\debug.yaml\output_cache\static\engineer\pastie.css
21:45:18    DEBUG    engineer.util.mirror_folder     Copying new file C:\Users\Tyler\Code\engineer\engineer\static\engineer\_base_mixins.less ==> C:\Users\Tyler\Code\engineer\engineer\sample_site\_cache\debug.yaml\output_cache\static\engineer\_base_mixins.less
21:45:18    DEBUG    engineer.util.mirror_folder     Copying new file C:\Users\Tyler\Code\engineer\engineer\static\engineer\trac.css ==> C:\Users\Tyler\Code\engineer\engineer\sample_site\_cache\debug.yaml\output_cache\static\engineer\trac.css
21:45:18    DEBUG    engineer.util.mirror_folder     Copying new file C:\Users\Tyler\Code\engineer\engineer\static\engineer\solarized.css ==> C:\Users\Tyler\Code\engineer\engineer\sample_site\_cache\debug.yaml\output_cache\static\engineer\solarized.css
21:45:18    DEBUG    engineer.util.mirror_folder     Copying new file C:\Users\Tyler\Code\engineer\engineer\static\engineer\vs.css ==> C:\Users\Tyler\Code\engineer\engineer\sample_site\_cache\debug.yaml\output_cache\static\engineer\vs.css
21:45:18    DEBUG    engineer.util.mirror_folder     Copying new file C:\Users\Tyler\Code\engineer\engineer\static\engineer\native.css ==> C:\Users\Tyler\Code\engineer\engineer\sample_site\_cache\debug.yaml\output_cache\static\engineer\native.css
21:45:18    DEBUG    engineer.util.mirror_folder     Copying new file C:\Users\Tyler\Code\engineer\engineer\static\engineer\borland.css ==> C:\Users\Tyler\Code\engineer\engineer\sample_site\_cache\debug.yaml\output_cache\static\engineer\borland.css
21:45:18    DEBUG    engineer.util.mirror_folder     Mirroring C:\Users\Tyler\Code\engineer\engineer\static\engineer\lib\foundation ==> C:\Users\Tyler\Code\engineer\engineer\sample_site\_cache\debug.yaml\output_cache\static\engineer/lib/foundation
21:45:18    DEBUG    engineer.util.mirror_folder     Copying new file C:\Users\Tyler\Code\engineer\engineer\static\engineer\lib\foundation\humans.txt ==> C:\Users\Tyler\Code\engineer\engineer\sample_site\_cache\debug.yaml\output_cache\static\engineer/lib/foundation\humans.txt
21:45:18    DEBUG    engineer.util.mirror_folder     Copying new file C:\Users\Tyler\Code\engineer\engineer\static\engineer\lib\foundation\index.html ==> C:\Users\Tyler\Code\engineer\engineer\sample_site\_cache\debug.yaml\output_cache\static\engineer/lib/foundation\index.html
21:45:18    DEBUG    engineer.util.mirror_folder     Copying new file C:\Users\Tyler\Code\engineer\engineer\static\engineer\lib\foundation\robots.txt ==> C:\Users\Tyler\Code\engineer\engineer\sample_site\_cache\debug.yaml\output_cache\static\engineer/lib/foundation\robots.txt
21:45:18    DEBUG    engineer.util.mirror_folder     Copying new directory C:\Users\Tyler\Code\engineer\engineer\static\engineer\lib\foundation\stylesheets ==> C:\Users\Tyler\Code\engineer\engineer\sample_site\_cache\debug.yaml\output_cache\static\engineer/lib/foundation\stylesheets
21:45:18    DEBUG    engineer.util.mirror_folder     Copying new directory C:\Users\Tyler\Code\engineer\engineer\static\engineer\lib\foundation\images ==> C:\Users\Tyler\Code\engineer\engineer\sample_site\_cache\debug.yaml\output_cache\static\engineer/lib/foundation\images
21:45:18    DEBUG    engineer.util.mirror_folder     Copying new directory C:\Users\Tyler\Code\engineer\engineer\static\engineer\lib\foundation\javascripts ==> C:\Users\Tyler\Code\engineer\engineer\sample_site\_cache\debug.yaml\output_cache\static\engineer/lib/foundation\javascripts
21:45:18    DEBUG          engineer.engine.build     Copied Foundation library files.
21:45:18    DEBUG          engineer.engine.build     Copied LESS CSS files.
21:45:18    DEBUG          engineer.engine.build     Copied jQuery files.
21:45:18    DEBUG    engineer.util.mirror_folder     Mirroring C:\Users\Tyler\Code\engineer\engineer\static\engineer\lib\tweet ==> C:\Users\Tyler\Code\engineer\engineer\sample_site\_cache\debug.yaml\output_cache\static\engineer/lib/tweet
21:45:18    DEBUG    engineer.util.mirror_folder     Copying new file C:\Users\Tyler\Code\engineer\engineer\static\engineer\lib\tweet\README.markdown ==> C:\Users\Tyler\Code\engineer\engineer\sample_site\_cache\debug.yaml\output_cache\static\engineer/lib/tweet\README.markdown
21:45:18    DEBUG    engineer.util.mirror_folder     Copying new directory C:\Users\Tyler\Code\engineer\engineer\static\engineer\lib\tweet\tweet ==> C:\Users\Tyler\Code\engineer\engineer\sample_site\_cache\debug.yaml\output_cache\static\engineer/lib/tweet\tweet
21:45:18    DEBUG    engineer.util.mirror_folder     Copying new file C:\Users\Tyler\Code\engineer\engineer\static\engineer\lib\tweet\.gitignore ==> C:\Users\Tyler\Code\engineer\engineer\sample_site\_cache\debug.yaml\output_cache\static\engineer/lib/tweet\.gitignore
21:45:18    DEBUG    engineer.util.mirror_folder     Copying new file C:\Users\Tyler\Code\engineer\engineer\static\engineer\lib\tweet\.git ==> C:\Users\Tyler\Code\engineer\engineer\sample_site\_cache\debug.yaml\output_cache\static\engineer/lib/tweet\.git
21:45:18    DEBUG    engineer.util.mirror_folder     Copying new file C:\Users\Tyler\Code\engineer\engineer\static\engineer\lib\tweet\LICENSE.txt ==> C:\Users\Tyler\Code\engineer\engineer\sample_site\_cache\debug.yaml\output_cache\static\engineer/lib/tweet\LICENSE.txt
21:45:18    DEBUG    engineer.util.mirror_folder     Copying new file C:\Users\Tyler\Code\engineer\engineer\static\engineer\lib\tweet\config.ru ==> C:\Users\Tyler\Code\engineer\engineer\sample_site\_cache\debug.yaml\output_cache\static\engineer/lib/tweet\config.ru
21:45:18    DEBUG          engineer.engine.build     Copied Tweet files.
21:45:18    DEBUG          engineer.engine.build     Copied static files to /static\engineer\lib\tweet.
21:45:18    DEBUG          engineer.engine.build     Copying theme static files to output cache.
21:45:18    DEBUG    engineer.util.mirror_folder     Mirroring C:\Users\Tyler\Code\engineer\engineer\themes\oleb\static ==> C:\Users\Tyler\Code\engineer\engineer\sample_site\_cache\debug.yaml\output_cache\static\theme
21:45:18    DEBUG    engineer.util.mirror_folder     Copying new directory C:\Users\Tyler\Code\engineer\engineer\themes\oleb\static\stylesheets ==> C:\Users\Tyler\Code\engineer\engineer\sample_site\_cache\debug.yaml\output_cache\static\theme\stylesheets
21:45:18    DEBUG          engineer.engine.build     Copied static files for theme to /static\theme.
21:45:18    DEBUG          engineer.engine.build     Copying additional theme content to output cache.
21:45:18    DEBUG          engineer.engine.build     Copied additional files for theme to /static\theme\images\rss.png.
21:45:18     INFO          engineer.engine.build     Loading posts...
21:45:18    DEBUG                  engineer.conf     Configuring the Jinja environment.
21:45:18     INFO               engineer.loaders     Getting posts from C:\Users\Tyler\Code\engineer\engineer\sample_site\posts.
21:45:18     INFO               engineer.loaders     Getting posts from C:\Users\Tyler\Code\engineer\engineer\sample_site\archives.
21:45:18    DEBUG                  engineer.conf     Caches either don't exist or are old, so creating new ones...
21:45:18     INFO               engineer.loaders     '(d)2012-03-09-a-draft-post.md': FROM CACHE
21:45:18     INFO               engineer.loaders     '(d)2012-03-18-test-post.md': FROM CACHE
21:45:18     INFO               engineer.loaders     '(p)2012-03-07-markdown-tutorial.md': FROM CACHE
21:45:18     INFO               engineer.loaders     '(p)2012-03-08-theme-style-preview.md': FROM CACHE
21:45:18     INFO               engineer.loaders     '(p)2012-03-09-what-s-next.md': FROM CACHE
21:45:18     INFO               engineer.loaders     '(p)2012-03-10-welcome.md': FROM CACHE
21:45:18     INFO               engineer.loaders     '(p)2012-05-05-engineer-documentation.md': FROM CACHE
21:45:18     INFO               engineer.loaders     '(p)2011-11-03-post-from-2011.md': FROM CACHE
21:45:18  CONSOLE               engineer.loaders     Found 0 new posts and loaded 8 from the cache.
21:45:18     INFO          engineer.engine.build     Generating template pages from C:\Users\Tyler\Code\engineer\engineer\sample_site\templates\pages.
21:45:18    DEBUG          engineer.engine.build     Output template page /about\index.html.
21:45:18    DEBUG          engineer.engine.build     Output template page /themes\index.html.
21:45:18     INFO          engineer.engine.build     Generated 2 template pages.
21:45:18    DEBUG          engineer.engine.build     Output rollup page /page\1\index.html.
21:45:18    DEBUG          engineer.engine.build     Output 'C:\Users\Tyler\Code\engineer\engineer\sample_site\_cache\debug.yaml\output_cache\index.html'.
21:45:18    DEBUG          engineer.engine.build     Output rollup page /page\2\index.html.
21:45:18    DEBUG          engineer.engine.build     Output /archives\index.html.
21:45:18    DEBUG          engineer.engine.build     Output /tag\themes\index.html.
21:45:18    DEBUG          engineer.engine.build     Output /tag\markdown\index.html.
21:45:18    DEBUG          engineer.engine.build     Output /tag\features\index.html.
21:45:18    DEBUG          engineer.engine.build     Output /tag\sample\index.html.
21:45:18    DEBUG          engineer.engine.build     Output /tag\primer\index.html.
21:45:18    DEBUG          engineer.engine.build     Output /tag\preview\index.html.
21:45:18    DEBUG          engineer.engine.build     Output /tag\example\index.html.
21:45:18    DEBUG          engineer.engine.build     Output /feeds\rss.xml.
21:45:18    DEBUG          engineer.engine.build     Output /sitemap.xml.gz.
21:45:19    DEBUG          engineer.engine.build     Compressed /static\engineer\lib\foundation\javascripts\foundation.js.
21:45:19    DEBUG          engineer.engine.build     Compressed /static\engineer\lib\foundation\stylesheets\mobile.css.
21:45:19    DEBUG          engineer.engine.build     Compressed /static\engineer\github.css.
21:45:19    DEBUG          engineer.engine.build     Compressed /static\engineer\lib\tweet\tweet\jquery.tweet.js.
21:45:19    DEBUG          engineer.engine.build     Compressed /static\engineer\lib\foundation\stylesheets\grid.css.
21:45:19    DEBUG          engineer.engine.build     Synchronizing output directory with output cache.
21:45:19    DEBUG    engineer.util.mirror_folder     Mirroring C:\Users\Tyler\Code\engineer\engineer\sample_site\_cache\debug.yaml\output_cache ==> C:\Users\Tyler\Code\engineer\engineer\sample_site\output
21:45:19    DEBUG    engineer.util.mirror_folder     Copying new directory C:\Users\Tyler\Code\engineer\engineer\sample_site\_cache\debug.yaml\output_cache\about ==> C:\Users\Tyler\Code\engineer\engineer\sample_site\output\about
21:45:19    DEBUG    engineer.util.mirror_folder     Copying new file C:\Users\Tyler\Code\engineer\engineer\sample_site\_cache\debug.yaml\output_cache\index.html ==> C:\Users\Tyler\Code\engineer\engineer\sample_site\output\index.html
21:45:19    DEBUG    engineer.util.mirror_folder     Copying new file C:\Users\Tyler\Code\engineer\engineer\sample_site\_cache\debug.yaml\output_cache\sitemap.xml.gz ==> C:\Users\Tyler\Code\engineer\engineer\sample_site\output\sitemap.xml.gz
21:45:19    DEBUG    engineer.util.mirror_folder     Copying new directory C:\Users\Tyler\Code\engineer\engineer\sample_site\_cache\debug.yaml\output_cache\themes ==> C:\Users\Tyler\Code\engineer\engineer\sample_site\output\themes
21:45:19    DEBUG    engineer.util.mirror_folder     Copying new directory C:\Users\Tyler\Code\engineer\engineer\sample_site\_cache\debug.yaml\output_cache\tag ==> C:\Users\Tyler\Code\engineer\engineer\sample_site\output\tag
21:45:19    DEBUG    engineer.util.mirror_folder     Copying new directory C:\Users\Tyler\Code\engineer\engineer\sample_site\_cache\debug.yaml\output_cache\static ==> C:\Users\Tyler\Code\engineer\engineer\sample_site\output\static
21:45:19    DEBUG    engineer.util.mirror_folder     Copying new directory C:\Users\Tyler\Code\engineer\engineer\sample_site\_cache\debug.yaml\output_cache\archives ==> C:\Users\Tyler\Code\engineer\engineer\sample_site\output\archives
21:45:19    DEBUG    engineer.util.mirror_folder     Copying new directory C:\Users\Tyler\Code\engineer\engineer\sample_site\_cache\debug.yaml\output_cache\feeds ==> C:\Users\Tyler\Code\engineer\engineer\sample_site\output\feeds
21:45:19    DEBUG    engineer.util.mirror_folder     Copying new directory C:\Users\Tyler\Code\engineer\engineer\sample_site\_cache\debug.yaml\output_cache\2011 ==> C:\Users\Tyler\Code\engineer\engineer\sample_site\output\2011
21:45:19    DEBUG    engineer.util.mirror_folder     Copying new directory C:\Users\Tyler\Code\engineer\engineer\sample_site\_cache\debug.yaml\output_cache\page ==> C:\Users\Tyler\Code\engineer\engineer\sample_site\output\page
21:45:19    DEBUG    engineer.util.mirror_folder     Copying new directory C:\Users\Tyler\Code\engineer\engineer\sample_site\_cache\debug.yaml\output_cache\2012 ==> C:\Users\Tyler\Code\engineer\engineer\sample_site\output\2012
21:45:19    DEBUG          engineer.engine.build     Folder mirroring report: {'deleted': set(),
 'new': set([path(u'C:\\Users\\Tyler\\Code\\engineer\\engineer\\sample_site\\output\\2011'),
             path(u'C:\\Users\\Tyler\\Code\\engineer\\engineer\\sample_site\\output\\2011\\11'),
             path(u'C:\\Users\\Tyler\\Code\\engineer\\engineer\\sample_site\\output\\2011\\11\\03'),
             path(u'C:\\Users\\Tyler\\Code\\engineer\\engineer\\sample_site\\output\\2011\\11\\03\\post-from-2011'),
             path(u'C:\\Users\\Tyler\\Code\\engineer\\engineer\\sample_site\\output\\2011\\11\\03\\post-from-2011\\index.html'),
             path(u'C:\\Users\\Tyler\\Code\\engineer\\engineer\\sample_site\\output\\2012'),
             path(u'C:\\Users\\Tyler\\Code\\engineer\\engineer\\sample_site\\output\\2012\\03'),
             path(u'C:\\Users\\Tyler\\Code\\engineer\\engineer\\sample_site\\output\\2012\\03\\07'),
             path(u'C:\\Users\\Tyler\\Code\\engineer\\engineer\\sample_site\\output\\2012\\03\\07\\markdown-tutorial'),
             path(u'C:\\Users\\Tyler\\Code\\engineer\\engineer\\sample_site\\output\\2012\\03\\07\\markdown-tutorial\\index.html'),
             path(u'C:\\Users\\Tyler\\Code\\engineer\\engineer\\sample_site\\output\\2012\\03\\08'),
             path(u'C:\\Users\\Tyler\\Code\\engineer\\engineer\\sample_site\\output\\2012\\03\\08\\theme-style-preview'),
             path(u'C:\\Users\\Tyler\\Code\\engineer\\engineer\\sample_site\\output\\2012\\03\\08\\theme-style-preview\\index.html'),
             path(u'C:\\Users\\Tyler\\Code\\engineer\\engineer\\sample_site\\output\\2012\\03\\09'),
             path(u'C:\\Users\\Tyler\\Code\\engineer\\engineer\\sample_site\\output\\2012\\03\\09\\what-s-next'),
             path(u'C:\\Users\\Tyler\\Code\\engineer\\engineer\\sample_site\\output\\2012\\03\\09\\what-s-next\\index.html'),
             path(u'C:\\Users\\Tyler\\Code\\engineer\\engineer\\sample_site\\output\\2012\\03\\10'),
             path(u'C:\\Users\\Tyler\\Code\\engineer\\engineer\\sample_site\\output\\2012\\03\\10\\welcome'),
             path(u'C:\\Users\\Tyler\\Code\\engineer\\engineer\\sample_site\\output\\2012\\03\\10\\welcome\\index.html'),
             path(u'C:\\Users\\Tyler\\Code\\engineer\\engineer\\sample_site\\output\\2012\\05'),
             path(u'C:\\Users\\Tyler\\Code\\engineer\\engineer\\sample_site\\output\\2012\\05\\05'),
             path(u'C:\\Users\\Tyler\\Code\\engineer\\engineer\\sample_site\\output\\2012\\05\\05\\engineer-documentation'),
             path(u'C:\\Users\\Tyler\\Code\\engineer\\engineer\\sample_site\\output\\2012\\05\\05\\engineer-documentation\\index.html'),
             path(u'C:\\Users\\Tyler\\Code\\engineer\\engineer\\sample_site\\output\\about'),
             path(u'C:\\Users\\Tyler\\Code\\engineer\\engineer\\sample_site\\output\\about\\index.html'),
             path(u'C:\\Users\\Tyler\\Code\\engineer\\engineer\\sample_site\\output\\archives'),
             path(u'C:\\Users\\Tyler\\Code\\engineer\\engineer\\sample_site\\output\\archives\\index.html'),
             path(u'C:\\Users\\Tyler\\Code\\engineer\\engineer\\sample_site\\output\\feeds'),
             path(u'C:\\Users\\Tyler\\Code\\engineer\\engineer\\sample_site\\output\\feeds\\rss.xml'),
             path(u'C:\\Users\\Tyler\\Code\\engineer\\engineer\\sample_site\\output\\index.html'),
             path(u'C:\\Users\\Tyler\\Code\\engineer\\engineer\\sample_site\\output\\page'),
             path(u'C:\\Users\\Tyler\\Code\\engineer\\engineer\\sample_site\\output\\page\\1'),
             path(u'C:\\Users\\Tyler\\Code\\engineer\\engineer\\sample_site\\output\\page\\1\\index.html'),
             path(u'C:\\Users\\Tyler\\Code\\engineer\\engineer\\sample_site\\output\\page\\2'),
             path(u'C:\\Users\\Tyler\\Code\\engineer\\engineer\\sample_site\\output\\page\\2\\index.html'),
             path(u'C:\\Users\\Tyler\\Code\\engineer\\engineer\\sample_site\\output\\sitemap.xml.gz'),
             path(u'C:\\Users\\Tyler\\Code\\engineer\\engineer\\sample_site\\output\\static'),
             path(u'C:\\Users\\Tyler\\Code\\engineer\\engineer\\sample_site\\output\\static\\engineer'),
             path(u'C:\\Users\\Tyler\\Code\\engineer\\engineer\\sample_site\\output\\static\\engineer\\_base_mixins.less'),
             path(u'C:\\Users\\Tyler\\Code\\engineer\\engineer\\sample_site\\output\\static\\engineer\\_solarized.less'),
             path(u'C:\\Users\\Tyler\\Code\\engineer\\engineer\\sample_site\\output\\static\\engineer\\autumn.css'),
             path(u'C:\\Users\\Tyler\\Code\\engineer\\engineer\\sample_site\\output\\static\\engineer\\baseline.less'),
             path(u'C:\\Users\\Tyler\\Code\\engineer\\engineer\\sample_site\\output\\static\\engineer\\borland.css'),
             path(u'C:\\Users\\Tyler\\Code\\engineer\\engineer\\sample_site\\output\\static\\engineer\\bw.css'),
             path(u'C:\\Users\\Tyler\\Code\\engineer\\engineer\\sample_site\\output\\static\\engineer\\colorful.css'),
             path(u'C:\\Users\\Tyler\\Code\\engineer\\engineer\\sample_site\\output\\static\\engineer\\default.css'),
             path(u'C:\\Users\\Tyler\\Code\\engineer\\engineer\\sample_site\\output\\static\\engineer\\emacs.css'),
             path(u'C:\\Users\\Tyler\\Code\\engineer\\engineer\\sample_site\\output\\static\\engineer\\friendly.css'),
             path(u'C:\\Users\\Tyler\\Code\\engineer\\engineer\\sample_site\\output\\static\\engineer\\fruity.css'),
             path(u'C:\\Users\\Tyler\\Code\\engineer\\engineer\\sample_site\\output\\static\\engineer\\github.css'),
             path(u'C:\\Users\\Tyler\\Code\\engineer\\engineer\\sample_site\\output\\static\\engineer\\lib'),
             path(u'C:\\Users\\Tyler\\Code\\engineer\\engineer\\sample_site\\output\\static\\engineer\\lib\\foundation'),
             path(u'C:\\Users\\Tyler\\Code\\engineer\\engineer\\sample_site\\output\\static\\engineer\\lib\\foundation\\humans.txt'),
             path(u'C:\\Users\\Tyler\\Code\\engineer\\engineer\\sample_site\\output\\static\\engineer\\lib\\foundation\\images'),
             path(u'C:\\Users\\Tyler\\Code\\engineer\\engineer\\sample_site\\output\\static\\engineer\\lib\\foundation\\images\\misc'),
             path(u'C:\\Users\\Tyler\\Code\\engineer\\engineer\\sample_site\\output\\static\\engineer\\lib\\foundation\\images\\misc\\button-gloss.png'),
             path(u'C:\\Users\\Tyler\\Code\\engineer\\engineer\\sample_site\\output\\static\\engineer\\lib\\foundation\\images\\misc\\button-overlay.png'),
             path(u'C:\\Users\\Tyler\\Code\\engineer\\engineer\\sample_site\\output\\static\\engineer\\lib\\foundation\\images\\misc\\custom-form-sprites.png'),
             path(u'C:\\Users\\Tyler\\Code\\engineer\\engineer\\sample_site\\output\\static\\engineer\\lib\\foundation\\images\\misc\\input-bg-outset.png'),
             path(u'C:\\Users\\Tyler\\Code\\engineer\\engineer\\sample_site\\output\\static\\engineer\\lib\\foundation\\images\\misc\\input-bg.png'),
             path(u'C:\\Users\\Tyler\\Code\\engineer\\engineer\\sample_site\\output\\static\\engineer\\lib\\foundation\\images\\misc\\modal-gloss.png'),
             path(u'C:\\Users\\Tyler\\Code\\engineer\\engineer\\sample_site\\output\\static\\engineer\\lib\\foundation\\images\\misc\\table-sorter.png'),
             path(u'C:\\Users\\Tyler\\Code\\engineer\\engineer\\sample_site\\output\\static\\engineer\\lib\\foundation\\images\\orbit'),
             path(u'C:\\Users\\Tyler\\Code\\engineer\\engineer\\sample_site\\output\\static\\engineer\\lib\\foundation\\images\\orbit\\bullets.jpg'),
             path(u'C:\\Users\\Tyler\\Code\\engineer\\engineer\\sample_site\\output\\static\\engineer\\lib\\foundation\\images\\orbit\\left-arrow.png'),
             path(u'C:\\Users\\Tyler\\Code\\engineer\\engineer\\sample_site\\output\\static\\engineer\\lib\\foundation\\images\\orbit\\loading.gif'),
             path(u'C:\\Users\\Tyler\\Code\\engineer\\engineer\\sample_site\\output\\static\\engineer\\lib\\foundation\\images\\orbit\\mask-black.png'),
             path(u'C:\\Users\\Tyler\\Code\\engineer\\engineer\\sample_site\\output\\static\\engineer\\lib\\foundation\\images\\orbit\\pause-black.png'),
             path(u'C:\\Users\\Tyler\\Code\\engineer\\engineer\\sample_site\\output\\static\\engineer\\lib\\foundation\\images\\orbit\\right-arrow.png'),
             path(u'C:\\Users\\Tyler\\Code\\engineer\\engineer\\sample_site\\output\\static\\engineer\\lib\\foundation\\images\\orbit\\rotator-black.png'),
             path(u'C:\\Users\\Tyler\\Code\\engineer\\engineer\\sample_site\\output\\static\\engineer\\lib\\foundation\\images\\orbit\\timer-black.png'),
             path(u'C:\\Users\\Tyler\\Code\\engineer\\engineer\\sample_site\\output\\static\\engineer\\lib\\foundation\\index.html'),
             path(u'C:\\Users\\Tyler\\Code\\engineer\\engineer\\sample_site\\output\\static\\engineer\\lib\\foundation\\javascripts'),
             path(u'C:\\Users\\Tyler\\Code\\engineer\\engineer\\sample_site\\output\\static\\engineer\\lib\\foundation\\javascripts\\app.js'),
             path(u'C:\\Users\\Tyler\\Code\\engineer\\engineer\\sample_site\\output\\static\\engineer\\lib\\foundation\\javascripts\\foundation.js'),
             path(u'C:\\Users\\Tyler\\Code\\engineer\\engineer\\sample_site\\output\\static\\engineer\\lib\\foundation\\javascripts\\jquery.customforms.js'),
             path(u'C:\\Users\\Tyler\\Code\\engineer\\engineer\\sample_site\\output\\static\\engineer\\lib\\foundation\\javascripts\\jquery.min.js'),
             path(u'C:\\Users\\Tyler\\Code\\engineer\\engineer\\sample_site\\output\\static\\engineer\\lib\\foundation\\javascripts\\jquery.orbit-1.4.0.js'),
             path(u'C:\\Users\\Tyler\\Code\\engineer\\engineer\\sample_site\\output\\static\\engineer\\lib\\foundation\\javascripts\\jquery.placeholder.min.js'),
             path(u'C:\\Users\\Tyler\\Code\\engineer\\engineer\\sample_site\\output\\static\\engineer\\lib\\foundation\\javascripts\\jquery.reveal.js'),
             path(u'C:\\Users\\Tyler\\Code\\engineer\\engineer\\sample_site\\output\\static\\engineer\\lib\\foundation\\javascripts\\jquery.tooltips.js'),
             path(u'C:\\Users\\Tyler\\Code\\engineer\\engineer\\sample_site\\output\\static\\engineer\\lib\\foundation\\javascripts\\modernizr.foundation.js'),
             path(u'C:\\Users\\Tyler\\Code\\engineer\\engineer\\sample_site\\output\\static\\engineer\\lib\\foundation\\robots.txt'),
             path(u'C:\\Users\\Tyler\\Code\\engineer\\engineer\\sample_site\\output\\static\\engineer\\lib\\foundation\\stylesheets'),
             path(u'C:\\Users\\Tyler\\Code\\engineer\\engineer\\sample_site\\output\\static\\engineer\\lib\\foundation\\stylesheets\\app.css'),
             path(u'C:\\Users\\Tyler\\Code\\engineer\\engineer\\sample_site\\output\\static\\engineer\\lib\\foundation\\stylesheets\\forms.css'),
             path(u'C:\\Users\\Tyler\\Code\\engineer\\engineer\\sample_site\\output\\static\\engineer\\lib\\foundation\\stylesheets\\globals.css'),
             path(u'C:\\Users\\Tyler\\Code\\engineer\\engineer\\sample_site\\output\\static\\engineer\\lib\\foundation\\stylesheets\\grid.css'),
             path(u'C:\\Users\\Tyler\\Code\\engineer\\engineer\\sample_site\\output\\static\\engineer\\lib\\foundation\\stylesheets\\ie.css'),
             path(u'C:\\Users\\Tyler\\Code\\engineer\\engineer\\sample_site\\output\\static\\engineer\\lib\\foundation\\stylesheets\\mobile.css'),
             path(u'C:\\Users\\Tyler\\Code\\engineer\\engineer\\sample_site\\output\\static\\engineer\\lib\\foundation\\stylesheets\\orbit.css'),
             path(u'C:\\Users\\Tyler\\Code\\engineer\\engineer\\sample_site\\output\\static\\engineer\\lib\\foundation\\stylesheets\\reveal.css'),
             path(u'C:\\Users\\Tyler\\Code\\engineer\\engineer\\sample_site\\output\\static\\engineer\\lib\\foundation\\stylesheets\\typography.css'),
             path(u'C:\\Users\\Tyler\\Code\\engineer\\engineer\\sample_site\\output\\static\\engineer\\lib\\foundation\\stylesheets\\ui.css'),
             path(u'C:\\Users\\Tyler\\Code\\engineer\\engineer\\sample_site\\output\\static\\engineer\\lib\\jquery-1.7.1.min.js'),
             path(u'C:\\Users\\Tyler\\Code\\engineer\\engineer\\sample_site\\output\\static\\engineer\\lib\\less-1.3.1.min.js'),
             path(u'C:\\Users\\Tyler\\Code\\engineer\\engineer\\sample_site\\output\\static\\engineer\\lib\\tweet'),
             path(u'C:\\Users\\Tyler\\Code\\engineer\\engineer\\sample_site\\output\\static\\engineer\\lib\\tweet\\.git'),
             path(u'C:\\Users\\Tyler\\Code\\engineer\\engineer\\sample_site\\output\\static\\engineer\\lib\\tweet\\.gitignore'),
             path(u'C:\\Users\\Tyler\\Code\\engineer\\engineer\\sample_site\\output\\static\\engineer\\lib\\tweet\\LICENSE.txt'),
             path(u'C:\\Users\\Tyler\\Code\\engineer\\engineer\\sample_site\\output\\static\\engineer\\lib\\tweet\\README.markdown'),
             path(u'C:\\Users\\Tyler\\Code\\engineer\\engineer\\sample_site\\output\\static\\engineer\\lib\\tweet\\config.ru'),
             path(u'C:\\Users\\Tyler\\Code\\engineer\\engineer\\sample_site\\output\\static\\engineer\\lib\\tweet\\tweet'),
             path(u'C:\\Users\\Tyler\\Code\\engineer\\engineer\\sample_site\\output\\static\\engineer\\lib\\tweet\\tweet\\index.css'),
             path(u'C:\\Users\\Tyler\\Code\\engineer\\engineer\\sample_site\\output\\static\\engineer\\lib\\tweet\\tweet\\index.html'),
             path(u'C:\\Users\\Tyler\\Code\\engineer\\engineer\\sample_site\\output\\static\\engineer\\lib\\tweet\\tweet\\jquery.tweet.css'),
             path(u'C:\\Users\\Tyler\\Code\\engineer\\engineer\\sample_site\\output\\static\\engineer\\lib\\tweet\\tweet\\jquery.tweet.js'),
             path(u'C:\\Users\\Tyler\\Code\\engineer\\engineer\\sample_site\\output\\static\\engineer\\manni.css'),
             path(u'C:\\Users\\Tyler\\Code\\engineer\\engineer\\sample_site\\output\\static\\engineer\\monokai.css'),
             path(u'C:\\Users\\Tyler\\Code\\engineer\\engineer\\sample_site\\output\\static\\engineer\\murphy.css'),
             path(u'C:\\Users\\Tyler\\Code\\engineer\\engineer\\sample_site\\output\\static\\engineer\\native.css'),
             path(u'C:\\Users\\Tyler\\Code\\engineer\\engineer\\sample_site\\output\\static\\engineer\\pastie.css'),
             path(u'C:\\Users\\Tyler\\Code\\engineer\\engineer\\sample_site\\output\\static\\engineer\\perldoc.css'),
             path(u'C:\\Users\\Tyler\\Code\\engineer\\engineer\\sample_site\\output\\static\\engineer\\reset.css.less'),
             path(u'C:\\Users\\Tyler\\Code\\engineer\\engineer\\sample_site\\output\\static\\engineer\\solarized.css'),
             path(u'C:\\Users\\Tyler\\Code\\engineer\\engineer\\sample_site\\output\\static\\engineer\\solarizeddark.css'),
             path(u'C:\\Users\\Tyler\\Code\\engineer\\engineer\\sample_site\\output\\static\\engineer\\tango.css'),
             path(u'C:\\Users\\Tyler\\Code\\engineer\\engineer\\sample_site\\output\\static\\engineer\\trac.css'),
             path(u'C:\\Users\\Tyler\\Code\\engineer\\engineer\\sample_site\\output\\static\\engineer\\vs.css'),
             path(u'C:\\Users\\Tyler\\Code\\engineer\\engineer\\sample_site\\output\\static\\theme'),
             path(u'C:\\Users\\Tyler\\Code\\engineer\\engineer\\sample_site\\output\\static\\theme\\images'),
             path(u'C:\\Users\\Tyler\\Code\\engineer\\engineer\\sample_site\\output\\static\\theme\\images\\rss.png'),
             path(u'C:\\Users\\Tyler\\Code\\engineer\\engineer\\sample_site\\output\\static\\theme\\stylesheets'),
             path(u'C:\\Users\\Tyler\\Code\\engineer\\engineer\\sample_site\\output\\static\\theme\\stylesheets\\_colors.less'),
             path(u'C:\\Users\\Tyler\\Code\\engineer\\engineer\\sample_site\\output\\static\\theme\\stylesheets\\_element_styles.less'),
             path(u'C:\\Users\\Tyler\\Code\\engineer\\engineer\\sample_site\\output\\static\\theme\\stylesheets\\_typography.less'),
             path(u'C:\\Users\\Tyler\\Code\\engineer\\engineer\\sample_site\\output\\static\\theme\\stylesheets\\oleb.less'),
             path(u'C:\\Users\\Tyler\\Code\\engineer\\engineer\\sample_site\\output\\tag'),
             path(u'C:\\Users\\Tyler\\Code\\engineer\\engineer\\sample_site\\output\\tag\\example'),
             path(u'C:\\Users\\Tyler\\Code\\engineer\\engineer\\sample_site\\output\\tag\\example\\index.html'),
             path(u'C:\\Users\\Tyler\\Code\\engineer\\engineer\\sample_site\\output\\tag\\features'),
             path(u'C:\\Users\\Tyler\\Code\\engineer\\engineer\\sample_site\\output\\tag\\features\\index.html'),
             path(u'C:\\Users\\Tyler\\Code\\engineer\\engineer\\sample_site\\output\\tag\\markdown'),
             path(u'C:\\Users\\Tyler\\Code\\engineer\\engineer\\sample_site\\output\\tag\\markdown\\index.html'),
             path(u'C:\\Users\\Tyler\\Code\\engineer\\engineer\\sample_site\\output\\tag\\preview'),
             path(u'C:\\Users\\Tyler\\Code\\engineer\\engineer\\sample_site\\output\\tag\\preview\\index.html'),
             path(u'C:\\Users\\Tyler\\Code\\engineer\\engineer\\sample_site\\output\\tag\\primer'),
             path(u'C:\\Users\\Tyler\\Code\\engineer\\engineer\\sample_site\\output\\tag\\primer\\index.html'),
             path(u'C:\\Users\\Tyler\\Code\\engineer\\engineer\\sample_site\\output\\tag\\sample'),
             path(u'C:\\Users\\Tyler\\Code\\engineer\\engineer\\sample_site\\output\\tag\\sample\\index.html'),
             path(u'C:\\Users\\Tyler\\Code\\engineer\\engineer\\sample_site\\output\\tag\\themes'),
             path(u'C:\\Users\\Tyler\\Code\\engineer\\engineer\\sample_site\\output\\tag\\themes\\index.html'),
             path(u'C:\\Users\\Tyler\\Code\\engineer\\engineer\\sample_site\\output\\themes'),
             path(u'C:\\Users\\Tyler\\Code\\engineer\\engineer\\sample_site\\output\\themes\\index.html')]),
 'overwritten': set()}
21:45:19  CONSOLE          engineer.engine.build     
21:45:19  CONSOLE          engineer.engine.build     Site: 'Engineer Site' output to C:\Users\Tyler\Code\engineer\engineer\sample_site\output.
21:45:19  CONSOLE          engineer.engine.build     Posts: 6 (0 new or updated)
21:45:19  CONSOLE          engineer.engine.build     Post rollup pages: 2 (5 posts per page)
21:45:19  CONSOLE          engineer.engine.build     Template pages: 2
21:45:19  CONSOLE          engineer.engine.build     Tag pages: 7
21:45:19  CONSOLE          engineer.engine.build     144 new items, 0 modified items, and 0 deleted items.
21:45:19  CONSOLE          engineer.engine.build     
21:45:19  CONSOLE          engineer.engine.build     Full build log at C:\Users\Tyler\Code\engineer\engineer\sample_site\logs\06.22_21.45.18-debug.yaml.log.
