\BOOKMARK [1][-]{section.1}{Introduction}{}% 1
\BOOKMARK [2][-]{subsection.1.1}{System Requirements}{section.1}% 2
\BOOKMARK [2][-]{subsection.1.2}{Installing OSCAAR}{section.1}% 3
\BOOKMARK [1][-]{section.2}{Collecting Data}{}% 4
\BOOKMARK [2][-]{subsection.2.1}{Navigating The Sky}{section.2}% 5
\BOOKMARK [2][-]{subsection.2.2}{Telescope Tracking}{section.2}% 6
\BOOKMARK [2][-]{subsection.2.3}{Defocusing}{section.2}% 7
\BOOKMARK [2][-]{subsection.2.4}{Theory: Photon Noise}{section.2}% 8
\BOOKMARK [2][-]{subsection.2.5}{Dark Fields and Flat Frames}{section.2}% 9
\BOOKMARK [2][-]{subsection.2.6}{Imaging Software}{section.2}% 10
\BOOKMARK [1][-]{section.3}{The OSCAAR GUI}{}% 11
\BOOKMARK [2][-]{subsection.3.1}{Transit predictions with The OSCAAR Custom Ephemeris Calculator}{section.3}% 12
\BOOKMARK [3][-]{subsubsection.3.1.1}{Advanced Options}{subsection.3.1}% 13
\BOOKMARK [2][-]{subsection.3.2}{Choosing Your Input Files}{section.3}% 14
\BOOKMARK [2][-]{subsection.3.3}{Locating Your Stars with DS9}{section.3}% 15
\BOOKMARK [2][-]{subsection.3.4}{Making a Master Flat}{section.3}% 16
\BOOKMARK [2][-]{subsection.3.5}{Running Parameters}{section.3}% 17
\BOOKMARK [3][-]{subsubsection.3.5.1}{Smoothing Constant}{subsection.3.5}% 18
\BOOKMARK [3][-]{subsubsection.3.5.2}{Tracking and Photometry Plots}{subsection.3.5}% 19
\BOOKMARK [3][-]{subsubsection.3.5.3}{Track Zoom}{subsection.3.5}% 20
\BOOKMARK [3][-]{subsubsection.3.5.4}{Aperture Radius}{subsection.3.5}% 21
\BOOKMARK [4][-]{section*.2}{Multiple Aperture Radii}{subsubsection.3.5.4}% 22
\BOOKMARK [3][-]{subsubsection.3.5.5}{Ingress and Egress Times}{subsection.3.5}% 23
\BOOKMARK [3][-]{subsubsection.3.5.6}{Extra Observatory Parameters}{subsection.3.5}% 24
\BOOKMARK [4][-]{section*.3}{CCD Gain}{subsubsection.3.5.6}% 25
\BOOKMARK [4][-]{section*.4}{Exposure Time Keyword}{subsubsection.3.5.6}% 26
\BOOKMARK [2][-]{subsection.3.6}{Results}{section.3}% 27
\BOOKMARK [2][-]{subsection.3.7}{Loading Previously Saved Results}{section.3}% 28
\BOOKMARK [1][-]{section.4}{Light Curve Fitting}{}% 29
\BOOKMARK [2][-]{subsection.4.1}{Introduction To Fitting With Markov Chain Monte Carlo \(MCMC\)}{section.4}% 30
\BOOKMARK [2][-]{subsection.4.2}{Using OSCAAR's MCMC Module}{section.4}% 31
\BOOKMARK [2][-]{subsection.4.3}{Understanding MCMC Results}{section.4}% 32
\BOOKMARK [1][-]{section.5}{Algorithm Notes}{}% 33
\BOOKMARK [2][-]{subsection.5.1}{oscaar.photometry.phot\(\)}{section.5}% 34
\BOOKMARK [2][-]{subsection.5.2}{oscaar.astrometry.trackSmooth\(\)}{section.5}% 35
\BOOKMARK [2][-]{subsection.5.3}{The dataBank Object}{section.5}% 36
\BOOKMARK [3][-]{subsubsection.5.3.1}{dataBank.scaleFluxes\(\)}{subsection.5.3}% 37
\BOOKMARK [3][-]{subsubsection.5.3.2}{dataBank.calcMeanComparison\(\)}{subsection.5.3}% 38
\BOOKMARK [3][-]{subsubsection.5.3.3}{dataBank.computeLightCurve\(\)}{subsection.5.3}% 39
\BOOKMARK [1][-]{section.6}{Troubleshooting}{}% 40
\BOOKMARK [1][-]{section.7}{Contributing to OSCAAR}{}% 41
\BOOKMARK [1][-]{section.8}{Acknowledgements}{}% 42
