\BOOKMARK [0][-]{chapter.1}{Introduction}{}
\BOOKMARK [1][-]{section.1.1}{Why another python framework?}{chapter.1}
\BOOKMARK [1][-]{section.1.2}{Fantastico's initial ideas}{chapter.1}
\BOOKMARK [0][-]{chapter.2}{Getting started}{}
\BOOKMARK [1][-]{section.2.1}{Installation manual}{chapter.2}
\BOOKMARK [1][-]{section.2.2}{Fantastico settings}{chapter.2}
\BOOKMARK [1][-]{section.2.3}{Contribute}{chapter.2}
\BOOKMARK [1][-]{section.2.4}{Development mode}{chapter.2}
\BOOKMARK [0][-]{chapter.3}{Fantastico features}{}
\BOOKMARK [1][-]{section.3.1}{Exceptions hierarchy}{chapter.3}
\BOOKMARK [1][-]{section.3.2}{Request lifecycle}{chapter.3}
\BOOKMARK [1][-]{section.3.3}{Routing engine}{chapter.3}
\BOOKMARK [1][-]{section.3.4}{Model View Controller}{chapter.3}
\BOOKMARK [1][-]{section.3.5}{Component model}{chapter.3}
\BOOKMARK [0][-]{chapter.4}{How to articles}{}
\BOOKMARK [1][-]{section.4.1}{MVC How to}{chapter.4}
\BOOKMARK [1][-]{section.4.2}{Deployment how to}{chapter.4}
\BOOKMARK [1][-]{section.4.3}{Static assets}{chapter.4}
\BOOKMARK [1][-]{section.4.4}{Creating a new project}{chapter.4}
\BOOKMARK [0][-]{chapter.5}{Changes}{}
\BOOKMARK [0][-]{chapter.6}{Build status}{}
\BOOKMARK [0][-]{chapter.7}{License}{}
\BOOKMARK [0][-]{section*.111}{Index}{}
