This file contains any messages produced by compilers while
running configure, to aid debugging if configure makes a mistake.

It was created by murmur3 configure 1.0.0, which was
generated by GNU Autoconf 2.69.  Invocation command line was

  $ ./configure 

## --------- ##
## Platform. ##
## --------- ##

hostname = localhost.localdomain
uname -m = x86_64
uname -r = 3.11.6-1-ARCH
uname -s = Linux
uname -v = #1 SMP PREEMPT Fri Oct 18 23:22:36 CEST 2013

/usr/bin/uname -p = unknown
/bin/uname -X     = unknown

/bin/arch              = unknown
/usr/bin/arch -k       = unknown
/usr/convex/getsysinfo = unknown
/usr/bin/hostinfo      = unknown
/bin/machine           = unknown
/usr/bin/oslevel       = unknown
/bin/universe          = unknown

PATH: /home/blackwithwhite/Work/ged-soa/stats/bin
PATH: /home/blackwithwhite/.pythonz/bin
PATH: /usr/local/sbin
PATH: /usr/local/bin
PATH: /usr/bin
PATH: /opt/android-sdk/platform-tools
PATH: /usr/bin/core_perl
PATH: /usr/local/arcanist/arcanist/bin/


## ----------- ##
## Core tests. ##
## ----------- ##

configure:2295: checking for a BSD-compatible install
configure:2363: result: /usr/bin/install -c
configure:2374: checking whether build environment is sane
configure:2429: result: yes
configure:2580: checking for a thread-safe mkdir -p
configure:2619: result: /usr/bin/mkdir -p
configure:2626: checking for gawk
configure:2642: found /usr/bin/gawk
configure:2653: result: gawk
configure:2664: checking whether make sets $(MAKE)
configure:2686: result: yes
configure:2715: checking whether make supports nested variables
configure:2732: result: yes
configure:2879: checking for style of include used by make
configure:2907: result: GNU
configure:2978: checking for gcc
configure:2994: found /usr/bin/gcc
configure:3005: result: gcc
configure:3234: checking for C compiler version
configure:3243: gcc --version >&5
gcc (GCC) 4.8.2
Copyright (C) 2013 Free Software Foundation, Inc.
This is free software; see the source for copying conditions.  There is NO
warranty; not even for MERCHANTABILITY or FITNESS FOR A PARTICULAR PURPOSE.

configure:3254: $? = 0
configure:3243: gcc -v >&5
Using built-in specs.
COLLECT_GCC=gcc
COLLECT_LTO_WRAPPER=/usr/lib/gcc/x86_64-unknown-linux-gnu/4.8.2/lto-wrapper
Target: x86_64-unknown-linux-gnu
Configured with: /build/gcc/src/gcc-4.8.2/configure --prefix=/usr --libdir=/usr/lib --libexecdir=/usr/lib --mandir=/usr/share/man --infodir=/usr/share/info --with-bugurl=https://bugs.archlinux.org/ --enable-languages=c,c++,ada,fortran,go,lto,objc,obj-c++ --enable-shared --enable-threads=posix --with-system-zlib --enable-__cxa_atexit --disable-libunwind-exceptions --enable-clocale=gnu --disable-libstdcxx-pch --enable-gnu-unique-object --enable-linker-build-id --enable-cloog-backend=isl --disable-cloog-version-check --enable-lto --enable-gold --enable-ld=default --enable-plugin --with-plugin-ld=ld.gold --with-linker-hash-style=gnu --disable-install-libiberty --disable-multilib --disable-libssp --disable-werror --enable-checking=release
Thread model: posix
gcc version 4.8.2 (GCC) 
configure:3254: $? = 0
configure:3243: gcc -V >&5
gcc: error: unrecognized command line option '-V'
gcc: fatal error: no input files
compilation terminated.
configure:3254: $? = 1
configure:3243: gcc -qversion >&5
gcc: error: unrecognized command line option '-qversion'
gcc: fatal error: no input files
compilation terminated.
configure:3254: $? = 1
configure:3274: checking whether the C compiler works
configure:3296: gcc  -fPIC  conftest.c  >&5
configure:3300: $? = 0
configure:3348: result: yes
configure:3351: checking for C compiler default output file name
configure:3353: result: a.out
configure:3359: checking for suffix of executables
configure:3366: gcc -o conftest  -fPIC  conftest.c  >&5
configure:3370: $? = 0
configure:3392: result: 
configure:3414: checking whether we are cross compiling
configure:3422: gcc -o conftest  -fPIC  conftest.c  >&5
configure:3426: $? = 0
configure:3433: ./conftest
configure:3437: $? = 0
configure:3452: result: no
configure:3457: checking for suffix of object files
configure:3479: gcc -c  -fPIC conftest.c >&5
configure:3483: $? = 0
configure:3504: result: o
configure:3508: checking whether we are using the GNU C compiler
configure:3527: gcc -c  -fPIC conftest.c >&5
configure:3527: $? = 0
configure:3536: result: yes
configure:3545: checking whether gcc accepts -g
configure:3565: gcc -c -g -fPIC conftest.c >&5
configure:3565: $? = 0
configure:3606: result: yes
configure:3623: checking for gcc option to accept ISO C89
configure:3686: gcc  -c -g -O2 -fPIC conftest.c >&5
configure:3686: $? = 0
configure:3699: result: none needed
configure:3724: checking whether gcc understands -c and -o together
configure:3746: gcc -c conftest.c -o conftest2.o
configure:3749: $? = 0
configure:3746: gcc -c conftest.c -o conftest2.o
configure:3749: $? = 0
configure:3761: result: yes
configure:3780: checking dependency style of gcc
configure:3891: result: gcc3
configure:3911: checking how to run the C preprocessor
configure:3942: gcc -E -fPIC conftest.c
configure:3942: $? = 0
configure:3956: gcc -E -fPIC conftest.c
conftest.c:11:28: fatal error: ac_nonexistent.h: No such file or directory
 #include <ac_nonexistent.h>
                            ^
compilation terminated.
configure:3956: $? = 1
configure: failed program was:
| /* confdefs.h */
| #define PACKAGE_NAME "murmur3"
| #define PACKAGE_TARNAME "murmur3"
| #define PACKAGE_VERSION "1.0.0"
| #define PACKAGE_STRING "murmur3 1.0.0"
| #define PACKAGE_BUGREPORT ""
| #define PACKAGE_URL ""
| #define PACKAGE "murmur3"
| #define VERSION "1.0.0"
| /* end confdefs.h.  */
| #include <ac_nonexistent.h>
configure:3981: result: gcc -E
configure:4001: gcc -E -fPIC conftest.c
configure:4001: $? = 0
configure:4015: gcc -E -fPIC conftest.c
conftest.c:11:28: fatal error: ac_nonexistent.h: No such file or directory
 #include <ac_nonexistent.h>
                            ^
compilation terminated.
configure:4015: $? = 1
configure: failed program was:
| /* confdefs.h */
| #define PACKAGE_NAME "murmur3"
| #define PACKAGE_TARNAME "murmur3"
| #define PACKAGE_VERSION "1.0.0"
| #define PACKAGE_STRING "murmur3 1.0.0"
| #define PACKAGE_BUGREPORT ""
| #define PACKAGE_URL ""
| #define PACKAGE "murmur3"
| #define VERSION "1.0.0"
| /* end confdefs.h.  */
| #include <ac_nonexistent.h>
configure:4101: checking for g++
configure:4117: found /usr/bin/g++
configure:4128: result: g++
configure:4155: checking for C++ compiler version
configure:4164: g++ --version >&5
g++ (GCC) 4.8.2
Copyright (C) 2013 Free Software Foundation, Inc.
This is free software; see the source for copying conditions.  There is NO
warranty; not even for MERCHANTABILITY or FITNESS FOR A PARTICULAR PURPOSE.

configure:4175: $? = 0
configure:4164: g++ -v >&5
Using built-in specs.
COLLECT_GCC=g++
COLLECT_LTO_WRAPPER=/usr/lib/gcc/x86_64-unknown-linux-gnu/4.8.2/lto-wrapper
Target: x86_64-unknown-linux-gnu
Configured with: /build/gcc/src/gcc-4.8.2/configure --prefix=/usr --libdir=/usr/lib --libexecdir=/usr/lib --mandir=/usr/share/man --infodir=/usr/share/info --with-bugurl=https://bugs.archlinux.org/ --enable-languages=c,c++,ada,fortran,go,lto,objc,obj-c++ --enable-shared --enable-threads=posix --with-system-zlib --enable-__cxa_atexit --disable-libunwind-exceptions --enable-clocale=gnu --disable-libstdcxx-pch --enable-gnu-unique-object --enable-linker-build-id --enable-cloog-backend=isl --disable-cloog-version-check --enable-lto --enable-gold --enable-ld=default --enable-plugin --with-plugin-ld=ld.gold --with-linker-hash-style=gnu --disable-install-libiberty --disable-multilib --disable-libssp --disable-werror --enable-checking=release
Thread model: posix
gcc version 4.8.2 (GCC) 
configure:4175: $? = 0
configure:4164: g++ -V >&5
g++: error: unrecognized command line option '-V'
g++: fatal error: no input files
compilation terminated.
configure:4175: $? = 1
configure:4164: g++ -qversion >&5
g++: error: unrecognized command line option '-qversion'
g++: fatal error: no input files
compilation terminated.
configure:4175: $? = 1
configure:4179: checking whether we are using the GNU C++ compiler
configure:4198: g++ -c  -fPIC conftest.cpp >&5
configure:4198: $? = 0
configure:4207: result: yes
configure:4216: checking whether g++ accepts -g
configure:4236: g++ -c -g -fPIC conftest.cpp >&5
configure:4236: $? = 0
configure:4277: result: yes
configure:4302: checking dependency style of g++
configure:4413: result: gcc3
configure:4512: checking for ar
configure:4528: found /usr/bin/ar
configure:4539: result: ar
configure:4565: checking the archiver (ar) interface
configure:4581: gcc -c -g -O2 -fPIC conftest.c >&5
configure:4581: $? = 0
configure:4583: ar cru libconftest.a conftest.o >&5
configure:4586: $? = 0
configure:4614: result: ar
configure:4645: checking whether make supports nested variables
configure:4662: result: yes
configure:4702: checking build system type
configure:4716: result: x86_64-unknown-linux-gnu
configure:4736: checking host system type
configure:4749: result: x86_64-unknown-linux-gnu
configure:4790: checking how to print strings
configure:4817: result: printf
configure:4838: checking for a sed that does not truncate output
configure:4902: result: /usr/bin/sed
configure:4920: checking for grep that handles long lines and -e
configure:4978: result: /usr/bin/grep
configure:4983: checking for egrep
configure:5045: result: /usr/bin/grep -E
configure:5050: checking for fgrep
configure:5112: result: /usr/bin/grep -F
configure:5147: checking for ld used by gcc
configure:5214: result: /usr/bin/ld
configure:5221: checking if the linker (/usr/bin/ld) is GNU ld
configure:5236: result: yes
configure:5248: checking for BSD- or MS-compatible name lister (nm)
configure:5297: result: /usr/bin/nm -B
configure:5427: checking the name lister (/usr/bin/nm -B) interface
configure:5434: g++ -c -g -O2 -fPIC conftest.cpp >&5
configure:5437: /usr/bin/nm -B "conftest.o"
configure:5440: output
0000000000000000 B some_variable
configure:5447: result: BSD nm
configure:5450: checking whether ln -s works
configure:5454: result: yes
configure:5462: checking the maximum length of command line arguments
configure:5592: result: 1572864
configure:5609: checking whether the shell understands some XSI constructs
configure:5619: result: yes
configure:5623: checking whether the shell understands "+="
configure:5629: result: yes
configure:5664: checking how to convert x86_64-unknown-linux-gnu file names to x86_64-unknown-linux-gnu format
configure:5704: result: func_convert_file_noop
configure:5711: checking how to convert x86_64-unknown-linux-gnu file names to toolchain format
configure:5731: result: func_convert_file_noop
configure:5738: checking for /usr/bin/ld option to reload object files
configure:5745: result: -r
configure:5819: checking for objdump
configure:5835: found /usr/bin/objdump
configure:5846: result: objdump
configure:5878: checking how to recognize dependent libraries
configure:6080: result: pass_all
configure:6165: checking for dlltool
configure:6195: result: no
configure:6225: checking how to associate runtime and link libraries
configure:6252: result: printf %s\n
configure:6377: checking for archiver @FILE support
configure:6394: g++ -c -g -O2 -fPIC conftest.cpp >&5
configure:6394: $? = 0
configure:6397: ar cru libconftest.a @conftest.lst >&5
configure:6400: $? = 0
configure:6405: ar cru libconftest.a @conftest.lst >&5
ar: conftest.o: No such file or directory
configure:6408: $? = 1
configure:6420: result: @
configure:6478: checking for strip
configure:6494: found /usr/bin/strip
configure:6505: result: strip
configure:6577: checking for ranlib
configure:6593: found /usr/bin/ranlib
configure:6604: result: ranlib
configure:6706: checking command to parse /usr/bin/nm -B output from gcc object
configure:6826: g++ -c -g -O2 -fPIC conftest.cpp >&5
configure:6829: $? = 0
configure:6833: /usr/bin/nm -B conftest.o \| sed -n -e 's/^.*[ ]\([ABCDGIRSTW][ABCDGIRSTW]*\)[ ][ ]*\([_A-Za-z][_A-Za-z0-9]*\)$/\1 \2 \2/p' | sed '/ __gnu_lto/d' \> conftest.nm
configure:6836: $? = 0
configure:6902: g++ -o conftest -g -O2 -fPIC  conftest.cpp conftstm.o >&5
configure:6905: $? = 0
configure:6943: result: ok
configure:6980: checking for sysroot
configure:7010: result: no
configure:7087: g++ -c -g -O2 -fPIC conftest.cpp >&5
configure:7090: $? = 0
configure:7266: checking for mt
configure:7296: result: no
configure:7316: checking if : is a manifest tool
configure:7322: : '-?'
configure:7330: result: no
configure:7968: checking for ANSI C header files
configure:7988: g++ -c -g -O2 -fPIC conftest.cpp >&5
configure:7988: $? = 0
./configure: line 8002: -fPIC: command not found
configure:8072: result: no
configure:8085: checking for sys/types.h
configure:8085: g++ -c -g -O2 -fPIC conftest.cpp >&5
configure:8085: $? = 0
configure:8085: result: yes
configure:8085: checking for sys/stat.h
configure:8085: g++ -c -g -O2 -fPIC conftest.cpp >&5
configure:8085: $? = 0
configure:8085: result: yes
configure:8085: checking for stdlib.h
configure:8085: g++ -c -g -O2 -fPIC conftest.cpp >&5
configure:8085: $? = 0
configure:8085: result: yes
configure:8085: checking for string.h
configure:8085: g++ -c -g -O2 -fPIC conftest.cpp >&5
configure:8085: $? = 0
configure:8085: result: yes
configure:8085: checking for memory.h
configure:8085: g++ -c -g -O2 -fPIC conftest.cpp >&5
configure:8085: $? = 0
configure:8085: result: yes
configure:8085: checking for strings.h
configure:8085: g++ -c -g -O2 -fPIC conftest.cpp >&5
configure:8085: $? = 0
configure:8085: result: yes
configure:8085: checking for inttypes.h
configure:8085: g++ -c -g -O2 -fPIC conftest.cpp >&5
configure:8085: $? = 0
configure:8085: result: yes
configure:8085: checking for stdint.h
configure:8085: g++ -c -g -O2 -fPIC conftest.cpp >&5
configure:8085: $? = 0
configure:8085: result: yes
configure:8085: checking for unistd.h
configure:8085: g++ -c -g -O2 -fPIC conftest.cpp >&5
configure:8085: $? = 0
configure:8085: result: yes
configure:8099: checking for dlfcn.h
configure:8099: g++ -c -g -O2 -fPIC conftest.cpp >&5
configure:8099: $? = 0
configure:8099: result: yes
configure:8285: checking for objdir
configure:8300: result: .libs
configure:8571: checking if gcc supports -fno-rtti -fno-exceptions
configure:8589: gcc -c -g -O2 -fPIC -fno-rtti -fno-exceptions conftest.c >&5
cc1: warning: command line option '-fno-rtti' is valid for C++/ObjC++ but not for C [enabled by default]
configure:8593: $? = 0
configure:8606: result: no
configure:8933: checking for gcc option to produce PIC
configure:8940: result: -fPIC -DPIC
configure:8948: checking if gcc PIC flag -fPIC -DPIC works
configure:8966: gcc -c -g -O2 -fPIC -fPIC -DPIC -DPIC conftest.c >&5
configure:8970: $? = 0
configure:8983: result: yes
configure:9012: checking if gcc static flag -static works
configure:9040: result: yes
configure:9055: checking if gcc supports -c -o file.o
configure:9076: gcc -c -g -O2 -fPIC -o out/conftest2.o conftest.c >&5
configure:9080: $? = 0
configure:9102: result: yes
configure:9110: checking if gcc supports -c -o file.o
configure:9157: result: yes
configure:9190: checking whether the gcc linker (/usr/bin/ld -m elf_x86_64) supports shared libraries
configure:10343: result: yes
configure:10380: checking whether -lc should be explicitly linked in
configure:10388: gcc -c -g -O2 -fPIC conftest.c >&5
configure:10391: $? = 0
configure:10406: gcc -shared  -fPIC -DPIC conftest.o  -v -Wl,-soname -Wl,conftest -o conftest 2\>\&1 \| /usr/bin/grep  -lc  \>/dev/null 2\>\&1
configure:10409: $? = 0
configure:10423: result: no
configure:10583: checking dynamic linker characteristics
configure:11094: gcc -o conftest -g -O2 -fPIC  -Wl,-rpath -Wl,/foo conftest.c  >&5
configure:11094: $? = 0
configure:11316: result: GNU/Linux ld.so
configure:11423: checking how to hardcode library paths into programs
configure:11448: result: immediate
configure:11988: checking whether stripping libraries is possible
configure:11993: result: yes
configure:12028: checking if libtool supports shared libraries
configure:12030: result: yes
configure:12033: checking whether to build shared libraries
configure:12054: result: yes
configure:12057: checking whether to build static libraries
configure:12061: result: yes
configure:12084: checking how to run the C++ preprocessor
configure:12111: g++ -E -fPIC conftest.cpp
configure:12111: $? = 0
configure:12125: g++ -E -fPIC conftest.cpp
conftest.cpp:22:28: fatal error: ac_nonexistent.h: No such file or directory
 #include <ac_nonexistent.h>
                            ^
compilation terminated.
configure:12125: $? = 1
configure: failed program was:
| /* confdefs.h */
| #define PACKAGE_NAME "murmur3"
| #define PACKAGE_TARNAME "murmur3"
| #define PACKAGE_VERSION "1.0.0"
| #define PACKAGE_STRING "murmur3 1.0.0"
| #define PACKAGE_BUGREPORT ""
| #define PACKAGE_URL ""
| #define PACKAGE "murmur3"
| #define VERSION "1.0.0"
| #define HAVE_SYS_TYPES_H 1
| #define HAVE_SYS_STAT_H 1
| #define HAVE_STDLIB_H 1
| #define HAVE_STRING_H 1
| #define HAVE_MEMORY_H 1
| #define HAVE_STRINGS_H 1
| #define HAVE_INTTYPES_H 1
| #define HAVE_STDINT_H 1
| #define HAVE_UNISTD_H 1
| #define HAVE_DLFCN_H 1
| #define LT_OBJDIR ".libs/"
| /* end confdefs.h.  */
| #include <ac_nonexistent.h>
configure:12150: result: g++ -E
configure:12170: g++ -E -fPIC conftest.cpp
configure:12170: $? = 0
configure:12184: g++ -E -fPIC conftest.cpp
conftest.cpp:22:28: fatal error: ac_nonexistent.h: No such file or directory
 #include <ac_nonexistent.h>
                            ^
compilation terminated.
configure:12184: $? = 1
configure: failed program was:
| /* confdefs.h */
| #define PACKAGE_NAME "murmur3"
| #define PACKAGE_TARNAME "murmur3"
| #define PACKAGE_VERSION "1.0.0"
| #define PACKAGE_STRING "murmur3 1.0.0"
| #define PACKAGE_BUGREPORT ""
| #define PACKAGE_URL ""
| #define PACKAGE "murmur3"
| #define VERSION "1.0.0"
| #define HAVE_SYS_TYPES_H 1
| #define HAVE_SYS_STAT_H 1
| #define HAVE_STDLIB_H 1
| #define HAVE_STRING_H 1
| #define HAVE_MEMORY_H 1
| #define HAVE_STRINGS_H 1
| #define HAVE_INTTYPES_H 1
| #define HAVE_STDINT_H 1
| #define HAVE_UNISTD_H 1
| #define HAVE_DLFCN_H 1
| #define LT_OBJDIR ".libs/"
| /* end confdefs.h.  */
| #include <ac_nonexistent.h>
configure:12353: checking for ld used by g++
configure:12420: result: /usr/bin/ld -m elf_x86_64
configure:12427: checking if the linker (/usr/bin/ld -m elf_x86_64) is GNU ld
configure:12442: result: yes
configure:12497: checking whether the g++ linker (/usr/bin/ld -m elf_x86_64) supports shared libraries
configure:13502: result: yes
configure:13538: g++ -c -g -O2 -fPIC conftest.cpp >&5
configure:13541: $? = 0
configure:14061: checking for g++ option to produce PIC
configure:14068: result: -fPIC -DPIC
configure:14076: checking if g++ PIC flag -fPIC -DPIC works
configure:14094: g++ -c -g -O2 -fPIC -fPIC -DPIC -DPIC conftest.cpp >&5
configure:14098: $? = 0
configure:14111: result: yes
configure:14134: checking if g++ static flag -static works
configure:14162: result: yes
configure:14174: checking if g++ supports -c -o file.o
configure:14195: g++ -c -g -O2 -fPIC -o out/conftest2.o conftest.cpp >&5
configure:14199: $? = 0
configure:14221: result: yes
configure:14226: checking if g++ supports -c -o file.o
configure:14273: result: yes
configure:14303: checking whether the g++ linker (/usr/bin/ld -m elf_x86_64) supports shared libraries
configure:14339: result: yes
configure:14480: checking dynamic linker characteristics
configure:15147: result: GNU/Linux ld.so
configure:15200: checking how to hardcode library paths into programs
configure:15225: result: immediate
configure:15434: checking that generated files are newer than configure
configure:15440: result: done
configure:15467: creating ./config.status

## ---------------------- ##
## Running config.status. ##
## ---------------------- ##

This file was extended by murmur3 config.status 1.0.0, which was
generated by GNU Autoconf 2.69.  Invocation command line was

  CONFIG_FILES    = 
  CONFIG_HEADERS  = 
  CONFIG_LINKS    = 
  CONFIG_COMMANDS = 
  $ ./config.status 

on localhost.localdomain

config.status:1065: creating Makefile
config.status:1237: executing depfiles commands
config.status:1237: executing libtool commands

## ---------------- ##
## Cache variables. ##
## ---------------- ##

ac_cv_build=x86_64-unknown-linux-gnu
ac_cv_c_compiler_gnu=yes
ac_cv_cxx_compiler_gnu=yes
ac_cv_env_CCC_set=
ac_cv_env_CCC_value=
ac_cv_env_CC_set=
ac_cv_env_CC_value=
ac_cv_env_CFLAGS_set=
ac_cv_env_CFLAGS_value=
ac_cv_env_CPPFLAGS_set=set
ac_cv_env_CPPFLAGS_value=-fPIC
ac_cv_env_CPP_set=
ac_cv_env_CPP_value=
ac_cv_env_CXXCPP_set=
ac_cv_env_CXXCPP_value=
ac_cv_env_CXXFLAGS_set=
ac_cv_env_CXXFLAGS_value=
ac_cv_env_CXX_set=
ac_cv_env_CXX_value=
ac_cv_env_LDFLAGS_set=
ac_cv_env_LDFLAGS_value=
ac_cv_env_LIBS_set=
ac_cv_env_LIBS_value=
ac_cv_env_build_alias_set=
ac_cv_env_build_alias_value=
ac_cv_env_host_alias_set=
ac_cv_env_host_alias_value=
ac_cv_env_target_alias_set=
ac_cv_env_target_alias_value=
ac_cv_header_dlfcn_h=yes
ac_cv_header_inttypes_h=yes
ac_cv_header_memory_h=yes
ac_cv_header_stdc=no
ac_cv_header_stdint_h=yes
ac_cv_header_stdlib_h=yes
ac_cv_header_string_h=yes
ac_cv_header_strings_h=yes
ac_cv_header_sys_stat_h=yes
ac_cv_header_sys_types_h=yes
ac_cv_header_unistd_h=yes
ac_cv_host=x86_64-unknown-linux-gnu
ac_cv_objext=o
ac_cv_path_EGREP='/usr/bin/grep -E'
ac_cv_path_FGREP='/usr/bin/grep -F'
ac_cv_path_GREP=/usr/bin/grep
ac_cv_path_SED=/usr/bin/sed
ac_cv_path_install='/usr/bin/install -c'
ac_cv_path_mkdir=/usr/bin/mkdir
ac_cv_prog_AWK=gawk
ac_cv_prog_CPP='gcc -E'
ac_cv_prog_CXXCPP='g++ -E'
ac_cv_prog_ac_ct_AR=ar
ac_cv_prog_ac_ct_CC=gcc
ac_cv_prog_ac_ct_CXX=g++
ac_cv_prog_ac_ct_OBJDUMP=objdump
ac_cv_prog_ac_ct_RANLIB=ranlib
ac_cv_prog_ac_ct_STRIP=strip
ac_cv_prog_cc_c89=
ac_cv_prog_cc_g=yes
ac_cv_prog_cxx_g=yes
ac_cv_prog_make_make_set=yes
am_cv_CC_dependencies_compiler_type=gcc3
am_cv_CXX_dependencies_compiler_type=gcc3
am_cv_ar_interface=ar
am_cv_make_support_nested_variables=yes
am_cv_prog_cc_c_o=yes
lt_cv_ar_at_file=@
lt_cv_archive_cmds_need_lc=no
lt_cv_deplibs_check_method=pass_all
lt_cv_file_magic_cmd='$MAGIC_CMD'
lt_cv_file_magic_test_file=
lt_cv_ld_reload_flag=-r
lt_cv_nm_interface='BSD nm'
lt_cv_objdir=.libs
lt_cv_path_LD=/usr/bin/ld
lt_cv_path_LDCXX='/usr/bin/ld -m elf_x86_64'
lt_cv_path_NM='/usr/bin/nm -B'
lt_cv_path_mainfest_tool=no
lt_cv_prog_compiler_c_o=yes
lt_cv_prog_compiler_c_o_CXX=yes
lt_cv_prog_compiler_pic='-fPIC -DPIC'
lt_cv_prog_compiler_pic_CXX='-fPIC -DPIC'
lt_cv_prog_compiler_pic_works=yes
lt_cv_prog_compiler_pic_works_CXX=yes
lt_cv_prog_compiler_rtti_exceptions=no
lt_cv_prog_compiler_static_works=yes
lt_cv_prog_compiler_static_works_CXX=yes
lt_cv_prog_gnu_ld=yes
lt_cv_prog_gnu_ldcxx=yes
lt_cv_sharedlib_from_linklib_cmd='printf %s\n'
lt_cv_shlibpath_overrides_runpath=no
lt_cv_sys_global_symbol_pipe='sed -n -e '\''s/^.*[	 ]\([ABCDGIRSTW][ABCDGIRSTW]*\)[	 ][	 ]*\([_A-Za-z][_A-Za-z0-9]*\)$/\1 \2 \2/p'\'' | sed '\''/ __gnu_lto/d'\'''
lt_cv_sys_global_symbol_to_c_name_address='sed -n -e '\''s/^: \([^ ]*\)[ ]*$/  {\"\1\", (void *) 0},/p'\'' -e '\''s/^[ABCDGIRSTW]* \([^ ]*\) \([^ ]*\)$/  {"\2", (void *) \&\2},/p'\'''
lt_cv_sys_global_symbol_to_c_name_address_lib_prefix='sed -n -e '\''s/^: \([^ ]*\)[ ]*$/  {\"\1\", (void *) 0},/p'\'' -e '\''s/^[ABCDGIRSTW]* \([^ ]*\) \(lib[^ ]*\)$/  {"\2", (void *) \&\2},/p'\'' -e '\''s/^[ABCDGIRSTW]* \([^ ]*\) \([^ ]*\)$/  {"lib\2", (void *) \&\2},/p'\'''
lt_cv_sys_global_symbol_to_cdecl='sed -n -e '\''s/^T .* \(.*\)$/extern int \1();/p'\'' -e '\''s/^[ABCDGIRSTW]* .* \(.*\)$/extern char \1;/p'\'''
lt_cv_sys_max_cmd_len=1572864
lt_cv_to_host_file_cmd=func_convert_file_noop
lt_cv_to_tool_file_cmd=func_convert_file_noop

## ----------------- ##
## Output variables. ##
## ----------------- ##

ACLOCAL='${SHELL} /home/blackwithwhite/Work/ged-soa/stats/src/pyhll/deps/murmurhash/missing aclocal-1.14'
AMDEPBACKSLASH='\'
AMDEP_FALSE='#'
AMDEP_TRUE=''
AMTAR='$${TAR-tar}'
AM_BACKSLASH='\'
AM_DEFAULT_V='$(AM_DEFAULT_VERBOSITY)'
AM_DEFAULT_VERBOSITY='0'
AM_V='$(V)'
AR='ar'
AUTOCONF='${SHELL} /home/blackwithwhite/Work/ged-soa/stats/src/pyhll/deps/murmurhash/missing autoconf'
AUTOHEADER='${SHELL} /home/blackwithwhite/Work/ged-soa/stats/src/pyhll/deps/murmurhash/missing autoheader'
AUTOMAKE='${SHELL} /home/blackwithwhite/Work/ged-soa/stats/src/pyhll/deps/murmurhash/missing automake-1.14'
AWK='gawk'
CC='gcc'
CCDEPMODE='depmode=gcc3'
CFLAGS='-g -O2'
CPP='gcc -E'
CPPFLAGS='-fPIC'
CXX='g++'
CXXCPP='g++ -E'
CXXDEPMODE='depmode=gcc3'
CXXFLAGS='-g -O2'
CYGPATH_W='echo'
DEFS='-DPACKAGE_NAME=\"murmur3\" -DPACKAGE_TARNAME=\"murmur3\" -DPACKAGE_VERSION=\"1.0.0\" -DPACKAGE_STRING=\"murmur3\ 1.0.0\" -DPACKAGE_BUGREPORT=\"\" -DPACKAGE_URL=\"\" -DPACKAGE=\"murmur3\" -DVERSION=\"1.0.0\" -DHAVE_SYS_TYPES_H=1 -DHAVE_SYS_STAT_H=1 -DHAVE_STDLIB_H=1 -DHAVE_STRING_H=1 -DHAVE_MEMORY_H=1 -DHAVE_STRINGS_H=1 -DHAVE_INTTYPES_H=1 -DHAVE_STDINT_H=1 -DHAVE_UNISTD_H=1 -DHAVE_DLFCN_H=1 -DLT_OBJDIR=\".libs/\"'
DEPDIR='.deps'
DLLTOOL='false'
DSYMUTIL=''
DUMPBIN=''
ECHO_C=''
ECHO_N='-n'
ECHO_T=''
EGREP='/usr/bin/grep -E'
EXEEXT=''
FGREP='/usr/bin/grep -F'
GREP='/usr/bin/grep'
INSTALL_DATA='${INSTALL} -m 644'
INSTALL_PROGRAM='${INSTALL}'
INSTALL_SCRIPT='${INSTALL}'
INSTALL_STRIP_PROGRAM='$(install_sh) -c -s'
LD='/usr/bin/ld -m elf_x86_64'
LDFLAGS=''
LIBOBJS=''
LIBS=''
LIBTOOL='$(SHELL) $(top_builddir)/libtool'
LIPO=''
LN_S='ln -s'
LTLIBOBJS=''
MAKEINFO='${SHELL} /home/blackwithwhite/Work/ged-soa/stats/src/pyhll/deps/murmurhash/missing makeinfo'
MANIFEST_TOOL=':'
MKDIR_P='/usr/bin/mkdir -p'
NM='/usr/bin/nm -B'
NMEDIT=''
OBJDUMP='objdump'
OBJEXT='o'
OTOOL64=''
OTOOL=''
PACKAGE='murmur3'
PACKAGE_BUGREPORT=''
PACKAGE_NAME='murmur3'
PACKAGE_STRING='murmur3 1.0.0'
PACKAGE_TARNAME='murmur3'
PACKAGE_URL=''
PACKAGE_VERSION='1.0.0'
PATH_SEPARATOR=':'
RANLIB='ranlib'
SED='/usr/bin/sed'
SET_MAKE=''
SHELL='/bin/sh'
STRIP='strip'
VERSION='1.0.0'
ac_ct_AR='ar'
ac_ct_CC='gcc'
ac_ct_CXX='g++'
ac_ct_DUMPBIN=''
am__EXEEXT_FALSE=''
am__EXEEXT_TRUE='#'
am__fastdepCC_FALSE='#'
am__fastdepCC_TRUE=''
am__fastdepCXX_FALSE='#'
am__fastdepCXX_TRUE=''
am__include='include'
am__isrc=''
am__leading_dot='.'
am__nodep='_no'
am__quote=''
am__tar='$${TAR-tar} chof - "$$tardir"'
am__untar='$${TAR-tar} xf -'
bindir='${exec_prefix}/bin'
build='x86_64-unknown-linux-gnu'
build_alias=''
build_cpu='x86_64'
build_os='linux-gnu'
build_vendor='unknown'
datadir='${datarootdir}'
datarootdir='${prefix}/share'
docdir='${datarootdir}/doc/${PACKAGE_TARNAME}'
dvidir='${docdir}'
exec_prefix='${prefix}'
host='x86_64-unknown-linux-gnu'
host_alias=''
host_cpu='x86_64'
host_os='linux-gnu'
host_vendor='unknown'
htmldir='${docdir}'
includedir='${prefix}/include'
infodir='${datarootdir}/info'
install_sh='${SHELL} /home/blackwithwhite/Work/ged-soa/stats/src/pyhll/deps/murmurhash/install-sh'
libdir='${exec_prefix}/lib'
libexecdir='${exec_prefix}/libexec'
localedir='${datarootdir}/locale'
localstatedir='${prefix}/var'
mandir='${datarootdir}/man'
mkdir_p='$(MKDIR_P)'
oldincludedir='/usr/include'
pdfdir='${docdir}'
prefix='/usr/local'
program_transform_name='s,x,x,'
psdir='${docdir}'
sbindir='${exec_prefix}/sbin'
sharedstatedir='${prefix}/com'
sysconfdir='${prefix}/etc'
target_alias=''

## ----------- ##
## confdefs.h. ##
## ----------- ##

/* confdefs.h */
#define PACKAGE_NAME "murmur3"
#define PACKAGE_TARNAME "murmur3"
#define PACKAGE_VERSION "1.0.0"
#define PACKAGE_STRING "murmur3 1.0.0"
#define PACKAGE_BUGREPORT ""
#define PACKAGE_URL ""
#define PACKAGE "murmur3"
#define VERSION "1.0.0"
#define HAVE_SYS_TYPES_H 1
#define HAVE_SYS_STAT_H 1
#define HAVE_STDLIB_H 1
#define HAVE_STRING_H 1
#define HAVE_MEMORY_H 1
#define HAVE_STRINGS_H 1
#define HAVE_INTTYPES_H 1
#define HAVE_STDINT_H 1
#define HAVE_UNISTD_H 1
#define HAVE_DLFCN_H 1
#define LT_OBJDIR ".libs/"

configure: exit 0
